{"meta": {"format": 3, "version": "7.11.0", "timestamp": "2025-10-20T12:43:18.879785", "branch_coverage": false, "show_contexts": false}, "files": {"domain/__init__.py": {"executed_lines": [0], "summary": {"covered_lines": 0, "num_statements": 0, "percent_covered": 100.0, "percent_covered_display": "100", "missing_lines": 0, "excluded_lines": 0}, "missing_lines": [], "excluded_lines": [], "functions": {"": {"executed_lines": [], "summary": {"covered_lines": 0, "num_statements": 0, "percent_covered": 100.0, "percent_covered_display": "100", "missing_lines": 0, "excluded_lines": 0}, "missing_lines": [], "excluded_lines": []}}, "classes": {"": {"executed_lines": [], "summary": {"covered_lines": 0, "num_statements": 0, "percent_covered": 100.0, "percent_covered_display": "100", "missing_lines": 0, "excluded_lines": 0}, "missing_lines": [], "excluded_lines": []}}}, "domain/energy/__init__.py": {"executed_lines": [], "summary": {"covered_lines": 0, "num_statements": 2, "percent_covered": 0.0, "percent_covered_display": "0", "missing_lines": 2, "excluded_lines": 0}, "missing_lines": [3, 5], "excluded_lines": [], "functions": {"": {"executed_lines": [], "summary": {"covered_lines": 0, "num_statements": 2, "percent_covered": 0.0, "percent_covered_display": "0", "missing_lines": 2, "excluded_lines": 0}, "missing_lines": [3, 5], "excluded_lines": []}}, "classes": {"": {"executed_lines": [], "summary": {"covered_lines": 0, "num_statements": 2, "percent_covered": 0.0, "percent_covered_display": "0", "missing_lines": 2, "excluded_lines": 0}, "missing_lines": [3, 5], "excluded_lines": []}}}, "domain/energy/forecaster.py": {"executed_lines": [], "summary": {"covered_lines": 0, "num_statements": 18, "percent_covered": 0.0, "percent_covered_display": "0", "missing_lines": 18, "excluded_lines": 0}, "missing_lines": [15, 16, 19, 27, 46, 47, 50, 51, 54, 55, 57, 58, 59, 66, 68, 84, 87, 88], "excluded_lines": [], "functions": {"PriceForecaster.predict_next_hours": {"executed_lines": [], "summary": {"covered_lines": 0, "num_statements": 10, "percent_covered": 0.0, "percent_covered_display": "0", "missing_lines": 10, "excluded_lines": 0}, "missing_lines": [46, 47, 50, 51, 54, 55, 57, 58, 59, 66], "excluded_lines": []}, "PriceForecaster.calculate_optimal_hours": {"executed_lines": [], "summary": {"covered_lines": 0, "num_statements": 3, "percent_covered": 0.0, "percent_covered_display": "0", "missing_lines": 3, "excluded_lines": 0}, "missing_lines": [84, 87, 88], "excluded_lines": []}, "": {"executed_lines": [], "summary": {"covered_lines": 0, "num_statements": 5, "percent_covered": 0.0, "percent_covered_display": "0", "missing_lines": 5, "excluded_lines": 0}, "missing_lines": [15, 16, 19, 27, 68], "excluded_lines": []}}, "classes": {"PriceForecaster": {"executed_lines": [], "summary": {"covered_lines": 0, "num_statements": 13, "percent_covered": 0.0, "percent_covered_display": "0", "missing_lines": 13, "excluded_lines": 0}, "missing_lines": [46, 47, 50, 51, 54, 55, 57, 58, 59, 66, 84, 87, 88], "excluded_lines": []}, "": {"executed_lines": [], "summary": {"covered_lines": 0, "num_statements": 5, "percent_covered": 0.0, "percent_covered_display": "0", "missing_lines": 5, "excluded_lines": 0}, "missing_lines": [15, 16, 19, 27, 68], "excluded_lines": []}}}, "domain/ml/__init__.py": {"executed_lines": [1, 3, 5], "summary": {"covered_lines": 2, "num_statements": 2, "percent_covered": 100.0, "percent_covered_display": "100", "missing_lines": 0, "excluded_lines": 0}, "missing_lines": [], "excluded_lines": [], "functions": {"": {"executed_lines": [1, 3, 5], "summary": {"covered_lines": 2, "num_statements": 2, "percent_covered": 100.0, "percent_covered_display": "100", "missing_lines": 0, "excluded_lines": 0}, "missing_lines": [], "excluded_lines": []}}, "classes": {"": {"executed_lines": [1, 3, 5], "summary": {"covered_lines": 2, "num_statements": 2, "percent_covered": 100.0, "percent_covered_display": "100", "missing_lines": 0, "excluded_lines": 0}, "missing_lines": [], "excluded_lines": []}}}, "domain/ml/model_trainer.py": {"executed_lines": [1, 15, 16, 18, 21, 22, 29, 48, 51, 55, 58, 59, 62, 63, 64, 66, 69, 71, 78], "summary": {"covered_lines": 17, "num_statements": 22, "percent_covered": 77.27272727272727, "percent_covered_display": "77", "missing_lines": 5, "excluded_lines": 0}, "missing_lines": [49, 52, 67, 93, 98], "excluded_lines": [], "functions": {"ModelTrainer.validate_model": {"executed_lines": [48, 51, 55, 58, 59, 62, 63, 64, 66, 69, 71], "summary": {"covered_lines": 11, "num_statements": 14, "percent_covered": 78.57142857142857, "percent_covered_display": "79", "missing_lines": 3, "excluded_lines": 0}, "missing_lines": [49, 52, 67], "excluded_lines": []}, "ModelTrainer.calculate_feature_importance": {"executed_lines": [], "summary": {"covered_lines": 0, "num_statements": 2, "percent_covered": 0.0, "percent_covered_display": "0", "missing_lines": 2, "excluded_lines": 0}, "missing_lines": [93, 98], "excluded_lines": []}, "": {"executed_lines": [1, 15, 16, 18, 21, 22, 29, 78], "summary": {"covered_lines": 6, "num_statements": 6, "percent_covered": 100.0, "percent_covered_display": "100", "missing_lines": 0, "excluded_lines": 0}, "missing_lines": [], "excluded_lines": []}}, "classes": {"ModelTrainer": {"executed_lines": [48, 51, 55, 58, 59, 62, 63, 64, 66, 69, 71], "summary": {"covered_lines": 11, "num_statements": 16, "percent_covered": 68.75, "percent_covered_display": "69", "missing_lines": 5, "excluded_lines": 0}, "missing_lines": [49, 52, 67, 93, 98], "excluded_lines": []}, "": {"executed_lines": [1, 15, 16, 18, 21, 22, 29, 78], "summary": {"covered_lines": 6, "num_statements": 6, "percent_covered": 100.0, "percent_covered_display": "100", "missing_lines": 0, "excluded_lines": 0}, "missing_lines": [], "excluded_lines": []}}}, "domain/weather/__init__.py": {"executed_lines": [], "summary": {"covered_lines": 0, "num_statements": 0, "percent_covered": 100.0, "percent_covered_display": "100", "missing_lines": 0, "excluded_lines": 0}, "missing_lines": [], "excluded_lines": [], "functions": {"": {"executed_lines": [], "summary": {"covered_lines": 0, "num_statements": 0, "percent_covered": 100.0, "percent_covered_display": "100", "missing_lines": 0, "excluded_lines": 0}, "missing_lines": [], "excluded_lines": []}}, "classes": {"": {"executed_lines": [], "summary": {"covered_lines": 0, "num_statements": 0, "percent_covered": 100.0, "percent_covered_display": "100", "missing_lines": 0, "excluded_lines": 0}, "missing_lines": [], "excluded_lines": []}}}, "services/__init__.py": {"executed_lines": [0], "summary": {"covered_lines": 0, "num_statements": 0, "percent_covered": 100.0, "percent_covered_display": "100", "missing_lines": 0, "excluded_lines": 0}, "missing_lines": [], "excluded_lines": [], "functions": {"": {"executed_lines": [], "summary": {"covered_lines": 0, "num_statements": 0, "percent_covered": 100.0, "percent_covered_display": "100", "missing_lines": 0, "excluded_lines": 0}, "missing_lines": [], "excluded_lines": []}}, "classes": {"": {"executed_lines": [], "summary": {"covered_lines": 0, "num_statements": 0, "percent_covered": 100.0, "percent_covered_display": "100", "missing_lines": 0, "excluded_lines": 0}, "missing_lines": [], "excluded_lines": []}}}, "services/aemet_client.py": {"executed_lines": [1, 12, 13, 14, 15, 16, 17, 18, 19, 22, 23, 24, 25, 26, 27, 28, 29, 30, 33, 34, 35, 36, 37, 38, 40, 41, 45, 46, 52, 53, 54, 55, 56, 57, 58, 61, 62, 63, 66, 67, 68, 71, 72, 73, 76, 77, 78, 81, 84, 86, 87, 94, 95, 105, 106, 107, 108, 110, 111, 114, 116, 118, 119, 122, 127, 134, 136, 137, 158, 160, 178, 180, 181, 191, 195, 197, 202, 204, 207, 210, 227, 241, 300, 332, 405, 471, 516, 526, 546, 551, 558], "summary": {"covered_lines": 86, "num_statements": 274, "percent_covered": 31.386861313868614, "percent_covered_display": "31", "missing_lines": 188, "excluded_lines": 0}, "missing_lines": [43, 48, 49, 89, 90, 91, 120, 124, 125, 129, 130, 131, 132, 138, 139, 141, 149, 150, 151, 153, 155, 156, 162, 163, 170, 171, 173, 175, 176, 183, 187, 188, 189, 198, 199, 200, 203, 205, 213, 214, 221, 222, 224, 225, 229, 236, 237, 239, 243, 244, 247, 249, 252, 253, 256, 258, 259, 260, 263, 269, 270, 273, 274, 276, 278, 279, 280, 281, 283, 284, 286, 287, 290, 292, 293, 295, 296, 298, 311, 313, 314, 317, 318, 319, 320, 322, 323, 325, 326, 328, 329, 330, 342, 344, 345, 347, 348, 349, 350, 352, 354, 357, 360, 361, 362, 363, 364, 365, 367, 370, 371, 372, 373, 376, 391, 394, 395, 396, 397, 398, 399, 401, 402, 403, 419, 420, 423, 424, 426, 427, 429, 431, 432, 434, 435, 436, 437, 439, 440, 442, 443, 444, 446, 462, 463, 465, 467, 468, 469, 485, 486, 488, 489, 491, 493, 498, 500, 501, 502, 505, 507, 508, 511, 513, 514, 518, 519, 521, 522, 523, 524, 528, 530, 531, 539, 548, 553, 554, 559, 560, 562, 563, 566, 567, 570, 571, 572, 574], "excluded_lines": [], "functions": {"AEMETTokenInfo.is_expired": {"executed_lines": [], "summary": {"covered_lines": 0, "num_statements": 1, "percent_covered": 0.0, "percent_covered_display": "0", "missing_lines": 1, "excluded_lines": 0}, "missing_lines": [43], "excluded_lines": []}, "AEMETTokenInfo.expires_soon": {"executed_lines": [], "summary": {"covered_lines": 0, "num_statements": 2, "percent_covered": 0.0, "percent_covered_display": "0", "missing_lines": 2, "excluded_lines": 0}, "missing_lines": [48, 49], "excluded_lines": []}, "AEMETWeatherData.validate_timestamp": {"executed_lines": [], "summary": {"covered_lines": 0, "num_statements": 3, "percent_covered": 0.0, "percent_covered_display": "0", "missing_lines": 3, "excluded_lines": 0}, "missing_lines": [89, 90, 91], "excluded_lines": []}, "AEMETClient.__init__": {"executed_lines": [106, 107, 108, 110, 111, 114], "summary": {"covered_lines": 6, "num_statements": 6, "percent_covered": 100.0, "percent_covered_display": "100", "missing_lines": 0, "excluded_lines": 0}, "missing_lines": [], "excluded_lines": []}, "AEMETClient.__aenter__": {"executed_lines": [118, 119], "summary": {"covered_lines": 2, "num_statements": 3, "percent_covered": 66.66666666666667, "percent_covered_display": "67", "missing_lines": 1, "excluded_lines": 0}, "missing_lines": [120], "excluded_lines": []}, "AEMETClient.__aexit__": {"executed_lines": [], "summary": {"covered_lines": 0, "num_statements": 2, "percent_covered": 0.0, "percent_covered_display": "0", "missing_lines": 2, "excluded_lines": 0}, "missing_lines": [124, 125], "excluded_lines": []}, "AEMETClient._get_api_key_hash": {"executed_lines": [], "summary": {"covered_lines": 0, "num_statements": 4, "percent_covered": 0.0, "percent_covered_display": "0", "missing_lines": 4, "excluded_lines": 0}, "missing_lines": [129, 130, 131, 132], "excluded_lines": []}, "AEMETClient._load_cached_token": {"executed_lines": [136, 137, 158], "summary": {"covered_lines": 3, "num_statements": 12, "percent_covered": 25.0, "percent_covered_display": "25", "missing_lines": 9, "excluded_lines": 0}, "missing_lines": [138, 139, 141, 149, 150, 151, 153, 155, 156], "excluded_lines": []}, "AEMETClient._save_token_cache": {"executed_lines": [], "summary": {"covered_lines": 0, "num_statements": 7, "percent_covered": 0.0, "percent_covered_display": "0", "missing_lines": 7, "excluded_lines": 0}, "missing_lines": [162, 163, 170, 171, 173, 175, 176], "excluded_lines": []}, "AEMETClient._request_new_token": {"executed_lines": [180, 181], "summary": {"covered_lines": 2, "num_statements": 6, "percent_covered": 33.333333333333336, "percent_covered_display": "33", "missing_lines": 4, "excluded_lines": 0}, "missing_lines": [183, 187, 188, 189], "excluded_lines": []}, "AEMETClient._ensure_valid_token": {"executed_lines": [195, 197, 202, 204, 207, 210], "summary": {"covered_lines": 6, "num_statements": 17, "percent_covered": 35.294117647058826, "percent_covered_display": "35", "missing_lines": 11, "excluded_lines": 0}, "missing_lines": [198, 199, 200, 203, 205, 213, 214, 221, 222, 224, 225], "excluded_lines": []}, "AEMETClient._get_headers": {"executed_lines": [], "summary": {"covered_lines": 0, "num_statements": 4, "percent_covered": 0.0, "percent_covered_display": "0", "missing_lines": 4, "excluded_lines": 0}, "missing_lines": [229, 236, 237, 239], "excluded_lines": []}, "AEMETClient._make_request": {"executed_lines": [], "summary": {"covered_lines": 0, "num_statements": 30, "percent_covered": 0.0, "percent_covered_display": "0", "missing_lines": 30, "excluded_lines": 0}, "missing_lines": [243, 244, 247, 249, 252, 253, 256, 258, 259, 260, 263, 269, 270, 273, 274, 276, 278, 279, 280, 281, 283, 284, 286, 287, 290, 292, 293, 295, 296, 298], "excluded_lines": []}, "AEMETClient.get_weather_stations": {"executed_lines": [], "summary": {"covered_lines": 0, "num_statements": 14, "percent_covered": 0.0, "percent_covered_display": "0", "missing_lines": 14, "excluded_lines": 0}, "missing_lines": [311, 313, 314, 317, 318, 319, 320, 322, 323, 325, 326, 328, 329, 330], "excluded_lines": []}, "AEMETClient.get_current_weather": {"executed_lines": [], "summary": {"covered_lines": 0, "num_statements": 29, "percent_covered": 0.0, "percent_covered_display": "0", "missing_lines": 29, "excluded_lines": 0}, "missing_lines": [342, 344, 345, 347, 348, 349, 350, 352, 354, 357, 360, 361, 362, 363, 364, 365, 367, 370, 376, 391, 394, 395, 396, 397, 398, 399, 401, 402, 403], "excluded_lines": []}, "AEMETClient.get_current_weather.safe_string": {"executed_lines": [], "summary": {"covered_lines": 0, "num_statements": 3, "percent_covered": 0.0, "percent_covered_display": "0", "missing_lines": 3, "excluded_lines": 0}, "missing_lines": [371, 372, 373], "excluded_lines": []}, "AEMETClient.get_daily_weather": {"executed_lines": [], "summary": {"covered_lines": 0, "num_statements": 25, "percent_covered": 0.0, "percent_covered_display": "0", "missing_lines": 25, "excluded_lines": 0}, "missing_lines": [419, 420, 423, 424, 426, 427, 429, 431, 432, 434, 435, 436, 437, 439, 440, 442, 443, 444, 446, 462, 463, 465, 467, 468, 469], "excluded_lines": []}, "AEMETClient.get_historical_weather_chunked": {"executed_lines": [], "summary": {"covered_lines": 0, "num_statements": 16, "percent_covered": 0.0, "percent_covered_display": "0", "missing_lines": 16, "excluded_lines": 0}, "missing_lines": [485, 486, 488, 489, 491, 493, 498, 500, 501, 502, 505, 507, 508, 511, 513, 514], "excluded_lines": []}, "AEMETClient._safe_float": {"executed_lines": [], "summary": {"covered_lines": 0, "num_statements": 6, "percent_covered": 0.0, "percent_covered_display": "0", "missing_lines": 6, "excluded_lines": 0}, "missing_lines": [518, 519, 521, 522, 523, 524], "excluded_lines": []}, "AEMETClient.get_token_status": {"executed_lines": [], "summary": {"covered_lines": 0, "num_statements": 4, "percent_covered": 0.0, "percent_covered_display": "0", "missing_lines": 4, "excluded_lines": 0}, "missing_lines": [528, 530, 531, 539], "excluded_lines": []}, "get_aemet_client": {"executed_lines": [], "summary": {"covered_lines": 0, "num_statements": 1, "percent_covered": 0.0, "percent_covered_display": "0", "missing_lines": 1, "excluded_lines": 0}, "missing_lines": [548], "excluded_lines": []}, "fetch_current_weather": {"executed_lines": [], "summary": {"covered_lines": 0, "num_statements": 2, "percent_covered": 0.0, "percent_covered_display": "0", "missing_lines": 2, "excluded_lines": 0}, "missing_lines": [553, 554], "excluded_lines": []}, "main": {"executed_lines": [], "summary": {"covered_lines": 0, "num_statements": 8, "percent_covered": 0.0, "percent_covered_display": "0", "missing_lines": 8, "excluded_lines": 0}, "missing_lines": [560, 562, 563, 566, 567, 570, 571, 572], "excluded_lines": []}, "": {"executed_lines": [1, 12, 13, 14, 15, 16, 17, 18, 19, 22, 23, 24, 25, 26, 27, 28, 29, 30, 33, 34, 35, 36, 37, 38, 40, 41, 45, 46, 52, 53, 54, 55, 56, 57, 58, 61, 62, 63, 66, 67, 68, 71, 72, 73, 76, 77, 78, 81, 84, 86, 87, 94, 95, 105, 116, 122, 127, 134, 160, 178, 191, 227, 241, 300, 332, 405, 471, 516, 526, 546, 551, 558], "summary": {"covered_lines": 67, "num_statements": 69, "percent_covered": 97.10144927536231, "percent_covered_display": "97", "missing_lines": 2, "excluded_lines": 0}, "missing_lines": [559, 574], "excluded_lines": []}}, "classes": {"AEMETConfig": {"executed_lines": [], "summary": {"covered_lines": 0, "num_statements": 0, "percent_covered": 100.0, "percent_covered_display": "100", "missing_lines": 0, "excluded_lines": 0}, "missing_lines": [], "excluded_lines": []}, "AEMETTokenInfo": {"executed_lines": [], "summary": {"covered_lines": 0, "num_statements": 3, "percent_covered": 0.0, "percent_covered_display": "0", "missing_lines": 3, "excluded_lines": 0}, "missing_lines": [43, 48, 49], "excluded_lines": []}, "AEMETWeatherData": {"executed_lines": [], "summary": {"covered_lines": 0, "num_statements": 3, "percent_covered": 0.0, "percent_covered_display": "0", "missing_lines": 3, "excluded_lines": 0}, "missing_lines": [89, 90, 91], "excluded_lines": []}, "AEMETClient": {"executed_lines": [106, 107, 108, 110, 111, 114, 118, 119, 136, 137, 158, 180, 181, 195, 197, 202, 204, 207, 210], "summary": {"covered_lines": 19, "num_statements": 188, "percent_covered": 10.106382978723405, "percent_covered_display": "10", "missing_lines": 169, "excluded_lines": 0}, "missing_lines": [120, 124, 125, 129, 130, 131, 132, 138, 139, 141, 149, 150, 151, 153, 155, 156, 162, 163, 170, 171, 173, 175, 176, 183, 187, 188, 189, 198, 199, 200, 203, 205, 213, 214, 221, 222, 224, 225, 229, 236, 237, 239, 243, 244, 247, 249, 252, 253, 256, 258, 259, 260, 263, 269, 270, 273, 274, 276, 278, 279, 280, 281, 283, 284, 286, 287, 290, 292, 293, 295, 296, 298, 311, 313, 314, 317, 318, 319, 320, 322, 323, 325, 326, 328, 329, 330, 342, 344, 345, 347, 348, 349, 350, 352, 354, 357, 360, 361, 362, 363, 364, 365, 367, 370, 371, 372, 373, 376, 391, 394, 395, 396, 397, 398, 399, 401, 402, 403, 419, 420, 423, 424, 426, 427, 429, 431, 432, 434, 435, 436, 437, 439, 440, 442, 443, 444, 446, 462, 463, 465, 467, 468, 469, 485, 486, 488, 489, 491, 493, 498, 500, 501, 502, 505, 507, 508, 511, 513, 514, 518, 519, 521, 522, 523, 524, 528, 530, 531, 539], "excluded_lines": []}, "": {"executed_lines": [1, 12, 13, 14, 15, 16, 17, 18, 19, 22, 23, 24, 25, 26, 27, 28, 29, 30, 33, 34, 35, 36, 37, 38, 40, 41, 45, 46, 52, 53, 54, 55, 56, 57, 58, 61, 62, 63, 66, 67, 68, 71, 72, 73, 76, 77, 78, 81, 84, 86, 87, 94, 95, 105, 116, 122, 127, 134, 160, 178, 191, 227, 241, 300, 332, 405, 471, 516, 526, 546, 551, 558], "summary": {"covered_lines": 67, "num_statements": 80, "percent_covered": 83.75, "percent_covered_display": "84", "missing_lines": 13, "excluded_lines": 0}, "missing_lines": [548, 553, 554, 559, 560, 562, 563, 566, 567, 570, 571, 572, 574], "excluded_lines": []}}}, "services/aemet_service.py": {"executed_lines": [1, 24, 25, 26, 28, 30, 31, 32, 33, 39, 42, 43, 53, 54, 56, 63, 65, 87, 89, 92, 93, 94, 96, 99, 101, 102, 103, 106, 109, 110, 111, 118, 120, 130, 140, 142, 143, 148, 149, 151, 152, 154, 155, 157, 158, 160, 163, 167, 169, 171, 173, 238, 294, 362], "summary": {"covered_lines": 52, "num_statements": 121, "percent_covered": 42.97520661157025, "percent_covered_display": "43", "missing_lines": 69, "excluded_lines": 0}, "missing_lines": [97, 113, 114, 115, 161, 164, 196, 197, 199, 200, 202, 209, 210, 212, 214, 215, 217, 218, 219, 231, 232, 234, 235, 236, 255, 262, 263, 265, 271, 272, 274, 275, 276, 288, 290, 291, 292, 315, 316, 318, 320, 321, 329, 330, 331, 333, 339, 340, 346, 347, 353, 354, 360, 383, 384, 386, 388, 389, 390, 391, 399, 400, 401, 402, 404, 405, 406, 413, 414], "excluded_lines": [], "functions": {"AEMETService.__init__": {"executed_lines": [63], "summary": {"covered_lines": 1, "num_statements": 1, "percent_covered": 100.0, "percent_covered_display": "100", "missing_lines": 0, "excluded_lines": 0}, "missing_lines": [], "excluded_lines": []}, "AEMETService.ingest_weather": {"executed_lines": [87, 89, 92, 93, 94, 96, 99, 101, 102, 103, 106, 109, 110, 111, 118, 120], "summary": {"covered_lines": 16, "num_statements": 20, "percent_covered": 80.0, "percent_covered_display": "80", "missing_lines": 4, "excluded_lines": 0}, "missing_lines": [97, 113, 114, 115], "excluded_lines": []}, "AEMETService._transform_to_points": {"executed_lines": [140, 142, 143, 148, 149, 151, 152, 154, 155, 157, 158, 160, 163, 167, 169, 171], "summary": {"covered_lines": 16, "num_statements": 18, "percent_covered": 88.88888888888889, "percent_covered_display": "89", "missing_lines": 2, "excluded_lines": 0}, "missing_lines": [161, 164], "excluded_lines": []}, "AEMETService.get_weather": {"executed_lines": [], "summary": {"covered_lines": 0, "num_statements": 18, "percent_covered": 0.0, "percent_covered_display": "0", "missing_lines": 18, "excluded_lines": 0}, "missing_lines": [196, 197, 199, 200, 202, 209, 210, 212, 214, 215, 217, 218, 219, 231, 232, 234, 235, 236], "excluded_lines": []}, "AEMETService.get_latest_weather": {"executed_lines": [], "summary": {"covered_lines": 0, "num_statements": 13, "percent_covered": 0.0, "percent_covered_display": "0", "missing_lines": 13, "excluded_lines": 0}, "missing_lines": [255, 262, 263, 265, 271, 272, 274, 275, 276, 288, 290, 291, 292], "excluded_lines": []}, "AEMETService.get_weather_stats": {"executed_lines": [], "summary": {"covered_lines": 0, "num_statements": 16, "percent_covered": 0.0, "percent_covered_display": "0", "missing_lines": 16, "excluded_lines": 0}, "missing_lines": [315, 316, 318, 320, 321, 329, 330, 331, 333, 339, 340, 346, 347, 353, 354, 360], "excluded_lines": []}, "AEMETService.detect_gaps": {"executed_lines": [], "summary": {"covered_lines": 0, "num_statements": 16, "percent_covered": 0.0, "percent_covered_display": "0", "missing_lines": 16, "excluded_lines": 0}, "missing_lines": [383, 384, 386, 388, 389, 390, 391, 399, 400, 401, 402, 404, 405, 406, 413, 414], "excluded_lines": []}, "": {"executed_lines": [1, 24, 25, 26, 28, 30, 31, 32, 33, 39, 42, 43, 53, 54, 56, 65, 130, 173, 238, 294, 362], "summary": {"covered_lines": 19, "num_statements": 19, "percent_covered": 100.0, "percent_covered_display": "100", "missing_lines": 0, "excluded_lines": 0}, "missing_lines": [], "excluded_lines": []}}, "classes": {"AEMETService": {"executed_lines": [63, 87, 89, 92, 93, 94, 96, 99, 101, 102, 103, 106, 109, 110, 111, 118, 120, 140, 142, 143, 148, 149, 151, 152, 154, 155, 157, 158, 160, 163, 167, 169, 171], "summary": {"covered_lines": 33, "num_statements": 102, "percent_covered": 32.35294117647059, "percent_covered_display": "32", "missing_lines": 69, "excluded_lines": 0}, "missing_lines": [97, 113, 114, 115, 161, 164, 196, 197, 199, 200, 202, 209, 210, 212, 214, 215, 217, 218, 219, 231, 232, 234, 235, 236, 255, 262, 263, 265, 271, 272, 274, 275, 276, 288, 290, 291, 292, 315, 316, 318, 320, 321, 329, 330, 331, 333, 339, 340, 346, 347, 353, 354, 360, 383, 384, 386, 388, 389, 390, 391, 399, 400, 401, 402, 404, 405, 406, 413, 414], "excluded_lines": []}, "": {"executed_lines": [1, 24, 25, 26, 28, 30, 31, 32, 33, 39, 42, 43, 53, 54, 56, 65, 130, 173, 238, 294, 362], "summary": {"covered_lines": 19, "num_statements": 19, "percent_covered": 100.0, "percent_covered_display": "100", "missing_lines": 0, "excluded_lines": 0}, "missing_lines": [], "excluded_lines": []}}}, "services/backfill_service.py": {"executed_lines": [1, 9, 10, 11, 12, 13, 14, 16, 17, 18, 19, 22, 23, 24, 25, 26, 27, 28, 29, 30, 31, 32, 33, 34, 37, 38, 40, 41, 43, 45, 46, 47, 50, 52, 53, 61, 62, 63, 64, 67, 68, 69, 70, 73, 75, 79, 80, 86, 88, 90, 91, 92, 94, 95, 96, 98, 100, 101, 103, 104, 105, 107, 108, 110, 114, 117, 122, 124, 125, 126, 128, 131, 138, 141, 142, 144, 157, 158, 177, 183, 193, 195, 197, 198, 200, 201, 202, 204, 205, 207, 209, 215, 216, 219, 224, 243, 250, 252, 254, 255, 256, 306, 307, 309, 322, 392, 397, 399, 400, 401, 403, 406, 407, 409, 444, 509], "summary": {"covered_lines": 113, "num_statements": 211, "percent_covered": 53.55450236966825, "percent_covered_display": "54", "missing_lines": 98, "excluded_lines": 0}, "missing_lines": [82, 83, 84, 133, 134, 135, 136, 160, 161, 163, 175, 179, 180, 181, 211, 212, 220, 226, 227, 229, 241, 245, 246, 247, 257, 260, 261, 263, 264, 265, 269, 270, 273, 279, 280, 282, 284, 285, 286, 287, 290, 291, 293, 329, 331, 332, 333, 334, 336, 337, 338, 340, 341, 346, 348, 349, 351, 352, 354, 355, 356, 357, 360, 361, 363, 376, 377, 379, 446, 448, 449, 451, 452, 453, 456, 457, 458, 459, 461, 462, 465, 466, 467, 468, 470, 471, 473, 474, 477, 478, 481, 482, 483, 488, 490, 500, 501, 502], "excluded_lines": [], "functions": {"BackfillService.__init__": {"executed_lines": [41], "summary": {"covered_lines": 1, "num_statements": 1, "percent_covered": 100.0, "percent_covered_display": "100", "missing_lines": 0, "excluded_lines": 0}, "missing_lines": [], "excluded_lines": []}, "BackfillService.execute_intelligent_backfill": {"executed_lines": [45, 46, 47, 50, 52, 53, 61, 62, 63, 64, 67, 68, 69, 70, 73, 75, 79, 80], "summary": {"covered_lines": 18, "num_statements": 21, "percent_covered": 85.71428571428571, "percent_covered_display": "86", "missing_lines": 3, "excluded_lines": 0}, "missing_lines": [82, 83, 84], "excluded_lines": []}, "BackfillService._backfill_ree_gaps": {"executed_lines": [88, 90, 91, 92, 94, 95, 96, 98, 100, 101, 103, 104, 105, 107, 108, 110, 114, 117, 122, 124, 125, 126, 128, 131, 138, 141, 142, 144, 157, 158, 177], "summary": {"covered_lines": 31, "num_statements": 42, "percent_covered": 73.80952380952381, "percent_covered_display": "74", "missing_lines": 11, "excluded_lines": 0}, "missing_lines": [133, 134, 135, 136, 160, 161, 163, 175, 179, 180, 181], "excluded_lines": []}, "BackfillService._backfill_weather_gaps": {"executed_lines": [193, 195, 197, 198, 200, 201, 202, 204, 205, 207, 209, 215, 216, 219, 224, 243], "summary": {"covered_lines": 16, "num_statements": 26, "percent_covered": 61.53846153846154, "percent_covered_display": "62", "missing_lines": 10, "excluded_lines": 0}, "missing_lines": [211, 212, 220, 226, 227, 229, 241, 245, 246, 247], "excluded_lines": []}, "BackfillService._backfill_weather_aemet": {"executed_lines": [252, 254, 255, 256, 306, 307, 309], "summary": {"covered_lines": 7, "num_statements": 26, "percent_covered": 26.923076923076923, "percent_covered_display": "27", "missing_lines": 19, "excluded_lines": 0}, "missing_lines": [257, 260, 261, 263, 264, 265, 269, 270, 273, 279, 280, 282, 284, 285, 286, 287, 290, 291, 293], "excluded_lines": []}, "BackfillService._backfill_weather_openweather": {"executed_lines": [], "summary": {"covered_lines": 0, "num_statements": 25, "percent_covered": 0.0, "percent_covered_display": "0", "missing_lines": 25, "excluded_lines": 0}, "missing_lines": [329, 331, 332, 333, 334, 336, 337, 338, 340, 341, 346, 348, 349, 351, 352, 354, 355, 356, 357, 360, 361, 363, 376, 377, 379], "excluded_lines": []}, "BackfillService._generate_backfill_summary": {"executed_lines": [397, 399, 400, 401, 403, 406, 407, 409], "summary": {"covered_lines": 8, "num_statements": 8, "percent_covered": 100.0, "percent_covered_display": "100", "missing_lines": 0, "excluded_lines": 0}, "missing_lines": [], "excluded_lines": []}, "BackfillService.check_and_execute_auto_backfill": {"executed_lines": [], "summary": {"covered_lines": 0, "num_statements": 30, "percent_covered": 0.0, "percent_covered_display": "0", "missing_lines": 30, "excluded_lines": 0}, "missing_lines": [446, 448, 449, 451, 452, 453, 456, 457, 458, 459, 461, 462, 465, 466, 467, 468, 470, 471, 473, 474, 477, 478, 481, 482, 483, 488, 490, 500, 501, 502], "excluded_lines": []}, "": {"executed_lines": [1, 9, 10, 11, 12, 13, 14, 16, 17, 18, 19, 22, 23, 24, 25, 26, 27, 28, 29, 30, 31, 32, 33, 34, 37, 38, 40, 43, 86, 183, 250, 322, 392, 444, 509], "summary": {"covered_lines": 32, "num_statements": 32, "percent_covered": 100.0, "percent_covered_display": "100", "missing_lines": 0, "excluded_lines": 0}, "missing_lines": [], "excluded_lines": []}}, "classes": {"BackfillResult": {"executed_lines": [], "summary": {"covered_lines": 0, "num_statements": 0, "percent_covered": 100.0, "percent_covered_display": "100", "missing_lines": 0, "excluded_lines": 0}, "missing_lines": [], "excluded_lines": []}, "BackfillService": {"executed_lines": [41, 45, 46, 47, 50, 52, 53, 61, 62, 63, 64, 67, 68, 69, 70, 73, 75, 79, 80, 88, 90, 91, 92, 94, 95, 96, 98, 100, 101, 103, 104, 105, 107, 108, 110, 114, 117, 122, 124, 125, 126, 128, 131, 138, 141, 142, 144, 157, 158, 177, 193, 195, 197, 198, 200, 201, 202, 204, 205, 207, 209, 215, 216, 219, 224, 243, 252, 254, 255, 256, 306, 307, 309, 397, 399, 400, 401, 403, 406, 407, 409], "summary": {"covered_lines": 81, "num_statements": 179, "percent_covered": 45.25139664804469, "percent_covered_display": "45", "missing_lines": 98, "excluded_lines": 0}, "missing_lines": [82, 83, 84, 133, 134, 135, 136, 160, 161, 163, 175, 179, 180, 181, 211, 212, 220, 226, 227, 229, 241, 245, 246, 247, 257, 260, 261, 263, 264, 265, 269, 270, 273, 279, 280, 282, 284, 285, 286, 287, 290, 291, 293, 329, 331, 332, 333, 334, 336, 337, 338, 340, 341, 346, 348, 349, 351, 352, 354, 355, 356, 357, 360, 361, 363, 376, 377, 379, 446, 448, 449, 451, 452, 453, 456, 457, 458, 459, 461, 462, 465, 466, 467, 468, 470, 471, 473, 474, 477, 478, 481, 482, 483, 488, 490, 500, 501, 502], "excluded_lines": []}, "": {"executed_lines": [1, 9, 10, 11, 12, 13, 14, 16, 17, 18, 19, 22, 23, 24, 25, 26, 27, 28, 29, 30, 31, 32, 33, 34, 37, 38, 40, 43, 86, 183, 250, 322, 392, 444, 509], "summary": {"covered_lines": 32, "num_statements": 32, "percent_covered": 100.0, "percent_covered_display": "100", "missing_lines": 0, "excluded_lines": 0}, "missing_lines": [], "excluded_lines": []}}}, "services/business_logic_service.py": {"executed_lines": [1, 14, 15, 16, 17, 18, 19, 21, 23, 24, 26, 64, 100, 121, 141, 161, 181, 289, 303, 326, 361, 379, 387, 400, 409, 453, 466, 480, 509, 534, 555, 574, 597, 619, 650, 662, 675, 701], "summary": {"covered_lines": 36, "num_statements": 316, "percent_covered": 11.39240506329114, "percent_covered_display": "11", "missing_lines": 280, "excluded_lines": 0}, "missing_lines": [28, 31, 32, 35, 44, 55, 67, 69, 71, 73, 74, 75, 77, 78, 81, 90, 91, 93, 94, 96, 97, 98, 103, 106, 114, 115, 116, 117, 119, 124, 127, 128, 129, 130, 131, 133, 134, 135, 136, 137, 139, 144, 147, 148, 149, 150, 151, 153, 154, 155, 156, 157, 159, 164, 167, 168, 169, 170, 171, 173, 174, 175, 176, 177, 179, 195, 196, 199, 200, 201, 204, 205, 206, 207, 210, 214, 215, 216, 219, 221, 222, 224, 226, 227, 229, 231, 233, 235, 238, 241, 246, 251, 254, 256, 285, 286, 287, 292, 293, 294, 295, 296, 297, 298, 299, 301, 309, 312, 313, 314, 315, 317, 331, 334, 335, 336, 337, 338, 339, 340, 341, 343, 346, 347, 348, 349, 350, 351, 353, 356, 357, 359, 364, 365, 366, 367, 368, 369, 370, 371, 372, 373, 374, 375, 377, 382, 383, 384, 385, 390, 398, 403, 404, 405, 406, 407, 412, 415, 416, 422, 423, 429, 430, 436, 437, 444, 451, 456, 464, 469, 471, 472, 473, 474, 475, 476, 478, 485, 488, 489, 490, 493, 494, 495, 498, 499, 500, 503, 504, 505, 507, 512, 515, 517, 518, 519, 520, 521, 522, 523, 524, 525, 526, 527, 528, 529, 530, 532, 537, 540, 541, 542, 543, 544, 545, 546, 547, 548, 549, 550, 551, 553, 558, 561, 562, 563, 564, 565, 566, 567, 568, 569, 570, 572, 577, 578, 581, 582, 583, 584, 585, 586, 587, 588, 589, 590, 591, 592, 593, 595, 601, 603, 604, 606, 608, 609, 611, 622, 623, 624, 626, 627, 629, 632, 640, 642, 653, 654, 655, 656, 657, 658, 660, 665, 673, 678, 680, 681, 683, 703], "excluded_lines": [], "functions": {"BusinessLogicService.__init__": {"executed_lines": [], "summary": {"covered_lines": 0, "num_statements": 6, "percent_covered": 0.0, "percent_covered_display": "0", "missing_lines": 6, "excluded_lines": 0}, "missing_lines": [28, 31, 32, 35, 44, 55], "excluded_lines": []}, "BusinessLogicService._load_rules": {"executed_lines": [], "summary": {"covered_lines": 0, "num_statements": 16, "percent_covered": 0.0, "percent_covered_display": "0", "missing_lines": 16, "excluded_lines": 0}, "missing_lines": [67, 69, 71, 73, 74, 75, 77, 78, 81, 90, 91, 93, 94, 96, 97, 98], "excluded_lines": []}, "BusinessLogicService._extract_templates": {"executed_lines": [], "summary": {"covered_lines": 0, "num_statements": 7, "percent_covered": 0.0, "percent_covered_display": "0", "missing_lines": 7, "excluded_lines": 0}, "missing_lines": [103, 106, 114, 115, 116, 117, 119], "excluded_lines": []}, "BusinessLogicService._extract_price_messages": {"executed_lines": [], "summary": {"covered_lines": 0, "num_statements": 12, "percent_covered": 0.0, "percent_covered_display": "0", "missing_lines": 12, "excluded_lines": 0}, "missing_lines": [124, 127, 128, 129, 130, 131, 133, 134, 135, 136, 137, 139], "excluded_lines": []}, "BusinessLogicService._extract_condition_messages": {"executed_lines": [], "summary": {"covered_lines": 0, "num_statements": 12, "percent_covered": 0.0, "percent_covered_display": "0", "missing_lines": 12, "excluded_lines": 0}, "missing_lines": [144, 147, 148, 149, 150, 151, 153, 154, 155, 156, 157, 159], "excluded_lines": []}, "BusinessLogicService._extract_time_messages": {"executed_lines": [], "summary": {"covered_lines": 0, "num_statements": 12, "percent_covered": 0.0, "percent_covered_display": "0", "missing_lines": 12, "excluded_lines": 0}, "missing_lines": [164, 167, 168, 169, 170, 171, 173, 174, 175, 176, 177, 179], "excluded_lines": []}, "BusinessLogicService.generate_human_recommendation": {"executed_lines": [], "summary": {"covered_lines": 0, "num_statements": 32, "percent_covered": 0.0, "percent_covered_display": "0", "missing_lines": 32, "excluded_lines": 0}, "missing_lines": [195, 196, 199, 200, 201, 204, 205, 206, 207, 210, 214, 215, 216, 219, 221, 222, 224, 226, 227, 229, 231, 233, 235, 238, 241, 246, 251, 254, 256, 285, 286, 287], "excluded_lines": []}, "BusinessLogicService._determine_recommendation_level": {"executed_lines": [], "summary": {"covered_lines": 0, "num_statements": 9, "percent_covered": 0.0, "percent_covered_display": "0", "missing_lines": 9, "excluded_lines": 0}, "missing_lines": [292, 293, 294, 295, 296, 297, 298, 299, 301], "excluded_lines": []}, "BusinessLogicService._build_contextualized_message": {"executed_lines": [], "summary": {"covered_lines": 0, "num_statements": 6, "percent_covered": 0.0, "percent_covered_display": "0", "missing_lines": 6, "excluded_lines": 0}, "missing_lines": [309, 312, 313, 314, 315, 317], "excluded_lines": []}, "BusinessLogicService._describe_current_situation": {"executed_lines": [], "summary": {"covered_lines": 0, "num_statements": 20, "percent_covered": 0.0, "percent_covered_display": "0", "missing_lines": 20, "excluded_lines": 0}, "missing_lines": [331, 334, 335, 336, 337, 338, 339, 340, 341, 343, 346, 347, 348, 349, 350, 351, 353, 356, 357, 359], "excluded_lines": []}, "BusinessLogicService._get_price_description": {"executed_lines": [], "summary": {"covered_lines": 0, "num_statements": 13, "percent_covered": 0.0, "percent_covered_display": "0", "missing_lines": 13, "excluded_lines": 0}, "missing_lines": [364, 365, 366, 367, 368, 369, 370, 371, 372, 373, 374, 375, 377], "excluded_lines": []}, "BusinessLogicService._get_time_period": {"executed_lines": [], "summary": {"covered_lines": 0, "num_statements": 4, "percent_covered": 0.0, "percent_covered_display": "0", "missing_lines": 4, "excluded_lines": 0}, "missing_lines": [382, 383, 384, 385], "excluded_lines": []}, "BusinessLogicService._get_period_description": {"executed_lines": [], "summary": {"covered_lines": 0, "num_statements": 2, "percent_covered": 0.0, "percent_covered_display": "0", "missing_lines": 2, "excluded_lines": 0}, "missing_lines": [390, 398], "excluded_lines": []}, "BusinessLogicService._extract_title_from_template": {"executed_lines": [], "summary": {"covered_lines": 0, "num_statements": 5, "percent_covered": 0.0, "percent_covered_display": "0", "missing_lines": 5, "excluded_lines": 0}, "missing_lines": [403, 404, 405, 406, 407], "excluded_lines": []}, "BusinessLogicService._extract_actions_from_template": {"executed_lines": [], "summary": {"covered_lines": 0, "num_statements": 11, "percent_covered": 0.0, "percent_covered_display": "0", "missing_lines": 11, "excluded_lines": 0}, "missing_lines": [412, 415, 416, 422, 423, 429, 430, 436, 437, 444, 451], "excluded_lines": []}, "BusinessLogicService._extract_duration_from_template": {"executed_lines": [], "summary": {"covered_lines": 0, "num_statements": 2, "percent_covered": 0.0, "percent_covered_display": "0", "missing_lines": 2, "excluded_lines": 0}, "missing_lines": [456, 464], "excluded_lines": []}, "BusinessLogicService._calculate_benefit_message": {"executed_lines": [], "summary": {"covered_lines": 0, "num_statements": 8, "percent_covered": 0.0, "percent_covered_display": "0", "missing_lines": 8, "excluded_lines": 0}, "missing_lines": [469, 471, 472, 473, 474, 475, 476, 478], "excluded_lines": []}, "BusinessLogicService._get_situation_specific_messages": {"executed_lines": [], "summary": {"covered_lines": 0, "num_statements": 14, "percent_covered": 0.0, "percent_covered_display": "0", "missing_lines": 14, "excluded_lines": 0}, "missing_lines": [485, 488, 489, 490, 493, 494, 495, 498, 499, 500, 503, 504, 505, 507], "excluded_lines": []}, "BusinessLogicService._get_price_specific_message": {"executed_lines": [], "summary": {"covered_lines": 0, "num_statements": 17, "percent_covered": 0.0, "percent_covered_display": "0", "missing_lines": 17, "excluded_lines": 0}, "missing_lines": [512, 515, 517, 518, 519, 520, 521, 522, 523, 524, 525, 526, 527, 528, 529, 530, 532], "excluded_lines": []}, "BusinessLogicService._get_temperature_specific_message": {"executed_lines": [], "summary": {"covered_lines": 0, "num_statements": 14, "percent_covered": 0.0, "percent_covered_display": "0", "missing_lines": 14, "excluded_lines": 0}, "missing_lines": [537, 540, 541, 542, 543, 544, 545, 546, 547, 548, 549, 550, 551, 553], "excluded_lines": []}, "BusinessLogicService._get_humidity_specific_message": {"executed_lines": [], "summary": {"covered_lines": 0, "num_statements": 12, "percent_covered": 0.0, "percent_covered_display": "0", "missing_lines": 12, "excluded_lines": 0}, "missing_lines": [558, 561, 562, 563, 564, 565, 566, 567, 568, 569, 570, 572], "excluded_lines": []}, "BusinessLogicService._get_time_specific_message": {"executed_lines": [], "summary": {"covered_lines": 0, "num_statements": 16, "percent_covered": 0.0, "percent_covered_display": "0", "missing_lines": 16, "excluded_lines": 0}, "missing_lines": [577, 578, 581, 582, 583, 584, 585, 586, 587, 588, 589, 590, 591, 592, 593, 595], "excluded_lines": []}, "BusinessLogicService._calculate_next_optimal_window": {"executed_lines": [], "summary": {"covered_lines": 0, "num_statements": 7, "percent_covered": 0.0, "percent_covered_display": "0", "missing_lines": 7, "excluded_lines": 0}, "missing_lines": [601, 603, 604, 606, 608, 609, 611], "excluded_lines": []}, "BusinessLogicService._estimate_economic_impact": {"executed_lines": [], "summary": {"covered_lines": 0, "num_statements": 9, "percent_covered": 0.0, "percent_covered_display": "0", "missing_lines": 9, "excluded_lines": 0}, "missing_lines": [622, 623, 624, 626, 627, 629, 632, 640, 642], "excluded_lines": []}, "BusinessLogicService._determine_urgency": {"executed_lines": [], "summary": {"covered_lines": 0, "num_statements": 7, "percent_covered": 0.0, "percent_covered_display": "0", "missing_lines": 7, "excluded_lines": 0}, "missing_lines": [653, 654, 655, 656, 657, 658, 660], "excluded_lines": []}, "BusinessLogicService._get_review_interval": {"executed_lines": [], "summary": {"covered_lines": 0, "num_statements": 2, "percent_covered": 0.0, "percent_covered_display": "0", "missing_lines": 2, "excluded_lines": 0}, "missing_lines": [665, 673], "excluded_lines": []}, "BusinessLogicService._fallback_recommendation": {"executed_lines": [], "summary": {"covered_lines": 0, "num_statements": 4, "percent_covered": 0.0, "percent_covered_display": "0", "missing_lines": 4, "excluded_lines": 0}, "missing_lines": [678, 680, 681, 683], "excluded_lines": []}, "get_business_logic_service": {"executed_lines": [], "summary": {"covered_lines": 0, "num_statements": 1, "percent_covered": 0.0, "percent_covered_display": "0", "missing_lines": 1, "excluded_lines": 0}, "missing_lines": [703], "excluded_lines": []}, "": {"executed_lines": [1, 14, 15, 16, 17, 18, 19, 21, 23, 24, 26, 64, 100, 121, 141, 161, 181, 289, 303, 326, 361, 379, 387, 400, 409, 453, 466, 480, 509, 534, 555, 574, 597, 619, 650, 662, 675, 701], "summary": {"covered_lines": 36, "num_statements": 36, "percent_covered": 100.0, "percent_covered_display": "100", "missing_lines": 0, "excluded_lines": 0}, "missing_lines": [], "excluded_lines": []}}, "classes": {"BusinessLogicService": {"executed_lines": [], "summary": {"covered_lines": 0, "num_statements": 279, "percent_covered": 0.0, "percent_covered_display": "0", "missing_lines": 279, "excluded_lines": 0}, "missing_lines": [28, 31, 32, 35, 44, 55, 67, 69, 71, 73, 74, 75, 77, 78, 81, 90, 91, 93, 94, 96, 97, 98, 103, 106, 114, 115, 116, 117, 119, 124, 127, 128, 129, 130, 131, 133, 134, 135, 136, 137, 139, 144, 147, 148, 149, 150, 151, 153, 154, 155, 156, 157, 159, 164, 167, 168, 169, 170, 171, 173, 174, 175, 176, 177, 179, 195, 196, 199, 200, 201, 204, 205, 206, 207, 210, 214, 215, 216, 219, 221, 222, 224, 226, 227, 229, 231, 233, 235, 238, 241, 246, 251, 254, 256, 285, 286, 287, 292, 293, 294, 295, 296, 297, 298, 299, 301, 309, 312, 313, 314, 315, 317, 331, 334, 335, 336, 337, 338, 339, 340, 341, 343, 346, 347, 348, 349, 350, 351, 353, 356, 357, 359, 364, 365, 366, 367, 368, 369, 370, 371, 372, 373, 374, 375, 377, 382, 383, 384, 385, 390, 398, 403, 404, 405, 406, 407, 412, 415, 416, 422, 423, 429, 430, 436, 437, 444, 451, 456, 464, 469, 471, 472, 473, 474, 475, 476, 478, 485, 488, 489, 490, 493, 494, 495, 498, 499, 500, 503, 504, 505, 507, 512, 515, 517, 518, 519, 520, 521, 522, 523, 524, 525, 526, 527, 528, 529, 530, 532, 537, 540, 541, 542, 543, 544, 545, 546, 547, 548, 549, 550, 551, 553, 558, 561, 562, 563, 564, 565, 566, 567, 568, 569, 570, 572, 577, 578, 581, 582, 583, 584, 585, 586, 587, 588, 589, 590, 591, 592, 593, 595, 601, 603, 604, 606, 608, 609, 611, 622, 623, 624, 626, 627, 629, 632, 640, 642, 653, 654, 655, 656, 657, 658, 660, 665, 673, 678, 680, 681, 683], "excluded_lines": []}, "": {"executed_lines": [1, 14, 15, 16, 17, 18, 19, 21, 23, 24, 26, 64, 100, 121, 141, 161, 181, 289, 303, 326, 361, 379, 387, 400, 409, 453, 466, 480, 509, 534, 555, 574, 597, 619, 650, 662, 675, 701], "summary": {"covered_lines": 36, "num_statements": 37, "percent_covered": 97.29729729729729, "percent_covered_display": "97", "missing_lines": 1, "excluded_lines": 0}, "missing_lines": [703], "excluded_lines": []}}}, "services/chatbot_context_service.py": {"executed_lines": [1, 11, 12, 13, 14, 16, 18, 21, 22, 29, 30, 31, 56, 69, 71, 74, 76, 79, 80, 83, 84, 87, 88, 91, 92, 93, 95, 96, 98, 102, 106, 110, 114, 121, 126, 131, 132, 135, 136, 137, 140, 143, 146, 147, 149, 151, 153, 155, 156, 157, 159, 161, 163, 164, 165, 168, 169, 170, 173, 174, 175, 176, 179, 180, 181, 182, 183, 184, 185, 187, 198, 199, 201, 203, 204, 205, 207, 209, 210, 223, 225, 227, 228, 229, 231, 232, 233, 235, 246, 255, 257, 305, 317, 346, 361, 392, 422, 457, 459, 478], "summary": {"covered_lines": 98, "num_statements": 217, "percent_covered": 45.16129032258065, "percent_covered_display": "45", "missing_lines": 119, "excluded_lines": 0}, "missing_lines": [99, 100, 103, 104, 107, 108, 111, 112, 115, 116, 118, 119, 122, 123, 127, 128, 138, 211, 212, 213, 214, 215, 216, 218, 219, 220, 221, 247, 248, 249, 250, 251, 253, 259, 261, 263, 264, 267, 268, 269, 273, 275, 276, 277, 280, 281, 282, 283, 284, 285, 287, 288, 290, 303, 307, 308, 309, 311, 312, 313, 315, 319, 320, 321, 324, 325, 326, 327, 329, 344, 348, 349, 353, 355, 356, 357, 359, 363, 364, 365, 367, 368, 370, 371, 372, 374, 390, 394, 395, 396, 398, 399, 400, 401, 403, 420, 424, 425, 426, 428, 429, 430, 431, 433, 449, 450, 451, 452, 453, 455, 480, 481, 482, 485, 486, 487, 490, 492, 510], "excluded_lines": [], "functions": {"ChatbotContextService.__init__": {"executed_lines": [30, 31], "summary": {"covered_lines": 2, "num_statements": 2, "percent_covered": 100.0, "percent_covered_display": "100", "missing_lines": 0, "excluded_lines": 0}, "missing_lines": [], "excluded_lines": []}, "ChatbotContextService.build_context": {"executed_lines": [69, 71, 74, 76, 79, 80, 83, 84, 87, 88, 91, 92, 93, 95, 96, 98, 102, 106, 110, 114, 121, 126, 131, 132, 135, 136, 137, 140, 143, 146, 147, 149], "summary": {"covered_lines": 32, "num_statements": 49, "percent_covered": 65.3061224489796, "percent_covered_display": "65", "missing_lines": 17, "excluded_lines": 0}, "missing_lines": [99, 100, 103, 104, 107, 108, 111, 112, 115, 116, 118, 119, 122, 123, 127, 128, 138], "excluded_lines": []}, "ChatbotContextService._detect_categories": {"executed_lines": [153, 155, 156, 157, 159], "summary": {"covered_lines": 5, "num_statements": 5, "percent_covered": 100.0, "percent_covered_display": "100", "missing_lines": 0, "excluded_lines": 0}, "missing_lines": [], "excluded_lines": []}, "ChatbotContextService._get_current_status": {"executed_lines": [163, 164, 165, 168, 169, 170, 173, 174, 175, 176, 179, 180, 181, 182, 183, 184, 185, 187, 198, 199], "summary": {"covered_lines": 20, "num_statements": 20, "percent_covered": 100.0, "percent_covered_display": "100", "missing_lines": 0, "excluded_lines": 0}, "missing_lines": [], "excluded_lines": []}, "ChatbotContextService._get_optimal_windows": {"executed_lines": [203, 204, 205, 207, 209, 210, 223], "summary": {"covered_lines": 7, "num_statements": 17, "percent_covered": 41.1764705882353, "percent_covered_display": "41", "missing_lines": 10, "excluded_lines": 0}, "missing_lines": [211, 212, 213, 214, 215, 216, 218, 219, 220, 221], "excluded_lines": []}, "ChatbotContextService._get_weekly_forecast": {"executed_lines": [227, 228, 229, 231, 232, 233, 235, 246, 255], "summary": {"covered_lines": 9, "num_statements": 15, "percent_covered": 60.0, "percent_covered_display": "60", "missing_lines": 6, "excluded_lines": 0}, "missing_lines": [247, 248, 249, 250, 251, 253], "excluded_lines": []}, "ChatbotContextService._get_price_forecast": {"executed_lines": [], "summary": {"covered_lines": 0, "num_statements": 21, "percent_covered": 0.0, "percent_covered_display": "0", "missing_lines": 21, "excluded_lines": 0}, "missing_lines": [259, 261, 263, 264, 267, 268, 269, 273, 275, 276, 277, 280, 281, 282, 283, 284, 285, 287, 288, 290, 303], "excluded_lines": []}, "ChatbotContextService._get_alerts": {"executed_lines": [], "summary": {"covered_lines": 0, "num_statements": 7, "percent_covered": 0.0, "percent_covered_display": "0", "missing_lines": 7, "excluded_lines": 0}, "missing_lines": [307, 308, 309, 311, 312, 313, 315], "excluded_lines": []}, "ChatbotContextService._get_savings": {"executed_lines": [], "summary": {"covered_lines": 0, "num_statements": 9, "percent_covered": 0.0, "percent_covered_display": "0", "missing_lines": 9, "excluded_lines": 0}, "missing_lines": [319, 320, 321, 324, 325, 326, 327, 329, 344], "excluded_lines": []}, "ChatbotContextService._get_production_plan": {"executed_lines": [], "summary": {"covered_lines": 0, "num_statements": 7, "percent_covered": 0.0, "percent_covered_display": "0", "missing_lines": 7, "excluded_lines": 0}, "missing_lines": [348, 349, 353, 355, 356, 357, 359], "excluded_lines": []}, "ChatbotContextService._get_analysis": {"executed_lines": [], "summary": {"covered_lines": 0, "num_statements": 10, "percent_covered": 0.0, "percent_covered_display": "0", "missing_lines": 10, "excluded_lines": 0}, "missing_lines": [363, 364, 365, 367, 368, 370, 371, 372, 374, 390], "excluded_lines": []}, "ChatbotContextService._get_historical_analytics": {"executed_lines": [], "summary": {"covered_lines": 0, "num_statements": 9, "percent_covered": 0.0, "percent_covered_display": "0", "missing_lines": 9, "excluded_lines": 0}, "missing_lines": [394, 395, 396, 398, 399, 400, 401, 403, 420], "excluded_lines": []}, "ChatbotContextService._get_human_recommendation": {"executed_lines": [], "summary": {"covered_lines": 0, "num_statements": 14, "percent_covered": 0.0, "percent_covered_display": "0", "missing_lines": 14, "excluded_lines": 0}, "missing_lines": [424, 425, 426, 428, 429, 430, 431, 433, 449, 450, 451, 452, 453, 455], "excluded_lines": []}, "ChatbotContextService._get_production_context": {"executed_lines": [459], "summary": {"covered_lines": 1, "num_statements": 1, "percent_covered": 100.0, "percent_covered_display": "100", "missing_lines": 0, "excluded_lines": 0}, "missing_lines": [], "excluded_lines": []}, "ChatbotContextService._get_full_dashboard": {"executed_lines": [], "summary": {"covered_lines": 0, "num_statements": 9, "percent_covered": 0.0, "percent_covered_display": "0", "missing_lines": 9, "excluded_lines": 0}, "missing_lines": [480, 481, 482, 485, 486, 487, 490, 492, 510], "excluded_lines": []}, "": {"executed_lines": [1, 11, 12, 13, 14, 16, 18, 21, 22, 29, 56, 151, 161, 201, 225, 257, 305, 317, 346, 361, 392, 422, 457, 478], "summary": {"covered_lines": 22, "num_statements": 22, "percent_covered": 100.0, "percent_covered_display": "100", "missing_lines": 0, "excluded_lines": 0}, "missing_lines": [], "excluded_lines": []}}, "classes": {"ChatbotContextService": {"executed_lines": [30, 31, 69, 71, 74, 76, 79, 80, 83, 84, 87, 88, 91, 92, 93, 95, 96, 98, 102, 106, 110, 114, 121, 126, 131, 132, 135, 136, 137, 140, 143, 146, 147, 149, 153, 155, 156, 157, 159, 163, 164, 165, 168, 169, 170, 173, 174, 175, 176, 179, 180, 181, 182, 183, 184, 185, 187, 198, 199, 203, 204, 205, 207, 209, 210, 223, 227, 228, 229, 231, 232, 233, 235, 246, 255, 459], "summary": {"covered_lines": 76, "num_statements": 195, "percent_covered": 38.97435897435897, "percent_covered_display": "39", "missing_lines": 119, "excluded_lines": 0}, "missing_lines": [99, 100, 103, 104, 107, 108, 111, 112, 115, 116, 118, 119, 122, 123, 127, 128, 138, 211, 212, 213, 214, 215, 216, 218, 219, 220, 221, 247, 248, 249, 250, 251, 253, 259, 261, 263, 264, 267, 268, 269, 273, 275, 276, 277, 280, 281, 282, 283, 284, 285, 287, 288, 290, 303, 307, 308, 309, 311, 312, 313, 315, 319, 320, 321, 324, 325, 326, 327, 329, 344, 348, 349, 353, 355, 356, 357, 359, 363, 364, 365, 367, 368, 370, 371, 372, 374, 390, 394, 395, 396, 398, 399, 400, 401, 403, 420, 424, 425, 426, 428, 429, 430, 431, 433, 449, 450, 451, 452, 453, 455, 480, 481, 482, 485, 486, 487, 490, 492, 510], "excluded_lines": []}, "": {"executed_lines": [1, 11, 12, 13, 14, 16, 18, 21, 22, 29, 56, 151, 161, 201, 225, 257, 305, 317, 346, 361, 392, 422, 457, 478], "summary": {"covered_lines": 22, "num_statements": 22, "percent_covered": 100.0, "percent_covered_display": "100", "missing_lines": 0, "excluded_lines": 0}, "missing_lines": [], "excluded_lines": []}}}, "services/chatbot_service.py": {"executed_lines": [1, 11, 12, 13, 14, 16, 17, 19, 22, 23, 33, 34, 35, 36, 37, 40, 73, 84, 86, 88, 89, 92, 101, 102, 112, 115, 116, 123, 128, 135, 165, 173, 174, 175, 177, 190, 193], "summary": {"covered_lines": 35, "num_statements": 48, "percent_covered": 72.91666666666667, "percent_covered_display": "73", "missing_lines": 13, "excluded_lines": 0}, "missing_lines": [144, 145, 146, 151, 152, 153, 158, 159, 160, 179, 196, 197, 198], "excluded_lines": [], "functions": {"ChatbotService.__init__": {"executed_lines": [34, 35, 36, 37, 40], "summary": {"covered_lines": 5, "num_statements": 5, "percent_covered": 100.0, "percent_covered_display": "100", "missing_lines": 0, "excluded_lines": 0}, "missing_lines": [], "excluded_lines": []}, "ChatbotService.ask": {"executed_lines": [84, 86, 88, 89, 92, 101, 102, 112, 115, 116, 123, 128, 135], "summary": {"covered_lines": 13, "num_statements": 22, "percent_covered": 59.09090909090909, "percent_covered_display": "59", "missing_lines": 9, "excluded_lines": 0}, "missing_lines": [144, 145, 146, 151, 152, 153, 158, 159, 160], "excluded_lines": []}, "ChatbotService._calculate_cost": {"executed_lines": [173, 174, 175], "summary": {"covered_lines": 3, "num_statements": 3, "percent_covered": 100.0, "percent_covered_display": "100", "missing_lines": 0, "excluded_lines": 0}, "missing_lines": [], "excluded_lines": []}, "ChatbotService._error_response": {"executed_lines": [], "summary": {"covered_lines": 0, "num_statements": 1, "percent_covered": 0.0, "percent_covered_display": "0", "missing_lines": 1, "excluded_lines": 0}, "missing_lines": [179], "excluded_lines": []}, "get_chatbot_service": {"executed_lines": [], "summary": {"covered_lines": 0, "num_statements": 3, "percent_covered": 0.0, "percent_covered_display": "0", "missing_lines": 3, "excluded_lines": 0}, "missing_lines": [196, 197, 198], "excluded_lines": []}, "": {"executed_lines": [1, 11, 12, 13, 14, 16, 17, 19, 22, 23, 33, 73, 165, 177, 190, 193], "summary": {"covered_lines": 14, "num_statements": 14, "percent_covered": 100.0, "percent_covered_display": "100", "missing_lines": 0, "excluded_lines": 0}, "missing_lines": [], "excluded_lines": []}}, "classes": {"ChatbotService": {"executed_lines": [34, 35, 36, 37, 40, 84, 86, 88, 89, 92, 101, 102, 112, 115, 116, 123, 128, 135, 173, 174, 175], "summary": {"covered_lines": 21, "num_statements": 31, "percent_covered": 67.74193548387096, "percent_covered_display": "68", "missing_lines": 10, "excluded_lines": 0}, "missing_lines": [144, 145, 146, 151, 152, 153, 158, 159, 160, 179], "excluded_lines": []}, "": {"executed_lines": [1, 11, 12, 13, 14, 16, 17, 19, 22, 23, 33, 73, 165, 177, 190, 193], "summary": {"covered_lines": 14, "num_statements": 17, "percent_covered": 82.3529411764706, "percent_covered_display": "82", "missing_lines": 3, "excluded_lines": 0}, "missing_lines": [196, 197, 198], "excluded_lines": []}}}, "services/dashboard.py": {"executed_lines": [1, 12, 13, 14, 15, 17, 18, 19, 20, 21, 22, 24, 27, 28, 29, 30, 31, 32, 33, 34, 37, 38, 40, 56, 112, 160, 283, 517, 577, 592, 608, 619, 629, 849, 862, 936, 1027, 1029], "summary": {"covered_lines": 35, "num_statements": 440, "percent_covered": 7.954545454545454, "percent_covered_display": "8", "missing_lines": 405, "excluded_lines": 0}, "missing_lines": [41, 42, 43, 46, 47, 49, 51, 52, 54, 58, 60, 63, 66, 69, 72, 75, 77, 105, 106, 108, 109, 110, 114, 116, 117, 119, 120, 121, 122, 123, 131, 132, 133, 134, 136, 147, 154, 156, 157, 158, 162, 163, 165, 167, 168, 169, 171, 174, 176, 181, 184, 189, 194, 199, 202, 207, 210, 214, 217, 270, 272, 273, 275, 285, 301, 303, 304, 305, 308, 309, 310, 311, 312, 313, 314, 315, 316, 317, 318, 319, 320, 322, 323, 326, 327, 328, 329, 330, 333, 334, 335, 336, 339, 342, 343, 344, 345, 346, 347, 348, 350, 351, 352, 353, 354, 355, 357, 359, 360, 361, 362, 363, 364, 366, 369, 370, 371, 372, 375, 376, 377, 379, 380, 381, 382, 383, 384, 389, 390, 391, 392, 393, 395, 396, 397, 398, 400, 402, 403, 406, 407, 408, 409, 410, 412, 419, 420, 422, 424, 425, 426, 427, 430, 431, 432, 435, 436, 437, 438, 440, 441, 442, 443, 446, 447, 448, 449, 450, 452, 453, 454, 455, 457, 458, 459, 460, 463, 464, 465, 466, 469, 471, 474, 481, 484, 485, 486, 489, 501, 502, 504, 505, 506, 511, 513, 514, 515, 519, 521, 523, 524, 525, 526, 532, 533, 541, 542, 543, 545, 546, 553, 554, 562, 563, 564, 571, 573, 574, 575, 579, 580, 582, 583, 585, 586, 587, 588, 590, 595, 596, 597, 599, 600, 601, 602, 603, 604, 606, 610, 611, 612, 613, 614, 615, 617, 621, 627, 631, 632, 633, 634, 636, 639, 641, 643, 646, 647, 648, 649, 651, 652, 654, 657, 658, 659, 661, 669, 671, 672, 675, 676, 677, 678, 679, 681, 682, 683, 684, 686, 688, 695, 696, 699, 701, 703, 704, 707, 708, 709, 710, 711, 712, 715, 716, 717, 719, 720, 722, 729, 730, 733, 735, 736, 737, 740, 743, 746, 747, 748, 749, 750, 751, 752, 754, 755, 758, 759, 760, 761, 762, 764, 766, 798, 799, 801, 821, 840, 841, 842, 851, 853, 858, 859, 860, 864, 865, 866, 868, 869, 872, 875, 876, 877, 878, 879, 880, 881, 882, 884, 885, 886, 889, 890, 893, 895, 896, 897, 898, 899, 900, 902, 904, 929, 930, 931, 938, 939, 941, 943, 948, 949, 951, 954, 959, 960, 961, 962, 965, 970, 971, 972, 974, 980, 985, 986, 987, 989, 991, 992, 994, 995, 996, 997, 999, 1000, 1001, 1002, 1004, 1009, 1018, 1019, 1020, 1032, 1033, 1034], "excluded_lines": [], "functions": {"DashboardService.__init__": {"executed_lines": [], "summary": {"covered_lines": 0, "num_statements": 9, "percent_covered": 0.0, "percent_covered_display": "0", "missing_lines": 9, "excluded_lines": 0}, "missing_lines": [41, 42, 43, 46, 47, 49, 51, 52, 54], "excluded_lines": []}, "DashboardService.get_complete_dashboard_data": {"executed_lines": [], "summary": {"covered_lines": 0, "num_statements": 13, "percent_covered": 0.0, "percent_covered_display": "0", "missing_lines": 13, "excluded_lines": 0}, "missing_lines": [58, 60, 63, 66, 69, 72, 75, 77, 105, 106, 108, 109, 110], "excluded_lines": []}, "DashboardService._get_current_info": {"executed_lines": [], "summary": {"covered_lines": 0, "num_statements": 18, "percent_covered": 0.0, "percent_covered_display": "0", "missing_lines": 18, "excluded_lines": 0}, "missing_lines": [114, 116, 117, 119, 120, 121, 122, 123, 131, 132, 133, 134, 136, 147, 154, 156, 157, 158], "excluded_lines": []}, "DashboardService._get_ml_predictions": {"executed_lines": [], "summary": {"covered_lines": 0, "num_statements": 23, "percent_covered": 0.0, "percent_covered_display": "0", "missing_lines": 23, "excluded_lines": 0}, "missing_lines": [162, 163, 165, 167, 168, 169, 171, 174, 176, 181, 184, 189, 194, 199, 202, 207, 210, 214, 217, 270, 272, 273, 275], "excluded_lines": []}, "DashboardService._generate_recommendations": {"executed_lines": [], "summary": {"covered_lines": 0, "num_statements": 134, "percent_covered": 0.0, "percent_covered_display": "0", "missing_lines": 134, "excluded_lines": 0}, "missing_lines": [285, 301, 303, 304, 305, 308, 309, 310, 311, 312, 313, 314, 315, 316, 317, 318, 319, 320, 322, 323, 326, 327, 328, 329, 330, 333, 334, 335, 336, 339, 342, 343, 344, 345, 346, 347, 348, 350, 351, 352, 353, 354, 355, 357, 359, 360, 361, 362, 363, 364, 366, 369, 370, 371, 372, 375, 376, 377, 379, 380, 381, 382, 383, 384, 389, 390, 391, 392, 393, 395, 396, 397, 398, 400, 402, 403, 406, 407, 408, 409, 410, 412, 419, 420, 422, 424, 425, 426, 427, 430, 431, 432, 435, 436, 437, 438, 440, 441, 442, 443, 446, 447, 448, 449, 450, 452, 453, 454, 455, 457, 458, 459, 460, 463, 464, 465, 466, 469, 471, 474, 481, 484, 485, 486, 489, 501, 502, 504, 505, 506, 511, 513, 514, 515], "excluded_lines": []}, "DashboardService._generate_alerts": {"executed_lines": [], "summary": {"covered_lines": 0, "num_statements": 22, "percent_covered": 0.0, "percent_covered_display": "0", "missing_lines": 22, "excluded_lines": 0}, "missing_lines": [519, 521, 523, 524, 525, 526, 532, 533, 541, 542, 543, 545, 546, 553, 554, 562, 563, 564, 571, 573, 574, 575], "excluded_lines": []}, "DashboardService._calculate_price_trend": {"executed_lines": [], "summary": {"covered_lines": 0, "num_statements": 9, "percent_covered": 0.0, "percent_covered_display": "0", "missing_lines": 9, "excluded_lines": 0}, "missing_lines": [579, 580, 582, 583, 585, 586, 587, 588, 590], "excluded_lines": []}, "DashboardService._calculate_comfort_index": {"executed_lines": [], "summary": {"covered_lines": 0, "num_statements": 10, "percent_covered": 0.0, "percent_covered_display": "0", "missing_lines": 10, "excluded_lines": 0}, "missing_lines": [595, 596, 597, 599, 600, 601, 602, 603, 604, 606], "excluded_lines": []}, "DashboardService._interpret_energy_score": {"executed_lines": [], "summary": {"covered_lines": 0, "num_statements": 7, "percent_covered": 0.0, "percent_covered_display": "0", "missing_lines": 7, "excluded_lines": 0}, "missing_lines": [610, 611, 612, 613, 614, 615, 617], "excluded_lines": []}, "DashboardService._interpret_production_class": {"executed_lines": [], "summary": {"covered_lines": 0, "num_statements": 2, "percent_covered": 0.0, "percent_covered_display": "0", "missing_lines": 2, "excluded_lines": 0}, "missing_lines": [621, 627], "excluded_lines": []}, "DashboardService._get_weekly_forecast_heatmap": {"executed_lines": [], "summary": {"covered_lines": 0, "num_statements": 82, "percent_covered": 0.0, "percent_covered_display": "0", "missing_lines": 82, "excluded_lines": 0}, "missing_lines": [631, 632, 633, 634, 636, 639, 641, 643, 646, 647, 648, 649, 651, 652, 654, 657, 658, 659, 661, 669, 671, 672, 675, 676, 677, 678, 679, 681, 682, 683, 684, 686, 688, 695, 696, 699, 701, 703, 704, 707, 708, 709, 710, 711, 712, 715, 716, 717, 719, 720, 722, 729, 730, 733, 735, 736, 737, 740, 743, 746, 747, 748, 749, 750, 751, 752, 754, 755, 758, 759, 760, 761, 762, 764, 766, 798, 799, 801, 821, 840, 841, 842], "excluded_lines": []}, "DashboardService._get_next_hour_forecast": {"executed_lines": [], "summary": {"covered_lines": 0, "num_statements": 5, "percent_covered": 0.0, "percent_covered_display": "0", "missing_lines": 5, "excluded_lines": 0}, "missing_lines": [851, 853, 858, 859, 860], "excluded_lines": []}, "DashboardService._get_enhanced_forecast": {"executed_lines": [], "summary": {"covered_lines": 0, "num_statements": 31, "percent_covered": 0.0, "percent_covered_display": "0", "missing_lines": 31, "excluded_lines": 0}, "missing_lines": [864, 865, 866, 868, 869, 872, 875, 876, 877, 878, 879, 880, 881, 882, 884, 885, 886, 889, 890, 893, 895, 896, 897, 898, 899, 900, 902, 904, 929, 930, 931], "excluded_lines": []}, "DashboardService._get_siar_analysis": {"executed_lines": [], "summary": {"covered_lines": 0, "num_statements": 37, "percent_covered": 0.0, "percent_covered_display": "0", "missing_lines": 37, "excluded_lines": 0}, "missing_lines": [938, 939, 941, 943, 948, 949, 951, 954, 959, 960, 961, 962, 965, 970, 971, 972, 974, 980, 985, 986, 987, 989, 991, 992, 994, 995, 996, 997, 999, 1000, 1001, 1002, 1004, 1009, 1018, 1019, 1020], "excluded_lines": []}, "get_dashboard_service": {"executed_lines": [], "summary": {"covered_lines": 0, "num_statements": 3, "percent_covered": 0.0, "percent_covered_display": "0", "missing_lines": 3, "excluded_lines": 0}, "missing_lines": [1032, 1033, 1034], "excluded_lines": []}, "": {"executed_lines": [1, 12, 13, 14, 15, 17, 18, 19, 20, 21, 22, 24, 27, 28, 29, 30, 31, 32, 33, 34, 37, 38, 40, 56, 112, 160, 283, 517, 577, 592, 608, 619, 629, 849, 862, 936, 1027, 1029], "summary": {"covered_lines": 35, "num_statements": 35, "percent_covered": 100.0, "percent_covered_display": "100", "missing_lines": 0, "excluded_lines": 0}, "missing_lines": [], "excluded_lines": []}}, "classes": {"DashboardData": {"executed_lines": [], "summary": {"covered_lines": 0, "num_statements": 0, "percent_covered": 100.0, "percent_covered_display": "100", "missing_lines": 0, "excluded_lines": 0}, "missing_lines": [], "excluded_lines": []}, "DashboardService": {"executed_lines": [], "summary": {"covered_lines": 0, "num_statements": 402, "percent_covered": 0.0, "percent_covered_display": "0", "missing_lines": 402, "excluded_lines": 0}, "missing_lines": [41, 42, 43, 46, 47, 49, 51, 52, 54, 58, 60, 63, 66, 69, 72, 75, 77, 105, 106, 108, 109, 110, 114, 116, 117, 119, 120, 121, 122, 123, 131, 132, 133, 134, 136, 147, 154, 156, 157, 158, 162, 163, 165, 167, 168, 169, 171, 174, 176, 181, 184, 189, 194, 199, 202, 207, 210, 214, 217, 270, 272, 273, 275, 285, 301, 303, 304, 305, 308, 309, 310, 311, 312, 313, 314, 315, 316, 317, 318, 319, 320, 322, 323, 326, 327, 328, 329, 330, 333, 334, 335, 336, 339, 342, 343, 344, 345, 346, 347, 348, 350, 351, 352, 353, 354, 355, 357, 359, 360, 361, 362, 363, 364, 366, 369, 370, 371, 372, 375, 376, 377, 379, 380, 381, 382, 383, 384, 389, 390, 391, 392, 393, 395, 396, 397, 398, 400, 402, 403, 406, 407, 408, 409, 410, 412, 419, 420, 422, 424, 425, 426, 427, 430, 431, 432, 435, 436, 437, 438, 440, 441, 442, 443, 446, 447, 448, 449, 450, 452, 453, 454, 455, 457, 458, 459, 460, 463, 464, 465, 466, 469, 471, 474, 481, 484, 485, 486, 489, 501, 502, 504, 505, 506, 511, 513, 514, 515, 519, 521, 523, 524, 525, 526, 532, 533, 541, 542, 543, 545, 546, 553, 554, 562, 563, 564, 571, 573, 574, 575, 579, 580, 582, 583, 585, 586, 587, 588, 590, 595, 596, 597, 599, 600, 601, 602, 603, 604, 606, 610, 611, 612, 613, 614, 615, 617, 621, 627, 631, 632, 633, 634, 636, 639, 641, 643, 646, 647, 648, 649, 651, 652, 654, 657, 658, 659, 661, 669, 671, 672, 675, 676, 677, 678, 679, 681, 682, 683, 684, 686, 688, 695, 696, 699, 701, 703, 704, 707, 708, 709, 710, 711, 712, 715, 716, 717, 719, 720, 722, 729, 730, 733, 735, 736, 737, 740, 743, 746, 747, 748, 749, 750, 751, 752, 754, 755, 758, 759, 760, 761, 762, 764, 766, 798, 799, 801, 821, 840, 841, 842, 851, 853, 858, 859, 860, 864, 865, 866, 868, 869, 872, 875, 876, 877, 878, 879, 880, 881, 882, 884, 885, 886, 889, 890, 893, 895, 896, 897, 898, 899, 900, 902, 904, 929, 930, 931, 938, 939, 941, 943, 948, 949, 951, 954, 959, 960, 961, 962, 965, 970, 971, 972, 974, 980, 985, 986, 987, 989, 991, 992, 994, 995, 996, 997, 999, 1000, 1001, 1002, 1004, 1009, 1018, 1019, 1020], "excluded_lines": []}, "": {"executed_lines": [1, 12, 13, 14, 15, 17, 18, 19, 20, 21, 22, 24, 27, 28, 29, 30, 31, 32, 33, 34, 37, 38, 40, 56, 112, 160, 283, 517, 577, 592, 608, 619, 629, 849, 862, 936, 1027, 1029], "summary": {"covered_lines": 35, "num_statements": 38, "percent_covered": 92.10526315789474, "percent_covered_display": "92", "missing_lines": 3, "excluded_lines": 0}, "missing_lines": [1032, 1033, 1034], "excluded_lines": []}}}, "services/data_ingestion.py": {"executed_lines": [1, 15, 16, 17, 18, 19, 20, 21, 22, 23, 25, 26, 27, 28, 29, 30, 31, 37, 38, 39, 40, 41, 42, 43, 46, 47, 48, 49, 50, 51, 52, 53, 55, 56, 63, 64, 74, 82, 102, 109, 121, 129, 172, 191, 310, 318, 328, 374, 454, 537, 572, 681, 749, 786, 790, 801, 851, 857, 864], "summary": {"covered_lines": 55, "num_statements": 449, "percent_covered": 12.249443207126948, "percent_covered_display": "12", "missing_lines": 394, "excluded_lines": 0}, "missing_lines": [58, 59, 60, 75, 76, 77, 79, 80, 84, 90, 93, 94, 95, 96, 97, 98, 100, 104, 105, 106, 107, 111, 112, 113, 114, 115, 116, 117, 119, 124, 125, 127, 133, 134, 140, 149, 159, 160, 163, 164, 167, 168, 170, 174, 177, 178, 181, 182, 183, 186, 187, 189, 204, 205, 207, 208, 210, 211, 212, 215, 216, 218, 220, 221, 222, 223, 225, 226, 229, 230, 231, 233, 234, 236, 237, 238, 239, 240, 241, 243, 244, 245, 246, 247, 248, 250, 251, 253, 256, 257, 258, 259, 261, 267, 270, 271, 272, 273, 274, 276, 277, 278, 281, 282, 284, 285, 287, 289, 290, 291, 292, 295, 298, 299, 300, 301, 303, 306, 308, 312, 313, 314, 316, 320, 321, 323, 324, 326, 338, 339, 341, 343, 346, 347, 348, 349, 350, 353, 354, 355, 356, 357, 359, 363, 365, 366, 369, 371, 372, 384, 385, 386, 388, 389, 390, 392, 393, 396, 397, 398, 400, 403, 404, 405, 406, 409, 418, 420, 421, 422, 425, 426, 427, 428, 433, 434, 436, 437, 438, 439, 441, 443, 444, 445, 448, 449, 452, 458, 466, 467, 468, 469, 472, 475, 476, 477, 478, 479, 480, 483, 484, 485, 486, 487, 488, 491, 492, 493, 494, 495, 496, 499, 500, 501, 502, 503, 504, 507, 508, 509, 510, 511, 512, 515, 516, 519, 524, 525, 528, 529, 532, 533, 535, 539, 542, 543, 544, 547, 548, 549, 552, 553, 554, 557, 558, 559, 562, 563, 566, 567, 568, 570, 587, 588, 590, 591, 594, 595, 600, 601, 604, 605, 607, 609, 610, 611, 614, 615, 616, 617, 620, 621, 622, 623, 624, 625, 626, 627, 629, 630, 632, 633, 634, 637, 638, 639, 641, 642, 643, 644, 646, 647, 648, 649, 650, 651, 654, 655, 656, 657, 662, 663, 665, 666, 667, 668, 670, 671, 672, 675, 676, 679, 688, 689, 691, 692, 694, 695, 698, 699, 701, 702, 703, 706, 708, 709, 710, 711, 713, 715, 718, 719, 722, 723, 728, 729, 731, 732, 733, 734, 736, 738, 739, 740, 743, 744, 747, 765, 768, 770, 771, 772, 773, 774, 775, 777, 778, 779, 781, 784, 788, 793, 794, 796, 797, 799, 803, 804, 806, 808, 811, 814, 821, 823, 824, 825, 826, 831, 832, 833, 835, 843, 844, 853, 854, 859, 860, 865, 867, 869, 870, 874, 875, 877], "excluded_lines": [], "functions": {"DataIngestionStats.success_rate": {"executed_lines": [], "summary": {"covered_lines": 0, "num_statements": 3, "percent_covered": 0.0, "percent_covered_display": "0", "missing_lines": 3, "excluded_lines": 0}, "missing_lines": [58, 59, 60], "excluded_lines": []}, "DataIngestionService.__init__": {"executed_lines": [], "summary": {"covered_lines": 0, "num_statements": 5, "percent_covered": 0.0, "percent_covered_display": "0", "missing_lines": 5, "excluded_lines": 0}, "missing_lines": [75, 76, 77, 79, 80], "excluded_lines": []}, "DataIngestionService.__aenter__": {"executed_lines": [], "summary": {"covered_lines": 0, "num_statements": 9, "percent_covered": 0.0, "percent_covered_display": "0", "missing_lines": 9, "excluded_lines": 0}, "missing_lines": [84, 90, 93, 94, 95, 96, 97, 98, 100], "excluded_lines": []}, "DataIngestionService.__aexit__": {"executed_lines": [], "summary": {"covered_lines": 0, "num_statements": 4, "percent_covered": 0.0, "percent_covered_display": "0", "missing_lines": 4, "excluded_lines": 0}, "missing_lines": [104, 105, 106, 107], "excluded_lines": []}, "DataIngestionService._determine_season": {"executed_lines": [], "summary": {"covered_lines": 0, "num_statements": 8, "percent_covered": 0.0, "percent_covered_display": "0", "missing_lines": 8, "excluded_lines": 0}, "missing_lines": [111, 112, 113, 114, 115, 116, 117, 119], "excluded_lines": []}, "DataIngestionService._determine_day_type": {"executed_lines": [], "summary": {"covered_lines": 0, "num_statements": 3, "percent_covered": 0.0, "percent_covered_display": "0", "missing_lines": 3, "excluded_lines": 0}, "missing_lines": [124, 125, 127], "excluded_lines": []}, "DataIngestionService._transform_ree_price_to_influx_point": {"executed_lines": [], "summary": {"covered_lines": 0, "num_statements": 11, "percent_covered": 0.0, "percent_covered_display": "0", "missing_lines": 11, "excluded_lines": 0}, "missing_lines": [133, 134, 140, 149, 159, 160, 163, 164, 167, 168, 170], "excluded_lines": []}, "DataIngestionService._validate_price_data": {"executed_lines": [], "summary": {"covered_lines": 0, "num_statements": 9, "percent_covered": 0.0, "percent_covered_display": "0", "missing_lines": 9, "excluded_lines": 0}, "missing_lines": [174, 177, 178, 181, 182, 183, 186, 187, 189], "excluded_lines": []}, "DataIngestionService.ingest_ree_prices": {"executed_lines": [], "summary": {"covered_lines": 0, "num_statements": 67, "percent_covered": 0.0, "percent_covered_display": "0", "missing_lines": 67, "excluded_lines": 0}, "missing_lines": [204, 205, 207, 208, 210, 211, 212, 215, 216, 218, 220, 221, 222, 223, 225, 226, 229, 230, 231, 233, 234, 236, 237, 238, 239, 240, 241, 243, 244, 245, 246, 247, 248, 250, 251, 253, 256, 257, 258, 259, 261, 267, 270, 271, 272, 273, 274, 276, 277, 278, 281, 282, 284, 285, 287, 289, 290, 291, 292, 295, 298, 299, 300, 301, 303, 306, 308], "excluded_lines": []}, "DataIngestionService.ingest_current_prices": {"executed_lines": [], "summary": {"covered_lines": 0, "num_statements": 4, "percent_covered": 0.0, "percent_covered_display": "0", "missing_lines": 4, "excluded_lines": 0}, "missing_lines": [312, 313, 314, 316], "excluded_lines": []}, "DataIngestionService.ingest_daily_prices": {"executed_lines": [], "summary": {"covered_lines": 0, "num_statements": 5, "percent_covered": 0.0, "percent_covered_display": "0", "missing_lines": 5, "excluded_lines": 0}, "missing_lines": [320, 321, 323, 324, 326], "excluded_lines": []}, "DataIngestionService.backfill_historical_data": {"executed_lines": [], "summary": {"covered_lines": 0, "num_statements": 21, "percent_covered": 0.0, "percent_covered_display": "0", "missing_lines": 21, "excluded_lines": 0}, "missing_lines": [338, 339, 341, 343, 346, 347, 348, 349, 350, 353, 354, 355, 356, 357, 359, 363, 365, 366, 369, 371, 372], "excluded_lines": []}, "DataIngestionService.ingest_ree_prices_historical": {"executed_lines": [], "summary": {"covered_lines": 0, "num_statements": 38, "percent_covered": 0.0, "percent_covered_display": "0", "missing_lines": 38, "excluded_lines": 0}, "missing_lines": [384, 385, 386, 388, 389, 390, 392, 393, 396, 397, 398, 400, 403, 404, 405, 406, 409, 418, 420, 421, 422, 425, 426, 427, 428, 433, 434, 436, 437, 438, 439, 441, 443, 444, 445, 448, 449, 452], "excluded_lines": []}, "DataIngestionService._transform_aemet_weather_to_influx_point": {"executed_lines": [], "summary": {"covered_lines": 0, "num_statements": 46, "percent_covered": 0.0, "percent_covered_display": "0", "missing_lines": 46, "excluded_lines": 0}, "missing_lines": [458, 466, 467, 468, 469, 472, 475, 476, 477, 478, 479, 480, 483, 484, 485, 486, 487, 488, 491, 492, 493, 494, 495, 496, 499, 500, 501, 502, 503, 504, 507, 508, 509, 510, 511, 512, 515, 516, 519, 524, 525, 528, 529, 532, 533, 535], "excluded_lines": []}, "DataIngestionService._validate_weather_data": {"executed_lines": [], "summary": {"covered_lines": 0, "num_statements": 19, "percent_covered": 0.0, "percent_covered_display": "0", "missing_lines": 19, "excluded_lines": 0}, "missing_lines": [539, 542, 543, 544, 547, 548, 549, 552, 553, 554, 557, 558, 559, 562, 563, 566, 567, 568, 570], "excluded_lines": []}, "DataIngestionService.ingest_aemet_weather": {"executed_lines": [], "summary": {"covered_lines": 0, "num_statements": 60, "percent_covered": 0.0, "percent_covered_display": "0", "missing_lines": 60, "excluded_lines": 0}, "missing_lines": [587, 588, 590, 591, 594, 595, 600, 601, 604, 605, 607, 609, 610, 611, 614, 615, 616, 617, 620, 621, 622, 623, 624, 625, 626, 627, 629, 630, 632, 633, 634, 637, 638, 639, 641, 642, 643, 644, 646, 647, 648, 649, 650, 651, 654, 655, 656, 657, 662, 663, 665, 666, 667, 668, 670, 671, 672, 675, 676, 679], "excluded_lines": []}, "DataIngestionService.ingest_openweathermap_weather": {"executed_lines": [], "summary": {"covered_lines": 0, "num_statements": 35, "percent_covered": 0.0, "percent_covered_display": "0", "missing_lines": 35, "excluded_lines": 0}, "missing_lines": [688, 689, 691, 692, 694, 695, 698, 699, 701, 702, 703, 706, 708, 709, 710, 711, 713, 715, 718, 719, 722, 723, 728, 729, 731, 732, 733, 734, 736, 738, 739, 740, 743, 744, 747], "excluded_lines": []}, "DataIngestionService.ingest_hybrid_weather": {"executed_lines": [], "summary": {"covered_lines": 0, "num_statements": 13, "percent_covered": 0.0, "percent_covered_display": "0", "missing_lines": 13, "excluded_lines": 0}, "missing_lines": [765, 768, 770, 771, 772, 773, 774, 775, 777, 778, 779, 781, 784], "excluded_lines": []}, "DataIngestionService.ingest_current_weather": {"executed_lines": [], "summary": {"covered_lines": 0, "num_statements": 1, "percent_covered": 0.0, "percent_covered_display": "0", "missing_lines": 1, "excluded_lines": 0}, "missing_lines": [788], "excluded_lines": []}, "DataIngestionService.ingest_daily_weather": {"executed_lines": [], "summary": {"covered_lines": 0, "num_statements": 5, "percent_covered": 0.0, "percent_covered_display": "0", "missing_lines": 5, "excluded_lines": 0}, "missing_lines": [793, 794, 796, 797, 799], "excluded_lines": []}, "DataIngestionService.get_ingestion_status": {"executed_lines": [], "summary": {"covered_lines": 0, "num_statements": 17, "percent_covered": 0.0, "percent_covered_display": "0", "missing_lines": 17, "excluded_lines": 0}, "missing_lines": [803, 804, 806, 808, 811, 814, 821, 823, 824, 825, 826, 831, 832, 833, 835, 843, 844], "excluded_lines": []}, "run_daily_ingestion": {"executed_lines": [], "summary": {"covered_lines": 0, "num_statements": 2, "percent_covered": 0.0, "percent_covered_display": "0", "missing_lines": 2, "excluded_lines": 0}, "missing_lines": [853, 854], "excluded_lines": []}, "run_current_ingestion": {"executed_lines": [], "summary": {"covered_lines": 0, "num_statements": 2, "percent_covered": 0.0, "percent_covered_display": "0", "missing_lines": 2, "excluded_lines": 0}, "missing_lines": [859, 860], "excluded_lines": []}, "main": {"executed_lines": [], "summary": {"covered_lines": 0, "num_statements": 5, "percent_covered": 0.0, "percent_covered_display": "0", "missing_lines": 5, "excluded_lines": 0}, "missing_lines": [867, 869, 870, 874, 875], "excluded_lines": []}, "": {"executed_lines": [1, 15, 16, 17, 18, 19, 20, 21, 22, 23, 25, 26, 27, 28, 29, 30, 31, 37, 38, 39, 40, 41, 42, 43, 46, 47, 48, 49, 50, 51, 52, 53, 55, 56, 63, 64, 74, 82, 102, 109, 121, 129, 172, 191, 310, 318, 328, 374, 454, 537, 572, 681, 749, 786, 790, 801, 851, 857, 864], "summary": {"covered_lines": 55, "num_statements": 57, "percent_covered": 96.49122807017544, "percent_covered_display": "96", "missing_lines": 2, "excluded_lines": 0}, "missing_lines": [865, 877], "excluded_lines": []}}, "classes": {"InfluxDBConfig": {"executed_lines": [], "summary": {"covered_lines": 0, "num_statements": 0, "percent_covered": 100.0, "percent_covered_display": "100", "missing_lines": 0, "excluded_lines": 0}, "missing_lines": [], "excluded_lines": []}, "DataIngestionStats": {"executed_lines": [], "summary": {"covered_lines": 0, "num_statements": 3, "percent_covered": 0.0, "percent_covered_display": "0", "missing_lines": 3, "excluded_lines": 0}, "missing_lines": [58, 59, 60], "excluded_lines": []}, "DataIngestionService": {"executed_lines": [], "summary": {"covered_lines": 0, "num_statements": 380, "percent_covered": 0.0, "percent_covered_display": "0", "missing_lines": 380, "excluded_lines": 0}, "missing_lines": [75, 76, 77, 79, 80, 84, 90, 93, 94, 95, 96, 97, 98, 100, 104, 105, 106, 107, 111, 112, 113, 114, 115, 116, 117, 119, 124, 125, 127, 133, 134, 140, 149, 159, 160, 163, 164, 167, 168, 170, 174, 177, 178, 181, 182, 183, 186, 187, 189, 204, 205, 207, 208, 210, 211, 212, 215, 216, 218, 220, 221, 222, 223, 225, 226, 229, 230, 231, 233, 234, 236, 237, 238, 239, 240, 241, 243, 244, 245, 246, 247, 248, 250, 251, 253, 256, 257, 258, 259, 261, 267, 270, 271, 272, 273, 274, 276, 277, 278, 281, 282, 284, 285, 287, 289, 290, 291, 292, 295, 298, 299, 300, 301, 303, 306, 308, 312, 313, 314, 316, 320, 321, 323, 324, 326, 338, 339, 341, 343, 346, 347, 348, 349, 350, 353, 354, 355, 356, 357, 359, 363, 365, 366, 369, 371, 372, 384, 385, 386, 388, 389, 390, 392, 393, 396, 397, 398, 400, 403, 404, 405, 406, 409, 418, 420, 421, 422, 425, 426, 427, 428, 433, 434, 436, 437, 438, 439, 441, 443, 444, 445, 448, 449, 452, 458, 466, 467, 468, 469, 472, 475, 476, 477, 478, 479, 480, 483, 484, 485, 486, 487, 488, 491, 492, 493, 494, 495, 496, 499, 500, 501, 502, 503, 504, 507, 508, 509, 510, 511, 512, 515, 516, 519, 524, 525, 528, 529, 532, 533, 535, 539, 542, 543, 544, 547, 548, 549, 552, 553, 554, 557, 558, 559, 562, 563, 566, 567, 568, 570, 587, 588, 590, 591, 594, 595, 600, 601, 604, 605, 607, 609, 610, 611, 614, 615, 616, 617, 620, 621, 622, 623, 624, 625, 626, 627, 629, 630, 632, 633, 634, 637, 638, 639, 641, 642, 643, 644, 646, 647, 648, 649, 650, 651, 654, 655, 656, 657, 662, 663, 665, 666, 667, 668, 670, 671, 672, 675, 676, 679, 688, 689, 691, 692, 694, 695, 698, 699, 701, 702, 703, 706, 708, 709, 710, 711, 713, 715, 718, 719, 722, 723, 728, 729, 731, 732, 733, 734, 736, 738, 739, 740, 743, 744, 747, 765, 768, 770, 771, 772, 773, 774, 775, 777, 778, 779, 781, 784, 788, 793, 794, 796, 797, 799, 803, 804, 806, 808, 811, 814, 821, 823, 824, 825, 826, 831, 832, 833, 835, 843, 844], "excluded_lines": []}, "": {"executed_lines": [1, 15, 16, 17, 18, 19, 20, 21, 22, 23, 25, 26, 27, 28, 29, 30, 31, 37, 38, 39, 40, 41, 42, 43, 46, 47, 48, 49, 50, 51, 52, 53, 55, 56, 63, 64, 74, 82, 102, 109, 121, 129, 172, 191, 310, 318, 328, 374, 454, 537, 572, 681, 749, 786, 790, 801, 851, 857, 864], "summary": {"covered_lines": 55, "num_statements": 66, "percent_covered": 83.33333333333333, "percent_covered_display": "83", "missing_lines": 11, "excluded_lines": 0}, "missing_lines": [853, 854, 859, 860, 865, 867, 869, 870, 874, 875, 877], "excluded_lines": []}}}, "services/direct_ml.py": {"executed_lines": [1, 6, 7, 8, 9, 10, 11, 12, 14, 15, 16, 17, 18, 19, 21, 23, 25, 26, 28, 29, 30, 33, 34, 37, 40, 41, 44, 46, 48, 50,
[...]
37, 640, 643, 644, 645, 646, 647, 650, 651, 652, 653, 654, 655, 657, 658, 661, 662, 663, 668, 669, 671, 672, 673, 680, 682, 683, 686, 689, 692, 694, 695, 696, 699, 702, 703, 704, 705, 708, 709, 710, 711, 714, 715, 716, 717, 720, 721, 722, 723, 724, 726, 727, 730, 731, 732, 737, 738, 740, 741, 742, 749, 751, 752, 755, 758, 760, 761, 763, 765, 766, 768, 771, 772, 777, 784, 785, 787, 792, 793, 795, 796, 797, 807, 809, 810, 813, 815, 818, 819, 820, 821, 824, 826, 827, 828, 831, 833, 834, 835, 836, 839, 840, 843, 844, 850, 851, 856, 857, 858, 865, 866, 868, 869, 870, 872, 880, 888, 889, 890, 891, 892, 894, 895, 896, 898, 899, 900, 904, 905, 906, 907, 909, 910, 911, 915, 916, 917, 918, 920, 921, 922], "excluded_lines": []}, "": {"executed_lines": [], "summary": {"covered_lines": 0, "num_statements": 80, "percent_covered": 0.0, "percent_covered_display": "0", "missing_lines": 80, "excluded_lines": 0}, "missing_lines": [16, 17, 18, 19, 20, 21, 22, 23, 24, 25, 26, 27, 29, 32, 34, 35, 36, 37, 38, 41, 42, 43, 44, 47, 49, 50, 51, 52, 53, 54, 55, 56, 57, 60, 71, 104, 128, 142, 146, 168, 183, 310, 335, 352, 382, 398, 425, 456, 473, 483, 619, 678, 747, 802, 863, 886, 902, 913, 926, 929, 933, 934, 936, 939, 941, 942, 945, 949, 950, 951, 955, 956, 958, 960, 961, 964, 967, 968, 971, 973], "excluded_lines": []}}}, "services/siar_analysis_service.py": {"executed_lines": [], "summary": {"covered_lines": 0, "num_statements": 196, "percent_covered": 0.0, "percent_covered_display": "0", "missing_lines": 196, "excluded_lines": 0}, "missing_lines": [17, 18, 19, 20, 22, 23, 24, 25, 27, 29, 32, 33, 35, 36, 37, 38, 39, 40, 41, 44, 45, 47, 48, 49, 50, 51, 52, 53, 56, 57, 59, 60, 61, 62, 63, 64, 67, 77, 79, 80, 81, 84, 91, 93, 100, 102, 105, 116, 125, 126, 129, 130, 131, 132, 133, 134, 141, 142, 143, 144, 145, 146, 152, 153, 155, 160, 162, 163, 164, 166, 177, 180, 183, 192, 201, 206, 217, 222, 232, 237, 243, 244, 246, 248, 255, 258, 261, 262, 265, 266, 271, 272, 274, 275, 278, 279, 282, 285, 293, 295, 305, 307, 312, 315, 316, 318, 320, 327, 330, 332, 335, 336, 337, 340, 341, 342, 344, 372, 373, 374, 376, 377, 378, 380, 407, 409, 410, 413, 414, 416, 418, 431, 434, 437, 438, 440, 442, 443, 444, 447, 455, 456, 457, 465, 468, 469, 470, 471, 472, 473, 476, 497, 499, 501, 507, 520, 521, 522, 523, 525, 528, 529, 530, 531, 533, 536, 538, 540, 548, 549, 550, 552, 553, 556, 557, 559, 561, 567, 568, 569, 570, 571, 572, 573, 574, 576, 578, 585, 588, 589, 590, 593, 594, 596, 650, 656], "excluded_lines": [], "functions": {"SIARAnalysisService.__init__": {"executed_lines": [], "summary": {"covered_lines": 0, "num_statements": 5, "percent_covered": 0.0, "percent_covered_display": "0", "missing_lines": 5, "excluded_lines": 0}, "missing_lines": [79, 80, 81, 84, 91], "excluded_lines": []}, "SIARAnalysisService.extract_siar_complete_history": {"executed_lines": [], "summary": {"covered_lines": 0, "num_statements": 25, "percent_covered": 0.0, "percent_covered_display": "0", "missing_lines": 25, "excluded_lines": 0}, "missing_lines": [100, 102, 105, 116, 125, 126, 129, 130, 131, 132, 133, 134, 141, 142, 143, 144, 145, 146, 152, 153, 155, 160, 162, 163, 164], "excluded_lines": []}, "SIARAnalysisService.calculate_production_correlations": {"executed_lines": [], "summary": {"covered_lines": 0, "num_statements": 13, "percent_covered": 0.0, "percent_covered_display": "0", "missing_lines": 13, "excluded_lines": 0}, "missing_lines": [177, 180, 183, 192, 201, 206, 217, 222, 232, 237, 243, 244, 246], "excluded_lines": []}, "SIARAnalysisService.detect_seasonal_patterns": {"executed_lines": [], "summary": {"covered_lines": 0, "num_statements": 22, "percent_covered": 0.0, "percent_covered_display": "0", "missing_lines": 22, "excluded_lines": 0}, "missing_lines": [255, 258, 261, 262, 265, 266, 271, 272, 274, 275, 278, 279, 282, 285, 293, 295, 305, 307, 312, 315, 316, 318], "excluded_lines": []}, "SIARAnalysisService.identify_critical_thresholds": {"executed_lines": [], "summary": {"covered_lines": 0, "num_statements": 23, "percent_covered": 0.0, "percent_covered_display": "0", "missing_lines": 23, "excluded_lines": 0}, "missing_lines": [327, 330, 332, 335, 336, 337, 340, 341, 342, 344, 372, 373, 374, 376, 377, 378, 380, 407, 409, 410, 413, 414, 416], "excluded_lines": []}, "SIARAnalysisService.contextualize_aemet_forecast": {"executed_lines": [], "summary": {"covered_lines": 0, "num_statements": 23, "percent_covered": 0.0, "percent_covered_display": "0", "missing_lines": 23, "excluded_lines": 0}, "missing_lines": [431, 434, 437, 438, 440, 442, 443, 444, 447, 455, 456, 457, 465, 468, 469, 470, 471, 472, 473, 476, 497, 499, 501], "excluded_lines": []}, "SIARAnalysisService._calculate_production_efficiency_proxy": {"executed_lines": [], "summary": {"covered_lines": 0, "num_statements": 12, "percent_covered": 0.0, "percent_covered_display": "0", "missing_lines": 12, "excluded_lines": 0}, "missing_lines": [520, 521, 522, 523, 525, 528, 529, 530, 531, 533, 536, 538], "excluded_lines": []}, "SIARAnalysisService._calculate_confidence_interval": {"executed_lines": [], "summary": {"covered_lines": 0, "num_statements": 8, "percent_covered": 0.0, "percent_covered_display": "0", "missing_lines": 8, "excluded_lines": 0}, "missing_lines": [548, 549, 550, 552, 553, 556, 557, 559], "excluded_lines": []}, "SIARAnalysisService._generate_recommendation": {"executed_lines": [], "summary": {"covered_lines": 0, "num_statements": 9, "percent_covered": 0.0, "percent_covered_display": "0", "missing_lines": 9, "excluded_lines": 0}, "missing_lines": [567, 568, 569, 570, 571, 572, 573, 574, 576], "excluded_lines": []}, "SIARAnalysisService.get_analysis_summary": {"executed_lines": [], "summary": {"covered_lines": 0, "num_statements": 9, "percent_covered": 0.0, "percent_covered_display": "0", "missing_lines": 9, "excluded_lines": 0}, "missing_lines": [585, 588, 589, 590, 593, 594, 596, 650, 656], "excluded_lines": []}, "": {"executed_lines": [], "summary": {"covered_lines": 0, "num_statements": 47, "percent_covered": 0.0, "percent_covered_display": "0", "missing_lines": 47, "excluded_lines": 0}, "missing_lines": [17, 18, 19, 20, 22, 23, 24, 25, 27, 29, 32, 33, 35, 36, 37, 38, 39, 40, 41, 44, 45, 47, 48, 49, 50, 51, 52, 53, 56, 57, 59, 60, 61, 62, 63, 64, 67, 77, 93, 166, 248, 320, 418, 507, 540, 561, 578], "excluded_lines": []}}, "classes": {"CorrelationResult": {"executed_lines": [], "summary": {"covered_lines": 0, "num_statements": 0, "percent_covered": 100.0, "percent_covered_display": "100", "missing_lines": 0, "excluded_lines": 0}, "missing_lines": [], "excluded_lines": []}, "SeasonalPattern": {"executed_lines": [], "summary": {"covered_lines": 0, "num_statements": 0, "percent_covered": 100.0, "percent_covered_display": "100", "missing_lines": 0, "excluded_lines": 0}, "missing_lines": [], "excluded_lines": []}, "CriticalThreshold": {"executed_lines": [], "summary": {"covered_lines": 0, "num_statements": 0, "percent_covered": 100.0, "percent_covered_display": "100", "missing_lines": 0, "excluded_lines": 0}, "missing_lines": [], "excluded_lines": []}, "SIARAnalysisService": {"executed_lines": [], "summary": {"covered_lines": 0, "num_statements": 149, "percent_covered": 0.0, "percent_covered_display": "0", "missing_lines": 149, "excluded_lines": 0}, "missing_lines": [79, 80, 81, 84, 91, 100, 102, 105, 116, 125, 126, 129, 130, 131, 132, 133, 134, 141, 142, 143, 144, 145, 146, 152, 153, 155, 160, 162, 163, 164, 177, 180, 183, 192, 201, 206, 217, 222, 232, 237, 243, 244, 246, 255, 258, 261, 262, 265, 266, 271, 272, 274, 275, 278, 279, 282, 285, 293, 295, 305, 307, 312, 315, 316, 318, 327, 330, 332, 335, 336, 337, 340, 341, 342, 344, 372, 373, 374, 376, 377, 378, 380, 407, 409, 410, 413, 414, 416, 431, 434, 437, 438, 440, 442, 443, 444, 447, 455, 456, 457, 465, 468, 469, 470, 471, 472, 473, 476, 497, 499, 501, 520, 521, 522, 523, 525, 528, 529, 530, 531, 533, 536, 538, 548, 549, 550, 552, 553, 556, 557, 559, 567, 568, 569, 570, 571, 572, 573, 574, 576, 585, 588, 589, 590, 593, 594, 596, 650, 656], "excluded_lines": []}, "": {"executed_lines": [], "summary": {"covered_lines": 0, "num_statements": 47, "percent_covered": 0.0, "percent_covered_display": "0", "missing_lines": 47, "excluded_lines": 0}, "missing_lines": [17, 18, 19, 20, 22, 23, 24, 25, 27, 29, 32, 33, 35, 36, 37, 38, 39, 40, 41, 44, 45, 47, 48, 49, 50, 51, 52, 53, 56, 57, 59, 60, 61, 62, 63, 64, 67, 77, 93, 166, 248, 320, 418, 507, 540, 561, 578], "excluded_lines": []}}}, "services/siar_etl.py": {"executed_lines": [1, 9, 10, 11, 12, 13, 14, 15, 16, 17, 18, 20, 21, 24, 25, 29, 34, 51, 71, 144, 153, 198, 329, 478, 489, 517, 524], "summary": {"covered_lines": 25, "num_statements": 257, "percent_covered": 9.727626459143968, "percent_covered_display": "10", "missing_lines": 232, "excluded_lines": 0}, "missing_lines": [30, 31, 32, 39, 42, 44, 45, 46, 48, 49, 56, 59, 60, 61, 62, 65, 66, 67, 69, 79, 81, 82, 85, 88, 89, 90, 93, 94, 95, 97, 100, 117, 118, 120, 121, 122, 125, 126, 128, 129, 131, 132, 134, 136, 138, 140, 141, 142, 146, 147, 148, 149, 150, 151, 160, 162, 164, 166, 167, 169, 170, 171, 172, 173, 175, 176, 177, 179, 182, 183, 184, 187, 188, 189, 191, 192, 194, 195, 196, 203, 205, 206, 209, 210, 211, 212, 213, 214, 215, 216, 217, 219, 220, 223, 224, 226, 228, 229, 231, 232, 234, 235, 237, 239, 240, 243, 244, 245, 247, 248, 249, 250, 251, 252, 255, 256, 257, 258, 261, 262, 265, 268, 288, 289, 292, 293, 296, 297, 299, 300, 301, 302, 304, 305, 306, 307, 310, 311, 313, 314, 316, 317, 319, 321, 323, 325, 326, 327, 339, 341, 342, 347, 348, 349, 350, 351, 352, 353, 354, 355, 357, 358, 361, 364, 365, 366, 367, 370, 371, 373, 374, 375, 378, 381, 382, 384, 385, 388, 389, 390, 394, 414, 416, 417, 419, 420, 423, 424, 425, 426, 428, 431, 451, 452, 454, 455, 456, 457, 460, 461, 462, 464, 465, 466, 467, 469, 470, 472, 474, 475, 476, 480, 481, 482, 484, 485, 486, 487, 497, 499, 501, 504, 505, 508, 510, 512, 513, 514, 519, 520, 521, 525], "excluded_lines": [], "functions": {"SiarETL.__init__": {"executed_lines": [], "summary": {"covered_lines": 0, "num_statements": 3, "percent_covered": 0.0, "percent_covered_display": "0", "missing_lines": 3, "excluded_lines": 0}, "missing_lines": [30, 31, 32], "excluded_lines": []}, "SiarETL.download_sample_data": {"executed_lines": [], "summary": {"covered_lines": 0, "num_statements": 7, "percent_covered": 0.0, "percent_covered_display": "0", "missing_lines": 7, "excluded_lines": 0}, "missing_lines": [39, 42, 44, 45, 46, 48, 49], "excluded_lines": []}, "SiarETL._generate_sample_csv_data": {"executed_lines": [], "summary": {"covered_lines": 0, "num_statements": 9, "percent_covered": 0.0, "percent_covered_display": "0", "missing_lines": 9, "excluded_lines": 0}, "missing_lines": [56, 59, 60, 61, 62, 65, 66, 67, 69], "excluded_lines": []}, "SiarETL.process_csv_file": {"executed_lines": [], "summary": {"covered_lines": 0, "num_statements": 29, "percent_covered": 0.0, "percent_covered_display": "0", "missing_lines": 29, "excluded_lines": 0}, "missing_lines": [79, 81, 82, 85, 88, 89, 90, 93, 94, 95, 97, 100, 117, 118, 120, 121, 122, 125, 126, 128, 129, 131, 132, 134, 136, 138, 140, 141, 142], "excluded_lines": []}, "SiarETL._safe_float": {"executed_lines": [], "summary": {"covered_lines": 0, "num_statements": 6, "percent_covered": 0.0, "percent_covered_display": "0", "missing_lines": 6, "excluded_lines": 0}, "missing_lines": [146, 147, 148, 149, 150, 151], "excluded_lines": []}, "SiarETL.process_real_siar_files": {"executed_lines": [], "summary": {"covered_lines": 0, "num_statements": 25, "percent_covered": 0.0, "percent_covered_display": "0", "missing_lines": 25, "excluded_lines": 0}, "missing_lines": [160, 162, 164, 166, 167, 169, 170, 171, 172, 173, 175, 176, 177, 179, 182, 183, 184, 187, 188, 189, 191, 192, 194, 195, 196], "excluded_lines": []}, "SiarETL.process_real_siar_csv_simple": {"executed_lines": [], "summary": {"covered_lines": 0, "num_statements": 69, "percent_covered": 0.0, "percent_covered_display": "0", "missing_lines": 69, "excluded_lines": 0}, "missing_lines": [203, 205, 206, 209, 210, 211, 212, 213, 214, 215, 216, 217, 219, 220, 223, 224, 226, 228, 229, 231, 232, 234, 235, 237, 239, 240, 243, 244, 245, 247, 248, 249, 250, 251, 252, 255, 256, 257, 258, 261, 262, 265, 268, 288, 289, 292, 293, 296, 297, 299, 300, 301, 302, 304, 305, 306, 307, 310, 311, 313, 314, 316, 317, 319, 321, 323, 325, 326, 327], "excluded_lines": []}, "SiarETL.process_real_siar_csv": {"executed_lines": [], "summary": {"covered_lines": 0, "num_statements": 63, "percent_covered": 0.0, "percent_covered_display": "0", "missing_lines": 63, "excluded_lines": 0}, "missing_lines": [339, 341, 342, 347, 348, 349, 350, 351, 352, 353, 354, 355, 357, 358, 361, 364, 365, 366, 367, 370, 371, 373, 374, 375, 378, 381, 382, 384, 385, 388, 389, 390, 394, 414, 416, 417, 419, 420, 423, 424, 425, 426, 428, 431, 451, 452, 454, 455, 456, 457, 460, 461, 462, 464, 465, 466, 467, 469, 470, 472, 474, 475, 476], "excluded_lines": []}, "SiarETL._safe_float_comma": {"executed_lines": [], "summary": {"covered_lines": 0, "num_statements": 7, "percent_covered": 0.0, "percent_covered_display": "0", "missing_lines": 7, "excluded_lines": 0}, "missing_lines": [480, 481, 482, 484, 485, 486, 487], "excluded_lines": []}, "SiarETL.download_and_process_station": {"executed_lines": [], "summary": {"covered_lines": 0, "num_statements": 10, "percent_covered": 0.0, "percent_covered_display": "0", "missing_lines": 10, "excluded_lines": 0}, "missing_lines": [497, 499, 501, 504, 505, 508, 510, 512, 513, 514], "excluded_lines": []}, "main": {"executed_lines": [], "summary": {"covered_lines": 0, "num_statements": 3, "percent_covered": 0.0, "percent_covered_display": "0", "missing_lines": 3, "excluded_lines": 0}, "missing_lines": [519, 520, 521], "excluded_lines": []}, "": {"executed_lines": [1, 9, 10, 11, 12, 13, 14, 15, 16, 17, 18, 20, 21, 24, 25, 29, 34, 51, 71, 144, 153, 198, 329, 478, 489, 517, 524], "summary": {"covered_lines": 25, "num_statements": 26, "percent_covered": 96.15384615384616, "percent_covered_display": "96", "missing_lines": 1, "excluded_lines": 0}, "missing_lines": [525], "excluded_lines": []}}, "classes": {"SiarETL": {"executed_lines": [], "summary": {"covered_lines": 0, "num_statements": 228, "percent_covered": 0.0, "percent_covered_display": "0", "missing_lines": 228, "excluded_lines": 0}, "missing_lines": [30, 31, 32, 39, 42, 44, 45, 46, 48, 49, 56, 59, 60, 61, 62, 65, 66, 67, 69, 79, 81, 82, 85, 88, 89, 90, 93, 94, 95, 97, 100, 117, 118, 120, 121, 122, 125, 126, 128, 129, 131, 132, 134, 136, 138, 140, 141, 142, 146, 147, 148, 149, 150, 151, 160, 162, 164, 166, 167, 169, 170, 171, 172, 173, 175, 176, 177, 179, 182, 183, 184, 187, 188, 189, 191, 192, 194, 195, 196, 203, 205, 206, 209, 210, 211, 212, 213, 214, 215, 216, 217, 219, 220, 223, 224, 226, 228, 229, 231, 232, 234, 235, 237, 239, 240, 243, 244, 245, 247, 248, 249, 250, 251, 252, 255, 256, 257, 258, 261, 262, 265, 268, 288, 289, 292, 293, 296, 297, 299, 300, 301, 302, 304, 305, 306, 307, 310, 311, 313, 314, 316, 317, 319, 321, 323, 325, 326, 327, 339, 341, 342, 347, 348, 349, 350, 351, 352, 353, 354, 355, 357, 358, 361, 364, 365, 366, 367, 370, 371, 373, 374, 375, 378, 381, 382, 384, 385, 388, 389, 390, 394, 414, 416, 417, 419, 420, 423, 424, 425, 426, 428, 431, 451, 452, 454, 455, 456, 457, 460, 461, 462, 464, 465, 466, 467, 469, 470, 472, 474, 475, 476, 480, 481, 482, 484, 485, 486, 487, 497, 499, 501, 504, 505, 508, 510, 512, 513, 514], "excluded_lines": []}, "": {"executed_lines": [1, 9, 10, 11, 12, 13, 14, 15, 16, 17, 18, 20, 21, 24, 25, 29, 34, 51, 71, 144, 153, 198, 329, 478, 489, 517, 524], "summary": {"covered_lines": 25, "num_statements": 29, "percent_covered": 86.20689655172414, "percent_covered_display": "86", "missing_lines": 4, "excluded_lines": 0}, "missing_lines": [519, 520, 521, 525], "excluded_lines": []}}}, "services/weather_aggregation_service.py": {"executed_lines": [1, 20, 21, 22, 24, 25, 26, 27, 29, 32, 33, 42, 54, 55, 57, 75, 78, 79, 80, 83, 85, 88, 89, 90, 94, 95, 96, 97, 101, 102, 103, 106, 107, 108, 112, 113, 119, 121, 122, 125, 127, 132, 134, 135, 136, 138, 139, 142, 144, 146, 147, 148, 150, 152, 153, 155, 159, 160, 161, 162, 163, 164, 165, 166, 168, 170, 171, 176], "summary": {"covered_lines": 66, "num_statements": 90, "percent_covered": 73.33333333333333, "percent_covered_display": "73", "missing_lines": 24, "excluded_lines": 0}, "missing_lines": [81, 91, 109, 126, 128, 129, 130, 173, 174, 183, 190, 191, 192, 197, 198, 199, 202, 203, 204, 205, 209, 210, 211, 213], "excluded_lines": [], "functions": {"WeatherAggregationService.__init__": {"executed_lines": [54, 55], "summary": {"covered_lines": 2, "num_statements": 2, "percent_covered": 100.0, "percent_covered_display": "100", "missing_lines": 0, "excluded_lines": 0}, "missing_lines": [], "excluded_lines": []}, "WeatherAggregationService.get_current_weather": {"executed_lines": [75, 78, 79, 80, 83, 85, 88, 89, 90, 94, 95, 96, 97, 101, 102, 103, 106, 107, 108, 112, 113], "summary": {"covered_lines": 21, "num_statements": 24, "percent_covered": 87.5, "percent_covered_display": "88", "missing_lines": 3, "excluded_lines": 0}, "missing_lines": [81, 91, 109], "excluded_lines": []}, "WeatherAggregationService._get_aemet_weather": {"executed_lines": [121, 122, 125, 127], "summary": {"covered_lines": 4, "num_statements": 8, "percent_covered": 50.0, "percent_covered_display": "50", "missing_lines": 4, "excluded_lines": 0}, "missing_lines": [126, 128, 129, 130], "excluded_lines": []}, "WeatherAggregationService._get_openweathermap_weather": {"executed_lines": [134, 135, 136, 138, 139, 142, 144, 146, 147, 148], "summary": {"covered_lines": 10, "num_statements": 10, "percent_covered": 100.0, "percent_covered_display": "100", "missing_lines": 0, "excluded_lines": 0}, "missing_lines": [], "excluded_lines": []}, "WeatherAggregationService._persist_openweathermap": {"executed_lines": [152, 153, 155, 159, 160, 161, 162, 163, 164, 165, 166, 168, 170, 171], "summary": {"covered_lines": 14, "num_statements": 16, "percent_covered": 87.5, "percent_covered_display": "88", "missing_lines": 2, "excluded_lines": 0}, "missing_lines": [173, 174], "excluded_lines": []}, "WeatherAggregationService.ingest_weather_hybrid": {"executed_lines": [], "summary": {"covered_lines": 0, "num_statements": 15, "percent_covered": 0.0, "percent_covered_display": "0", "missing_lines": 15, "excluded_lines": 0}, "missing_lines": [183, 190, 191, 192, 197, 198, 199, 202, 203, 204, 205, 209, 210, 211, 213], "excluded_lines": []}, "": {"executed_lines": [1, 20, 21, 22, 24, 25, 26, 27, 29, 32, 33, 42, 57, 119, 132, 150, 176], "summary": {"covered_lines": 15, "num_statements": 15, "percent_covered": 100.0, "percent_covered_display": "100", "missing_lines": 0, "excluded_lines": 0}, "missing_lines": [], "excluded_lines": []}}, "classes": {"WeatherAggregationService": {"executed_lines": [54, 55, 75, 78, 79, 80, 83, 85, 88, 89, 90, 94, 95, 96, 97, 101, 102, 103, 106, 107, 108, 112, 113, 121, 122, 125, 127, 134, 135, 136, 138, 139, 142, 144, 146, 147, 148, 152, 153, 155, 159, 160, 161, 162, 163, 164, 165, 166, 168, 170, 171], "summary": {"covered_lines": 51, "num_statements": 75, "percent_covered": 68.0, "percent_covered_display": "68", "missing_lines": 24, "excluded_lines": 0}, "missing_lines": [81, 91, 109, 126, 128, 129, 130, 173, 174, 183, 190, 191, 192, 197, 198, 199, 202, 203, 204, 205, 209, 210, 211, 213], "excluded_lines": []}, "": {"executed_lines": [1, 20, 21, 22, 24, 25, 26, 27, 29, 32, 33, 42, 57, 119, 132, 150, 176], "summary": {"covered_lines": 15, "num_statements": 15, "percent_covered": 100.0, "percent_covered_display": "100", "missing_lines": 0, "excluded_lines": 0}, "missing_lines": [], "excluded_lines": []}}}}, "totals": {"covered_lines": 1260, "num_statements": 6517, "percent_covered": 19.33404940923738, "percent_covered_display": "19", "missing_lines": 5257, "excluded_lines": 0}}