{"meta": {"format": 3, "version": "7.11.0", "timestamp": "2025-10-30T20:40:50.045884", "branch_coverage": false, "show_contexts": false}, "files": {"api/__init__.py": {"executed_lines": [0], "summary": {"covered_lines": 0, "num_statements": 0, "percent_covered": 100.0, "percent_covered_display": "100", "missing_lines": 0, "excluded_lines": 0}, "missing_lines": [], "excluded_lines": [], "functions": {"": {"executed_lines": [], "summary": {"covered_lines": 0, "num_statements": 0, "percent_covered": 100.0, "percent_covered_display": "100", "missing_lines": 0, "excluded_lines": 0}, "missing_lines": [], "excluded_lines": []}}, "classes": {"": {"executed_lines": [], "summary": {"covered_lines": 0, "num_statements": 0, "percent_covered": 100.0, "percent_covered_display": "100", "missing_lines": 0, "excluded_lines": 0}, "missing_lines": [], "excluded_lines": []}}}, "api/routers/__init__.py": {"executed_lines": [1, 3, 4, 5, 6, 7, 8, 9, 10, 11, 12, 13, 14, 16], "summary": {"covered_lines": 13, "num_statements": 13, "percent_covered": 100.0, "percent_covered_display": "100", "missing_lines": 0, "excluded_lines": 0}, "missing_lines": [], "excluded_lines": [], "functions": {"": {"executed_lines": [1, 3, 4, 5, 6, 7, 8, 9, 10, 11, 12, 13, 14, 16], "summary": {"covered_lines": 13, "num_statements": 13, "percent_covered": 100.0, "percent_covered_display": "100", "missing_lines": 0, "excluded_lines": 0}, "missing_lines": [], "excluded_lines": []}}, "classes": {"": {"executed_lines": [1, 3, 4, 5, 6, 7, 8, 9, 10, 11, 12, 13, 14, 16], "summary": {"covered_lines": 13, "num_statements": 13, "percent_covered": 100.0, "percent_covered_display": "100", "missing_lines": 0, "excluded_lines": 0}, "missing_lines": [], "excluded_lines": []}}}, "api/routers/analysis.py": {"executed_lines": [1, 8, 9, 10, 11, 13, 15, 18, 19, 45, 46, 88, 89, 149, 150, 198, 199], "summary": {"covered_lines": 16, "num_statements": 84, "percent_covered": 19.047619047619047, "percent_covered_display": "19", "missing_lines": 68, "excluded_lines": 0}, "missing_lines": [28, 29, 31, 32, 34, 40, 41, 42, 53, 54, 56, 57, 60, 61, 63, 66, 68, 76, 83, 84, 85, 96, 97, 99, 100, 103, 104, 105, 107, 108, 116, 119, 120, 127, 128, 135, 144, 145, 146, 157, 158, 160, 161, 164, 165, 166, 168, 169, 176, 179, 180, 181, 182, 184, 193, 194, 195, 208, 209, 210, 213, 216, 226, 227, 229, 239, 240, 241], "excluded_lines": [], "functions": {"get_siar_analysis_summary": {"executed_lines": [], "summary": {"covered_lines": 0, "num_statements": 8, "percent_covered": 0.0, "percent_covered_display": "0", "missing_lines": 8, "excluded_lines": 0}, "missing_lines": [28, 29, 31, 32, 34, 40, 41, 42], "excluded_lines": []}, "get_weather_correlation": {"executed_lines": [], "summary": {"covered_lines": 0, "num_statements": 13, "percent_covered": 0.0, "percent_covered_display": "0", "missing_lines": 13, "excluded_lines": 0}, "missing_lines": [53, 54, 56, 57, 60, 61, 63, 66, 68, 76, 83, 84, 85], "excluded_lines": []}, "get_seasonal_patterns": {"executed_lines": [], "summary": {"covered_lines": 0, "num_statements": 18, "percent_covered": 0.0, "percent_covered_display": "0", "missing_lines": 18, "excluded_lines": 0}, "missing_lines": [96, 97, 99, 100, 103, 104, 105, 107, 108, 116, 119, 120, 127, 128, 135, 144, 145, 146], "excluded_lines": []}, "get_critical_thresholds": {"executed_lines": [], "summary": {"covered_lines": 0, "num_statements": 18, "percent_covered": 0.0, "percent_covered_display": "0", "missing_lines": 18, "excluded_lines": 0}, "missing_lines": [157, 158, 160, 161, 164, 165, 166, 168, 169, 176, 179, 180, 181, 182, 184, 193, 194, 195], "excluded_lines": []}, "get_aemet_forecast_with_siar_context": {"executed_lines": [], "summary": {"covered_lines": 0, "num_statements": 11, "percent_covered": 0.0, "percent_covered_display": "0", "missing_lines": 11, "excluded_lines": 0}, "missing_lines": [208, 209, 210, 213, 216, 226, 227, 229, 239, 240, 241], "excluded_lines": []}, "": {"executed_lines": [1, 8, 9, 10, 11, 13, 15, 18, 19, 45, 46, 88, 89, 149, 150, 198, 199], "summary": {"covered_lines": 16, "num_statements": 16, "percent_covered": 100.0, "percent_covered_display": "100", "missing_lines": 0, "excluded_lines": 0}, "missing_lines": [], "excluded_lines": []}}, "classes": {"": {"executed_lines": [1, 8, 9, 10, 11, 13, 15, 18, 19, 45, 46, 88, 89, 149, 150, 198, 199], "summary": {"covered_lines": 16, "num_statements": 84, "percent_covered": 19.047619047619047, "percent_covered_display": "19", "missing_lines": 68, "excluded_lines": 0}, "missing_lines": [28, 29, 31, 32, 34, 40, 41, 42, 53, 54, 56, 57, 60, 61, 63, 66, 68, 76, 83, 84, 85, 96, 97, 99, 100, 103, 104, 105, 107, 108, 116, 119, 120, 127, 128, 135, 144, 145, 146, 157, 158, 160, 161, 164, 165, 166, 168, 169, 176, 179, 180, 181, 182, 184, 193, 194, 195, 208, 209, 210, 213, 216, 226, 227, 229, 239, 240, 241], "excluded_lines": []}}}, "api/routers/chatbot.py": {"executed_lines": [1, 10, 11, 12, 13, 14, 16, 17, 18, 20, 23, 25, 28, 42, 43, 44, 50, 55, 67, 68, 69, 70, 71, 72, 73, 74, 75, 77, 94, 95, 96, 97, 98, 99, 100, 101, 102, 104, 125, 126, 127, 177, 178, 206, 207, 230], "summary": {"covered_lines": 42, "num_statements": 68, "percent_covered": 61.76470588235294, "percent_covered_display": "62", "missing_lines": 26, "excluded_lines": 0}, "missing_lines": [144, 146, 149, 150, 156, 159, 169, 170, 171, 191, 192, 193, 194, 196, 213, 214, 215, 221, 222, 223, 232, 233, 234, 235, 236, 237], "excluded_lines": [], "functions": {"ask_chatbot": {"executed_lines": [], "summary": {"covered_lines": 0, "num_statements": 9, "percent_covered": 0.0, "percent_covered_display": "0", "missing_lines": 9, "excluded_lines": 0}, "missing_lines": [144, 146, 149, 150, 156, 159, 169, 170, 171], "excluded_lines": []}, "get_chatbot_stats": {"executed_lines": [], "summary": {"covered_lines": 0, "num_statements": 5, "percent_covered": 0.0, "percent_covered_display": "0", "missing_lines": 5, "excluded_lines": 0}, "missing_lines": [191, 192, 193, 194, 196], "excluded_lines": []}, "chatbot_health": {"executed_lines": [], "summary": {"covered_lines": 0, "num_statements": 6, "percent_covered": 0.0, "percent_covered_display": "0", "missing_lines": 6, "excluded_lines": 0}, "missing_lines": [213, 214, 215, 221, 222, 223], "excluded_lines": []}, "_update_stats": {"executed_lines": [], "summary": {"covered_lines": 0, "num_statements": 6, "percent_covered": 0.0, "percent_covered_display": "0", "missing_lines": 6, "excluded_lines": 0}, "missing_lines": [232, 233, 234, 235, 236, 237], "excluded_lines": []}, "": {"executed_lines": [1, 10, 11, 12, 13, 14, 16, 17, 18, 20, 23, 25, 28, 42, 43, 44, 50, 55, 67, 68, 69, 70, 71, 72, 73, 74, 75, 77, 94, 95, 96, 97, 98, 99, 100, 101, 102, 104, 125, 126, 127, 177, 178, 206, 207, 230], "summary": {"covered_lines": 42, "num_statements": 42, "percent_covered": 100.0, "percent_covered_display": "100", "missing_lines": 0, "excluded_lines": 0}, "missing_lines": [], "excluded_lines": []}}, "classes": {"ChatRequest": {"executed_lines": [], "summary": {"covered_lines": 0, "num_statements": 0, "percent_covered": 100.0, "percent_covered_display": "100", "missing_lines": 0, "excluded_lines": 0}, "missing_lines": [], "excluded_lines": []}, "ChatResponse": {"executed_lines": [], "summary": {"covered_lines": 0, "num_statements": 0, "percent_covered": 100.0, "percent_covered_display": "100", "missing_lines": 0, "excluded_lines": 0}, "missing_lines": [], "excluded_lines": []}, "ChatStatsResponse": {"executed_lines": [], "summary": {"covered_lines": 0, "num_statements": 0, "percent_covered": 100.0, "percent_covered_display": "100", "missing_lines": 0, "excluded_lines": 0}, "missing_lines": [], "excluded_lines": []}, "": {"executed_lines": [1, 10, 11, 12, 13, 14, 16, 17, 18, 20, 23, 25, 28, 42, 43, 44, 50, 55, 67, 68, 69, 70, 71, 72, 73, 74, 75, 77, 94, 95, 96, 97, 98, 99, 100, 101, 102, 104, 125, 126, 127, 177, 178, 206, 207, 230], "summary": {"covered_lines": 42, "num_statements": 68, "percent_covered": 61.76470588235294, "percent_covered_display": "62", "missing_lines": 26, "excluded_lines": 0}, "missing_lines": [144, 146, 149, 150, 156, 159, 169, 170, 171, 191, 192, 193, 194, 196, 213, 214, 215, 221, 222, 223, 232, 233, 234, 235, 236, 237], "excluded_lines": []}}}, "api/routers/dashboard.py": {"executed_lines": [1, 8, 9, 10, 12, 14, 16, 19, 33, 34, 50, 51, 54, 55, 57, 58, 59, 65, 66, 67, 68, 69, 77, 84, 85, 100, 101, 104, 105, 107, 109, 126, 133, 134, 143, 144, 146, 148], "summary": {"covered_lines": 37, "num_statements": 55, "percent_covered": 67.27272727272727, "percent_covered_display": "67", "missing_lines": 18, "excluded_lines": 0}, "missing_lines": [26, 27, 28, 29, 30, 56, 70, 71, 72, 79, 80, 81, 128, 129, 130, 160, 161, 162], "excluded_lines": [], "functions": {"get_dashboard_service": {"executed_lines": [], "summary": {"covered_lines": 0, "num_statements": 5, "percent_covered": 0.0, "percent_covered_display": "0", "missing_lines": 5, "excluded_lines": 0}, "missing_lines": [26, 27, 28, 29, 30], "excluded_lines": []}, "get_complete_dashboard": {"executed_lines": [50, 51, 54, 55, 57, 58, 59, 65, 66, 67, 68, 69, 77], "summary": {"covered_lines": 13, "num_statements": 20, "percent_covered": 65.0, "percent_covered_display": "65", "missing_lines": 7, "excluded_lines": 0}, "missing_lines": [56, 70, 71, 72, 79, 80, 81], "excluded_lines": []}, "get_dashboard_summary": {"executed_lines": [100, 101, 104, 105, 107, 109, 126], "summary": {"covered_lines": 7, "num_statements": 10, "percent_covered": 70.0, "percent_covered_display": "70", "missing_lines": 3, "excluded_lines": 0}, "missing_lines": [128, 129, 130], "excluded_lines": []}, "get_dashboard_alerts": {"executed_lines": [143, 144, 146, 148], "summary": {"covered_lines": 4, "num_statements": 7, "percent_covered": 57.142857142857146, "percent_covered_display": "57", "missing_lines": 3, "excluded_lines": 0}, "missing_lines": [160, 161, 162], "excluded_lines": []}, "": {"executed_lines": [1, 8, 9, 10, 12, 14, 16, 19, 33, 34, 84, 85, 133, 134], "summary": {"covered_lines": 13, "num_statements": 13, "percent_covered": 100.0, "percent_covered_display": "100", "missing_lines": 0, "excluded_lines": 0}, "missing_lines": [], "excluded_lines": []}}, "classes": {"": {"executed_lines": [1, 8, 9, 10, 12, 14, 16, 19, 33, 34, 50, 51, 54, 55, 57, 58, 59, 65, 66, 67, 68, 69, 77, 84, 85, 100, 101, 104, 105, 107, 109, 126, 133, 134, 143, 144, 146, 148], "summary": {"covered_lines": 37, "num_statements": 55, "percent_covered": 67.27272727272727, "percent_covered_display": "67", "missing_lines": 18, "excluded_lines": 0}, "missing_lines": [26, 27, 28, 29, 30, 56, 70, 71, 72, 79, 80, 81, 128, 129, 130, 160, 161, 162], "excluded_lines": []}}}, "api/routers/gaps.py": {"executed_lines": [1, 7, 8, 9, 10, 11, 13, 15, 18, 19, 20, 21, 22, 23, 28, 29, 94, 95, 162, 163, 214, 215, 242, 243, 309, 320, 331], "summary": {"covered_lines": 25, "num_statements": 116, "percent_covered": 21.551724137931036, "percent_covered_display": "22", "missing_lines": 91, "excluded_lines": 0}, "missing_lines": [35, 36, 39, 40, 43, 45, 46, 47, 48, 49, 50, 51, 52, 53, 54, 56, 58, 59, 60, 61, 62, 63, 64, 65, 67, 69, 89, 90, 91, 105, 106, 109, 112, 113, 114, 123, 124, 125, 134, 155, 156, 157, 177, 178, 180, 182, 188, 202, 203, 209, 210, 211, 225, 226, 228, 230, 237, 238, 239, 257, 258, 261, 262, 265, 266, 269, 271, 273, 278, 295, 296, 302, 303, 304, 311, 312, 313, 314, 316, 317, 322, 323, 324, 325, 327, 328, 333, 336, 337, 340, 347], "excluded_lines": [], "functions": {"get_data_summary": {"executed_lines": [], "summary": {"covered_lines": 0, "num_statements": 29, "percent_covered": 0.0, "percent_covered_display": "0", "missing_lines": 29, "excluded_lines": 0}, "missing_lines": [35, 36, 39, 40, 43, 45, 46, 47, 48, 49, 50, 51, 52, 53, 54, 56, 58, 59, 60, 61, 62, 63, 64, 65, 67, 69, 89, 90, 91], "excluded_lines": []}, "detect_data_gaps": {"executed_lines": [], "summary": {"covered_lines": 0, "num_statements": 13, "percent_covered": 0.0, "percent_covered_display": "0", "missing_lines": 13, "excluded_lines": 0}, "missing_lines": [105, 106, 109, 112, 113, 114, 123, 124, 125, 134, 155, 156, 157], "excluded_lines": []}, "execute_backfill": {"executed_lines": [], "summary": {"covered_lines": 0, "num_statements": 10, "percent_covered": 0.0, "percent_covered_display": "0", "missing_lines": 10, "excluded_lines": 0}, "missing_lines": [177, 178, 180, 182, 188, 202, 203, 209, 210, 211], "excluded_lines": []}, "execute_auto_backfill": {"executed_lines": [], "summary": {"covered_lines": 0, "num_statements": 7, "percent_covered": 0.0, "percent_covered_display": "0", "missing_lines": 7, "excluded_lines": 0}, "missing_lines": [225, 226, 228, 230, 237, 238, 239], "excluded_lines": []}, "execute_range_backfill": {"executed_lines": [], "summary": {"covered_lines": 0, "num_statements": 15, "percent_covered": 0.0, "percent_covered_display": "0", "missing_lines": 15, "excluded_lines": 0}, "missing_lines": [257, 258, 261, 262, 265, 266, 269, 271, 273, 278, 295, 296, 302, 303, 304], "excluded_lines": []}, "_execute_backfill_background": {"executed_lines": [], "summary": {"covered_lines": 0, "num_statements": 6, "percent_covered": 0.0, "percent_covered_display": "0", "missing_lines": 6, "excluded_lines": 0}, "missing_lines": [311, 312, 313, 314, 316, 317], "excluded_lines": []}, "_execute_range_backfill_background": {"executed_lines": [], "summary": {"covered_lines": 0, "num_statements": 6, "percent_covered": 0.0, "percent_covered_display": "0", "missing_lines": 6, "excluded_lines": 0}, "missing_lines": [322, 323, 324, 325, 327, 328], "excluded_lines": []}, "_execute_range_backfill_sync": {"executed_lines": [], "summary": {"covered_lines": 0, "num_statements": 5, "percent_covered": 0.0, "percent_covered_display": "0", "missing_lines": 5, "excluded_lines": 0}, "missing_lines": [333, 336, 337, 340, 347], "excluded_lines": []}, "": {"executed_lines": [1, 7, 8, 9, 10, 11, 13, 15, 18, 19, 20, 21, 22, 23, 28, 29, 94, 95, 162, 163, 214, 215, 242, 243, 309, 320, 331], "summary": {"covered_lines": 25, "num_statements": 25, "percent_covered": 100.0, "percent_covered_display": "100", "missing_lines": 0, "excluded_lines": 0}, "missing_lines": [], "excluded_lines": []}}, "classes": {"RangeBackfillRequest": {"executed_lines": [], "summary": {"covered_lines": 0, "num_statements": 0, "percent_covered": 100.0, "percent_covered_display": "100", "missing_lines": 0, "excluded_lines": 0}, "missing_lines": [], "excluded_lines": []}, "": {"executed_lines": [1, 7, 8, 9, 10, 11, 13, 15, 18, 19, 20, 21, 22, 23, 28, 29, 94, 95, 162, 163, 214, 215, 242, 243, 309, 320, 331], "summary": {"covered_lines": 25, "num_statements": 116, "percent_covered": 21.551724137931036, "percent_covered_display": "22", "missing_lines": 91, "excluded_lines": 0}, "missing_lines": [35, 36, 39, 40, 43, 45, 46, 47, 48, 49, 50, 51, 52, 53, 54, 56, 58, 59, 60, 61, 62, 63, 64, 65, 67, 69, 89, 90, 91, 105, 106, 109, 112, 113, 114, 123, 124, 125, 134, 155, 156, 157, 177, 178, 180, 182, 188, 202, 203, 209, 210, 211, 225, 226, 228, 230, 237, 238, 239, 257, 258, 261, 262, 265, 266, 269, 271, 273, 278, 295, 296, 302, 303, 304, 311, 312, 313, 314, 316, 317, 322, 323, 324, 325, 327, 328, 333, 336, 337, 340, 347], "excluded_lines": []}}}, "api/routers/health.py": {"executed_lines": [1, 8, 9, 10, 12, 13, 15, 18, 19, 26, 33, 34, 41, 43, 44, 45, 49, 51, 60, 61, 68], "summary": {"covered_lines": 20, "num_statements": 22, "percent_covered": 90.9090909090909, "percent_covered_display": "91", "missing_lines": 2, "excluded_lines": 0}, "missing_lines": [46, 47], "excluded_lines": [], "functions": {"health_check": {"executed_lines": [26], "summary": {"covered_lines": 1, "num_statements": 1, "percent_covered": 100.0, "percent_covered_display": "100", "missing_lines": 0, "excluded_lines": 0}, "missing_lines": [], "excluded_lines": []}, "readiness_check": {"executed_lines": [41, 43, 44, 45, 49, 51], "summary": {"covered_lines": 6, "num_statements": 8, "percent_covered": 75.0, "percent_covered_display": "75", "missing_lines": 2, "excluded_lines": 0}, "missing_lines": [46, 47], "excluded_lines": []}, "version_info": {"executed_lines": [68], "summary": {"covered_lines": 1, "num_statements": 1, "percent_covered": 100.0, "percent_covered_display": "100", "missing_lines": 0, "excluded_lines": 0}, "missing_lines": [], "excluded_lines": []}, "": {"executed_lines": [1, 8, 9, 10, 12, 13, 15, 18, 19, 33, 34, 60, 61], "summary": {"covered_lines": 12, "num_statements": 12, "percent_covered": 100.0, "percent_covered_display": "100", "missing_lines": 0, "excluded_lines": 0}, "missing_lines": [], "excluded_lines": []}}, "classes": {"": {"executed_lines": [1, 8, 9, 10, 12, 13, 15, 18, 19, 26, 33, 34, 41, 43, 44, 45, 49, 51, 60, 61, 68], "summary": {"covered_lines": 20, "num_statements": 22, "percent_covered": 90.9090909090909, "percent_covered_display": "91", "missing_lines": 2, "excluded_lines": 0}, "missing_lines": [46, 47], "excluded_lines": []}}}, "api/routers/health_monitoring.py": {"executed_lines": [1, 8, 9, 10, 12, 13, 14, 15, 17, 19, 22, 28, 29, 54, 55, 106, 107, 145, 146, 186, 187, 225, 226], "summary": {"covered_lines": 22, "num_statements": 76, "percent_covered": 28.94736842105263, "percent_covered_display": "29", "missing_lines": 54, "excluded_lines": 0}, "missing_lines": [24, 25, 41, 42, 43, 47, 49, 50, 51, 72, 73, 76, 77, 78, 80, 82, 101, 102, 103, 122, 123, 125, 126, 133, 140, 141, 142, 155, 156, 157, 159, 160, 162, 181, 182, 183, 196, 197, 198, 201, 202, 203, 213, 220, 221, 222, 249, 250, 251, 259, 265, 267, 268, 269], "excluded_lines": [], "functions": {"get_health_service": {"executed_lines": [], "summary": {"covered_lines": 0, "num_statements": 2, "percent_covered": 0.0, "percent_covered_display": "0", "missing_lines": 2, "excluded_lines": 0}, "missing_lines": [24, 25], "excluded_lines": []}, "get_health_summary": {"executed_lines": [], "summary": {"covered_lines": 0, "num_statements": 7, "percent_covered": 0.0, "percent_covered_display": "0", "missing_lines": 7, "excluded_lines": 0}, "missing_lines": [41, 42, 43, 47, 49, 50, 51], "excluded_lines": []}, "get_nodes_status": {"executed_lines": [], "summary": {"covered_lines": 0, "num_statements": 10, "percent_covered": 0.0, "percent_covered_display": "0", "missing_lines": 10, "excluded_lines": 0}, "missing_lines": [72, 73, 76, 77, 78, 80, 82, 101, 102, 103], "excluded_lines": []}, "get_node_uptime": {"executed_lines": [], "summary": {"covered_lines": 0, "num_statements": 8, "percent_covered": 0.0, "percent_covered_display": "0", "missing_lines": 8, "excluded_lines": 0}, "missing_lines": [122, 123, 125, 126, 133, 140, 141, 142], "excluded_lines": []}, "get_critical_nodes_status": {"executed_lines": [], "summary": {"covered_lines": 0, "num_statements": 9, "percent_covered": 0.0, "percent_covered_display": "0", "missing_lines": 9, "excluded_lines": 0}, "missing_lines": [155, 156, 157, 159, 160, 162, 181, 182, 183], "excluded_lines": []}, "get_health_alerts": {"executed_lines": [], "summary": {"covered_lines": 0, "num_statements": 10, "percent_covered": 0.0, "percent_covered_display": "0", "missing_lines": 10, "excluded_lines": 0}, "missing_lines": [196, 197, 198, 201, 202, 203, 213, 220, 221, 222], "excluded_lines": []}, "get_health_logs": {"executed_lines": [], "summary": {"covered_lines": 0, "num_statements": 8, "percent_covered": 0.0, "percent_covered_display": "0", "missing_lines": 8, "excluded_lines": 0}, "missing_lines": [249, 250, 251, 259, 265, 267, 268, 269], "excluded_lines": []}, "": {"executed_lines": [1, 8, 9, 10, 12, 13, 14, 15, 17, 19, 22, 28, 29, 54, 55, 106, 107, 145, 146, 186, 187, 225, 226], "summary": {"covered_lines": 22, "num_statements": 22, "percent_covered": 100.0, "percent_covered_display": "100", "missing_lines": 0, "excluded_lines": 0}, "missing_lines": [], "excluded_lines": []}}, "classes": {"": {"executed_lines": [1, 8, 9, 10, 12, 13, 14, 15, 17, 19, 22, 28, 29, 54, 55, 106, 107, 145, 146, 186, 187, 225, 226], "summary": {"covered_lines": 22, "num_statements": 76, "percent_covered": 28.94736842105263, "percent_covered_display": "29", "missing_lines": 54, "excluded_lines": 0}, "missing_lines": [24, 25, 41, 42, 43, 47, 49, 50, 51, 72, 73, 76, 77, 78, 80, 82, 101, 102, 103, 122, 123, 125, 126, 133, 140, 141, 142, 155, 156, 157, 159, 160, 162, 181, 182, 183, 196, 197, 198, 201, 202, 203, 213, 220, 221, 222, 249, 250, 251, 259, 265, 267, 268, 269], "excluded_lines": []}}}, "api/routers/insights.py": {"executed_lines": [1, 14, 15, 16, 18, 20, 22, 25, 42, 43, 118, 119, 182, 183, 258, 259], "summary": {"covered_lines": 15, "num_statements": 59, "percent_covered": 25.423728813559322, "percent_covered_display": "25", "missing_lines": 44, "excluded_lines": 0}, "missing_lines": [32, 33, 34, 35, 36, 103, 104, 106, 107, 109, 111, 112, 113, 114, 115, 167, 168, 170, 171, 173, 175, 176, 177, 178, 179, 230, 231, 233, 234, 236, 244, 246, 247, 249, 307, 308, 310, 311, 313, 315, 316, 317, 318, 319], "excluded_lines": [], "functions": {"get_insights_service": {"executed_lines": [], "summary": {"covered_lines": 0, "num_statements": 5, "percent_covered": 0.0, "percent_covered_display": "0", "missing_lines": 5, "excluded_lines": 0}, "missing_lines": [32, 33, 34, 35, 36], "excluded_lines": []}, "get_optimal_windows": {"executed_lines": [], "summary": {"covered_lines": 0, "num_statements": 10, "percent_covered": 0.0, "percent_covered_display": "0", "missing_lines": 10, "excluded_lines": 0}, "missing_lines": [103, 104, 106, 107, 109, 111, 112, 113, 114, 115], "excluded_lines": []}, "get_ree_deviation": {"executed_lines": [], "summary": {"covered_lines": 0, "num_statements": 10, "percent_covered": 0.0, "percent_covered_display": "0", "missing_lines": 10, "excluded_lines": 0}, "missing_lines": [167, 168, 170, 171, 173, 175, 176, 177, 178, 179], "excluded_lines": []}, "get_predictive_alerts": {"executed_lines": [], "summary": {"covered_lines": 0, "num_statements": 9, "percent_covered": 0.0, "percent_covered_display": "0", "missing_lines": 9, "excluded_lines": 0}, "missing_lines": [230, 231, 233, 234, 236, 244, 246, 247, 249], "excluded_lines": []}, "get_savings_tracking": {"executed_lines": [], "summary": {"covered_lines": 0, "num_statements": 10, "percent_covered": 0.0, "percent_covered_display": "0", "missing_lines": 10, "excluded_lines": 0}, "missing_lines": [307, 308, 310, 311, 313, 315, 316, 317, 318, 319], "excluded_lines": []}, "": {"executed_lines": [1, 14, 15, 16, 18, 20, 22, 25, 42, 43, 118, 119, 182, 183, 258, 259], "summary": {"covered_lines": 15, "num_statements": 15, "percent_covered": 100.0, "percent_covered_display": "100", "missing_lines": 0, "excluded_lines": 0}, "missing_lines": [], "excluded_lines": []}}, "classes": {"": {"executed_lines": [1, 14, 15, 16, 18, 20, 22, 25, 42, 43, 118, 119, 182, 183, 258, 259], "summary": {"covered_lines": 15, "num_statements": 59, "percent_covered": 25.423728813559322, "percent_covered_display": "25", "missing_lines": 44, "excluded_lines": 0}, "missing_lines": [32, 33, 34, 35, 36, 103, 104, 106, 107, 109, 111, 112, 113, 114, 115, 167, 168, 170, 171, 173, 175, 176, 177, 178, 179, 230, 231, 233, 234, 236, 244, 246, 247, 249, 307, 308, 310, 311, 313, 315, 316, 317, 318, 319], "excluded_lines": []}}}, "api/routers/ml_predictions.py": {"executed_lines": [1, 14, 15, 16, 17, 18, 20, 21, 23, 24, 25, 26, 28, 29, 47, 48, 67, 68, 78, 79], "summary": {"covered_lines": 19, "num_statements": 50, "percent_covered": 38.0, "percent_covered_display": "38", "missing_lines": 31, "excluded_lines": 0}, "missing_lines": [35, 36, 37, 42, 43, 44, 45, 50, 51, 52, 57, 63, 64, 65, 70, 71, 72, 73, 74, 75, 76, 89, 90, 91, 92, 94, 95, 97, 103, 104, 105], "excluded_lines": [], "functions": {"predict_energy_optimization": {"executed_lines": [], "summary": {"covered_lines": 0, "num_statements": 7, "percent_covered": 0.0, "percent_covered_display": "0", "missing_lines": 7, "excluded_lines": 0}, "missing_lines": [35, 36, 37, 42, 43, 44, 45], "excluded_lines": []}, "predict_production_recommendation": {"executed_lines": [], "summary": {"covered_lines": 0, "num_statements": 7, "percent_covered": 0.0, "percent_covered_display": "0", "missing_lines": 7, "excluded_lines": 0}, "missing_lines": [50, 51, 52, 57, 63, 64, 65], "excluded_lines": []}, "train_sklearn_models": {"executed_lines": [], "summary": {"covered_lines": 0, "num_statements": 7, "percent_covered": 0.0, "percent_covered_display": "0", "missing_lines": 7, "excluded_lines": 0}, "missing_lines": [70, 71, 72, 73, 74, 75, 76], "excluded_lines": []}, "train_hybrid_models": {"executed_lines": [], "summary": {"covered_lines": 0, "num_statements": 10, "percent_covered": 0.0, "percent_covered_display": "0", "missing_lines": 10, "excluded_lines": 0}, "missing_lines": [89, 90, 91, 92, 94, 95, 97, 103, 104, 105], "excluded_lines": []}, "": {"executed_lines": [1, 14, 15, 16, 17, 18, 20, 21, 23, 24, 25, 26, 28, 29, 47, 48, 67, 68, 78, 79], "summary": {"covered_lines": 19, "num_statements": 19, "percent_covered": 100.0, "percent_covered_display": "100", "missing_lines": 0, "excluded_lines": 0}, "missing_lines": [], "excluded_lines": []}}, "classes": {"PredictionRequest": {"executed_lines": [], "summary": {"covered_lines": 0, "num_statements": 0, "percent_covered": 100.0, "percent_covered_display": "100", "missing_lines": 0, "excluded_lines": 0}, "missing_lines": [], "excluded_lines": []}, "": {"executed_lines": [1, 14, 15, 16, 17, 18, 20, 21, 23, 24, 25, 26, 28, 29, 47, 48, 67, 68, 78, 79], "summary": {"covered_lines": 19, "num_statements": 50, "percent_covered": 38.0, "percent_covered_display": "38", "missing_lines": 31, "excluded_lines": 0}, "missing_lines": [35, 36, 37, 42, 43, 44, 45, 50, 51, 52, 57, 63, 64, 65, 70, 71, 72, 73, 74, 75, 76, 89, 90, 91, 92, 94, 95, 97, 103, 104, 105], "excluded_lines": []}}}, "api/routers/optimization.py": {"executed_lines": [1, 8, 9, 10, 11, 13, 15, 18, 19, 74, 75], "summary": {"covered_lines": 10, "num_statements": 29, "percent_covered": 34.48275862068966, "percent_covered_display": "34", "missing_lines": 19, "excluded_lines": 0}, "missing_lines": [41, 42, 43, 46, 47, 48, 51, 52, 55, 58, 63, 69, 70, 71, 82, 83, 121, 122, 123], "excluded_lines": [], "functions": {"optimize_daily_production": {"executed_lines": [], "summary": {"covered_lines": 0, "num_statements": 14, "percent_covered": 0.0, "percent_covered_display": "0", "missing_lines": 14, "excluded_lines": 0}, "missing_lines": [41, 42, 43, 46, 47, 48, 51, 52, 55, 58, 63, 69, 70, 71], "excluded_lines": []}, "get_optimization_summary": {"executed_lines": [], "summary": {"covered_lines": 0, "num_statements": 5, "percent_covered": 0.0, "percent_covered_display": "0", "missing_lines": 5, "excluded_lines": 0}, "missing_lines": [82, 83, 121, 122, 123], "excluded_lines": []}, "": {"executed_lines": [1, 8, 9, 10, 11, 13, 15, 18, 19, 74, 75], "summary": {"covered_lines": 10, "num_statements": 10, "percent_covered": 100.0, "percent_covered_display": "100", "missing_lines": 0, "excluded_lines": 0}, "missing_lines": [], "excluded_lines": []}}, "classes": {"": {"executed_lines": [1, 8, 9, 10, 11, 13, 15, 18, 19, 74, 75], "summary": {"covered_lines": 10, "num_statements": 29, "percent_covered": 34.48275862068966, "percent_covered_display": "34", "missing_lines": 19, "excluded_lines": 0}, "missing_lines": [41, 42, 43, 46, 47, 48, 51, 52, 55, 58, 63, 69, 70, 71, 82, 83, 121, 122, 123], "excluded_lines": []}}}, "api/routers/price_forecast.py": {"executed_lines": [1, 14, 15, 16, 17, 18, 20, 22, 24, 27, 28, 29, 30, 31, 32, 33, 34, 35, 36, 39, 40, 41, 42, 43, 46, 47, 118, 119, 174, 175, 231, 232], "summary": {"covered_lines": 29, "num_statements": 73, "percent_covered": 39.726027397260275, "percent_covered_display": "40", "missing_lines": 44, "excluded_lines": 0}, "missing_lines": [82, 83, 86, 87, 88, 91, 93, 94, 100, 102, 113, 114, 115, 138, 139, 142, 143, 144, 147, 149, 150, 156, 158, 169, 170, 171, 209, 210, 212, 213, 215, 216, 221, 226, 227, 228, 259, 260, 262, 263, 273, 283, 284, 285], "excluded_lines": [], "functions": {"get_weekly_forecast": {"executed_lines": [], "summary": {"covered_lines": 0, "num_statements": 13, "percent_covered": 0.0, "percent_covered_display": "0", "missing_lines": 13, "excluded_lines": 0}, "missing_lines": [82, 83, 86, 87, 88, 91, 93, 94, 100, 102, 113, 114, 115], "excluded_lines": []}, "get_hourly_forecast": {"executed_lines": [], "summary": {"covered_lines": 0, "num_statements": 13, "percent_covered": 0.0, "percent_covered_display": "0", "missing_lines": 13, "excluded_lines": 0}, "missing_lines": [138, 139, 142, 143, 144, 147, 149, 150, 156, 158, 169, 170, 171], "excluded_lines": []}, "train_price_forecast_model": {"executed_lines": [], "summary": {"covered_lines": 0, "num_statements": 10, "percent_covered": 0.0, "percent_covered_display": "0", "missing_lines": 10, "excluded_lines": 0}, "missing_lines": [209, 210, 212, 213, 215, 216, 221, 226, 227, 228], "excluded_lines": []}, "get_price_forecast_status": {"executed_lines": [], "summary": {"covered_lines": 0, "num_statements": 8, "percent_covered": 0.0, "percent_covered_display": "0", "missing_lines": 8, "excluded_lines": 0}, "missing_lines": [259, 260, 262, 263, 273, 283, 284, 285], "excluded_lines": []}, "": {"executed_lines": [1, 14, 15, 16, 17, 18, 20, 22, 24, 27, 28, 29, 30, 31, 32, 33, 34, 35, 36, 39, 40, 41, 42, 43, 46, 47, 118, 119, 174, 175, 231, 232], "summary": {"covered_lines": 29, "num_statements": 29, "percent_covered": 100.0, "percent_covered_display": "100", "missing_lines": 0, "excluded_lines": 0}, "missing_lines": [], "excluded_lines": []}}, "classes": {"PriceForecastResponse": {"executed_lines": [], "summary": {"covered_lines": 0, "num_statements": 0, "percent_covered": 100.0, "percent_covered_display": "100", "missing_lines": 0, "excluded_lines": 0}, "missing_lines": [], "excluded_lines": []}, "ModelStatusResponse": {"executed_lines": [], "summary": {"covered_lines": 0, "num_statements": 0, "percent_covered": 100.0, "percent_covered_display": "100", "missing_lines": 0, "excluded_lines": 0}, "missing_lines": [], "excluded_lines": []}, "": {"executed_lines": [1, 14, 15, 16, 17, 18, 20, 22, 24, 27, 28, 29, 30, 31, 32, 33, 34, 35, 36, 39, 40, 41, 42, 43, 46, 47, 118, 119, 174, 175, 231, 232], "summary": {"covered_lines": 29, "num_statements": 73, "percent_covered": 39.726027397260275, "percent_covered_display": "40", "missing_lines": 44, "excluded_lines": 0}, "missing_lines": [82, 83, 86, 87, 88, 91, 93, 94, 100, 102, 113, 114, 115, 138, 139, 142, 143, 144, 147, 149, 150, 156, 158, 169, 170, 171, 209, 210, 212, 213, 215, 216, 221, 226, 227, 228, 259, 260, 262, 263, 273, 283, 284, 285], "excluded_lines": []}}}, "api/routers/ree.py": {"executed_lines": [1, 8, 9, 10, 11, 13, 14, 15, 17, 19, 22, 28, 29, 47, 48, 67, 68, 80, 81], "summary": {"covered_lines": 18, "num_statements": 41, "percent_covered": 43.90243902439025, "percent_covered_display": "44", "missing_lines": 23, "excluded_lines": 0}, "missing_lines": [24, 25, 40, 41, 42, 43, 44, 59, 60, 61, 62, 63, 64, 74, 75, 76, 77, 91, 92, 93, 94, 95, 96], "excluded_lines": [], "functions": {"get_ree_service": {"executed_lines": [], "summary": {"covered_lines": 0, "num_statements": 2, "percent_covered": 0.0, "percent_covered_display": "0", "missing_lines": 2, "excluded_lines": 0}, "missing_lines": [24, 25], "excluded_lines": []}, "ingest_ree_prices": {"executed_lines": [], "summary": {"covered_lines": 0, "num_statements": 5, "percent_covered": 0.0, "percent_covered_display": "0", "missing_lines": 5, "excluded_lines": 0}, "missing_lines": [40, 41, 42, 43, 44], "excluded_lines": []}, "get_ree_prices": {"executed_lines": [], "summary": {"covered_lines": 0, "num_statements": 6, "percent_covered": 0.0, "percent_covered_display": "0", "missing_lines": 6, "excluded_lines": 0}, "missing_lines": [59, 60, 61, 62, 63, 64], "excluded_lines": []}, "get_latest_price": {"executed_lines": [], "summary": {"covered_lines": 0, "num_statements": 4, "percent_covered": 0.0, "percent_covered_display": "0", "missing_lines": 4, "excluded_lines": 0}, "missing_lines": [74, 75, 76, 77], "excluded_lines": []}, "get_price_stats": {"executed_lines": [], "summary": {"covered_lines": 0, "num_statements": 6, "percent_covered": 0.0, "percent_covered_display": "0", "missing_lines": 6, "excluded_lines": 0}, "missing_lines": [91, 92, 93, 94, 95, 96], "excluded_lines": []}, "": {"executed_lines": [1, 8, 9, 10, 11, 13, 14, 15, 17, 19, 22, 28, 29, 47, 48, 67, 68, 80, 81], "summary": {"covered_lines": 18, "num_statements": 18, "percent_covered": 100.0, "percent_covered_display": "100", "missing_lines": 0, "excluded_lines": 0}, "missing_lines": [], "excluded_lines": []}}, "classes": {"": {"executed_lines": [1, 8, 9, 10, 11, 13, 14, 15, 17, 19, 22, 28, 29, 47, 48, 67, 68, 80, 81], "summary": {"covered_lines": 18, "num_statements": 41, "percent_covered": 43.90243902439025, "percent_covered_display": "44", "missing_lines": 23, "excluded_lines": 0}, "missing_lines": [24, 25, 40, 41, 42, 43, 44, 59, 60, 61, 62, 63, 64, 74, 75, 76, 77, 91, 92, 93, 94, 95, 96], "excluded_lines": []}}}, "api/routers/weather.py": {"executed_lines": [1, 8, 9, 10, 12, 13, 14, 16, 18, 21, 28, 29, 45, 46], "summary": {"covered_lines": 13, "num_statements": 28, "percent_covered": 46.42857142857143, "percent_covered_display": "46", "missing_lines": 15, "excluded_lines": 0}, "missing_lines": [23, 24, 25, 37, 38, 39, 40, 41, 42, 54, 55, 56, 57, 58, 59], "excluded_lines": [], "functions": {"get_weather_service": {"executed_lines": [], "summary": {"covered_lines": 0, "num_statements": 3, "percent_covered": 0.0, "percent_covered_display": "0", "missing_lines": 3, "excluded_lines": 0}, "missing_lines": [23, 24, 25], "excluded_lines": []}, "get_current_weather": {"executed_lines": [], "summary": {"covered_lines": 0, "num_statements": 6, "percent_covered": 0.0, "percent_covered_display": "0", "missing_lines": 6, "excluded_lines": 0}, "missing_lines": [37, 38, 39, 40, 41, 42], "excluded_lines": []}, "ingest_weather": {"executed_lines": [], "summary": {"covered_lines": 0, "num_statements": 6, "percent_covered": 0.0, "percent_covered_display": "0", "missing_lines": 6, "excluded_lines": 0}, "missing_lines": [54, 55, 56, 57, 58, 59], "excluded_lines": []}, "": {"executed_lines": [1, 8, 9, 10, 12, 13, 14, 16, 18, 21, 28, 29, 45, 46], "summary": {"covered_lines": 13, "num_statements": 13, "percent_covered": 100.0, "percent_covered_display": "100", "missing_lines": 0, "excluded_lines": 0}, "missing_lines": [], "excluded_lines": []}}, "classes": {"": {"executed_lines": [1, 8, 9, 10, 12, 13, 14, 16, 18, 21, 28, 29, 45, 46], "summary": {"covered_lines": 13, "num_statements": 28, "percent_covered": 46.42857142857143, "percent_covered_display": "46", "missing_lines": 15, "excluded_lines": 0}, "missing_lines": [23, 24, 25, 37, 38, 39, 40, 41, 42, 54, 55, 56, 57, 58, 59], "excluded_lines": []}}}, "api/schemas/__init__.py": {"executed_lines": [], "summary": {"covered_lines": 0, "num_statements": 2, "percent_covered": 0.0, "percent_covered_display": "0", "missing_lines": 2, "excluded_lines": 0}, "missing_lines": [3, 11], "excluded_lines": [], "functions": {"": {"executed_lines": [], "summary": {"covered_lines": 0, "num_statements": 2, "percent_covered": 0.0, "percent_covered_display": "0", "missing_lines": 2, "excluded_lines": 0}, "missing_lines": [3, 11], "excluded_lines": []}}, "classes": {"": {"executed_lines": [], "summary": {"covered_lines": 0, "num_statements": 2, "percent_covered": 0.0, "percent_covered_display": "0", "missing_lines": 2, "excluded_lines": 0}, "missing_lines": [3, 11], "excluded_lines": []}}}, "api/schemas/common.py": {"executed_lines": [], "summary": {"covered_lines": 0, "num_statements": 23, "percent_covered": 0.0, "percent_covered_display": "0", "missing_lines": 23, "excluded_lines": 0}, "missing_lines": [8, 9, 10, 13, 15, 16, 17, 20, 22, 23, 24, 27, 29, 30, 31, 33, 34, 43, 45, 46, 49, 51, 52], "excluded_lines": [], "functions": {"": {"executed_lines": [], "summary": {"covered_lines": 0, "num_statements": 23, "percent_covered": 0.0, "percent_covered_display": "0", "missing_lines": 23, "excluded_lines": 0}, "missing_lines": [8, 9, 10, 13, 15, 16, 17, 20, 22, 23, 24, 27, 29, 30, 31, 33, 34, 43, 45, 46, 49, 51, 52], "excluded_lines": []}}, "classes": {"HealthResponse": {"executed_lines": [], "summary": {"covered_lines": 0, "num_statements": 0, "percent_covered": 100.0, "percent_covered_display": "100", "missing_lines": 0, "excluded_lines": 0}, "missing_lines": [], "excluded_lines": []}, "ReadinessResponse": {"executed_lines": [], "summary": {"covered_lines": 0, "num_statements": 0, "percent_covered": 100.0, "percent_covered_display": "100", "missing_lines": 0, "excluded_lines": 0}, "missing_lines": [], "excluded_lines": []}, "ErrorResponse": {"executed_lines": [], "summary": {"covered_lines": 0, "num_statements": 0, "percent_covered": 100.0, "percent_covered_display": "100", "missing_lines": 0, "excluded_lines": 0}, "missing_lines": [], "excluded_lines": []}, "ErrorResponse.Config": {"executed_lines": [], "summary": {"covered_lines": 0, "num_statements": 0, "percent_covered": 100.0, "percent_covered_display": "100", "missing_lines": 0, "excluded_lines": 0}, "missing_lines": [], "excluded_lines": []}, "PaginationParams": {"executed_lines": [], "summary": {"covered_lines": 0, "num_statements": 0, "percent_covered": 100.0, "percent_covered_display": "100", "missing_lines": 0, "excluded_lines": 0}, "missing_lines": [], "excluded_lines": []}, "DateRangeParams": {"executed_lines": [], "summary": {"covered_lines": 0, "num_statements": 0, "percent_covered": 100.0, "percent_covered_display": "100", "missing_lines": 0, "excluded_lines": 0}, "missing_lines": [], "excluded_lines": []}, "": {"executed_lines": [], "summary": {"covered_lines": 0, "num_statements": 23, "percent_covered": 0.0, "percent_covered_display": "0", "missing_lines": 23, "excluded_lines": 0}, "missing_lines": [8, 9, 10, 13, 15, 16, 17, 20, 22, 23, 24, 27, 29, 30, 31, 33, 34, 43, 45, 46, 49, 51, 52], "excluded_lines": []}}}, "api/schemas/ree.py": {"executed_lines": [], "summary": {"covered_lines": 0, "num_statements": 21, "percent_covered": 0.0, "percent_covered_display": "0", "missing_lines": 21, "excluded_lines": 0}, "missing_lines": [8, 9, 10, 13, 15, 16, 19, 21, 22, 23, 26, 28, 29, 32, 34, 35, 36, 37, 38, 39, 40], "excluded_lines": [], "functions": {"": {"executed_lines": [], "summary": {"covered_lines": 0, "num_statements": 21, "percent_covered": 0.0, "percent_covered_display": "0", "missing_lines": 21, "excluded_lines": 0}, "missing_lines": [8, 9, 10, 13, 15, 16, 19, 21, 22, 23, 26, 28, 29, 32, 34, 35, 36, 37, 38, 39, 40], "excluded_lines": []}}, "classes": {"REEIngestRequest": {"executed_lines": [], "summary": {"covered_lines": 0, "num_statements": 0, "percent_covered": 100.0, "percent_covered_display": "100", "missing_lines": 0, "excluded_lines": 0}, "missing_lines": [], "excluded_lines": []}, "REEPriceRecord": {"executed_lines": [], "summary": {"covered_lines": 0, "num_statements": 0, "percent_covered": 100.0, "percent_covered_display": "100", "missing_lines": 0, "excluded_lines": 0}, "missing_lines": [], "excluded_lines": []}, "REEPricesResponse": {"executed_lines": [], "summary": {"covered_lines": 0, "num_statements": 0, "percent_covered": 100.0, "percent_covered_display": "100", "missing_lines": 0, "excluded_lines": 0}, "missing_lines": [], "excluded_lines": []}, "REEStatsResponse": {"executed_lines": [], "summary": {"covered_lines": 0, "num_statements": 0, "percent_covered": 100.0, "percent_covered_display": "100", "missing_lines": 0, "excluded_lines": 0}, "missing_lines": [], "excluded_lines": []}, "": {"executed_lines": [], "summary": {"covered_lines": 0, "num_statements": 21, "percent_covered": 0.0, "percent_covered_display": "0", "missing_lines": 21, "excluded_lines": 0}, "missing_lines": [8, 9, 10, 13, 15, 16, 19, 21, 22, 23, 26, 28, 29, 32, 34, 35, 36, 37, 38, 39, 40], "excluded_lines": []}}}, "core/__init__.py": {"executed_lines": [0], "summary": {"covered_lines": 0, "num_statements": 0, "percent_covered": 100.0, "percent_covered_display": "100", "missing_lines": 0, "excluded_lines": 0}, "missing_lines": [], "excluded_lines": [], "functions": {"": {"executed_lines": [], "summary": {"covered_lines": 0, "num_statements": 0, "percent_covered": 100.0, "percent_covered_display": "100", "missing_lines": 0, "excluded_lines": 0}, "missing_lines": [], "excluded_lines": []}}, "classes": {"": {"executed_lines": [], "summary": {"covered_lines": 0, "num_statements": 0, "percent_covered": 100.0, "percent_covered_display": "100", "missing_lines": 0, "excluded_lines": 0}, "missing_lines": [], "excluded_lines": []}}}, "core/config.py": {"executed_lines": [1, 18, 19, 20, 21, 24, 40, 44, 45, 52, 53, 62, 65, 66, 68, 79, 80, 81, 82, 87, 88, 89, 90, 91, 94, 95, 96, 101, 102, 103, 104, 107, 108, 109, 114, 115, 116, 117, 120, 121, 122, 127, 128, 135, 136, 137, 138, 139, 140, 141, 147, 148, 149, 152, 153, 156, 157, 162, 163, 164, 165, 170, 171, 174, 175, 176, 181, 182, 183, 188, 189, 194, 197, 198, 199, 207, 216, 217, 218, 219, 224, 225, 226, 227, 228, 229, 235, 236, 240, 241, 245, 246, 250, 253, 254, 258, 259, 262, 263, 266, 267, 270, 271, 275, 276, 277, 278, 279, 280, 281, 282, 284, 296, 299], "summary": {"covered_lines": 112, "num_statements": 132, "percent_covered": 84.84848484848484, "percent_covered_display": "85", "missing_lines": 20, "excluded_lines": 0}, "missing_lines": [41, 46, 47, 48, 49, 54, 55, 56, 57, 58, 59, 238, 243, 248, 255, 260, 264, 268, 272, 286], "excluded_lines": [], "functions": {"get_secret": {"executed_lines": [40, 44, 45, 52, 53, 62], "summary": {"covered_lines": 6, "num_statements": 17, "percent_covered": 35.294117647058826, "percent_covered_display": "35", "missing_lines": 11, "excluded_lines": 0}, "missing_lines": [41, 46, 47, 48, 49, 54, 55, 56, 57, 58, 59], "excluded_lines": []}, "Settings.ml_models_exist": {"executed_lines": [], "summary": {"covered_lines": 0, "num_statements": 1, "percent_covered": 0.0, "percent_covered_display": "0", "missing_lines": 1, "excluded_lines": 0}, "missing_lines": [238], "excluded_lines": []}, "Settings.influxdb_url_docker": {"executed_lines": [], "summary": {"covered_lines": 0, "num_statements": 1, "percent_covered": 0.0, "percent_covered_display": "0", "missing_lines": 1, "excluded_lines": 0}, "missing_lines": [243], "excluded_lines": []}, "Settings.influxdb_url_local": {"executed_lines": [], "summary": {"covered_lines": 0, "num_statements": 1, "percent_covered": 0.0, "percent_covered_display": "0", "missing_lines": 1, "excluded_lines": 0}, "missing_lines": [248], "excluded_lines": []}, "Settings.model_post_init": {"executed_lines": [253, 254, 258, 259, 262, 263, 266, 267, 270, 271, 275, 276, 277, 278, 279, 280, 281, 282], "summary": {"covered_lines": 18, "num_statements": 23, "percent_covered": 78.26086956521739, "percent_covered_display": "78", "missing_lines": 5, "excluded_lines": 0}, "missing_lines": [255, 260, 264, 268, 272], "excluded_lines": []}, "Settings.__repr__": {"executed_lines": [], "summary": {"covered_lines": 0, "num_statements": 1, "percent_covered": 0.0, "percent_covered_display": "0", "missing_lines": 1, "excluded_lines": 0}, "missing_lines": [286], "excluded_lines": []}, "": {"executed_lines": [1, 18, 19, 20, 21, 24, 65, 66, 68, 79, 80, 81, 82, 87, 88, 89, 90, 91, 94, 95, 96, 101, 102, 103, 104, 107, 108, 109, 114, 115, 116, 117, 120, 121, 122, 127, 128, 135, 136, 137, 138, 139, 140, 141, 147, 148, 149, 152, 153, 156, 157, 162, 163, 164, 165, 170, 171, 174, 175, 176, 181, 182, 183, 188, 189, 194, 197, 198, 199, 207, 216, 217, 218, 219, 224, 225, 226, 227, 228, 229, 235, 236, 240, 241, 245, 246, 250, 284, 296, 299], "summary": {"covered_lines": 88, "num_statements": 88, "percent_covered": 100.0, "percent_covered_display": "100", "missing_lines": 0, "excluded_lines": 0}, "missing_lines": [], "excluded_lines": []}}, "classes": {"Settings": {"executed_lines": [253, 254, 258, 259, 262, 263, 266, 267, 270, 271, 275, 276, 277, 278, 279, 280, 281, 282], "summary": {"covered_lines": 18, "num_statements": 27, "percent_covered": 66.66666666666667, "percent_covered_display": "67", "missing_lines": 9, "excluded_lines": 0}, "missing_lines": [238, 243, 248, 255, 260, 264, 268, 272, 286], "excluded_lines": []}, "": {"executed_lines": [1, 18, 19, 20, 21, 24, 40, 44, 45, 52, 53, 62, 65, 66, 68, 79, 80, 81, 82, 87, 88, 89, 90, 91, 94, 95, 96, 101, 102, 103, 104, 107, 108, 109, 114, 115, 116, 117, 120, 121, 122, 127, 128, 135, 136, 137, 138, 139, 140, 141, 147, 148, 149, 152, 153, 156, 157, 162, 163, 164, 165, 170, 171, 174, 175, 176, 181, 182, 183, 188, 189, 194, 197, 198, 199, 207, 216, 217, 218, 219, 224, 225, 226, 227, 228, 229, 235, 236, 240, 241, 245, 246, 250, 284, 296, 299], "summary": {"covered_lines": 94, "num_statements": 105, "percent_covered": 89.52380952380952, "percent_covered_display": "90", "missing_lines": 11, "excluded_lines": 0}, "missing_lines": [41, 46, 47, 48, 49, 54, 55, 56, 57, 58, 59], "excluded_lines": []}}}, "core/exceptions.py": {"executed_lines": [1, 35, 36, 43, 44, 50, 56, 57, 58, 59, 61, 74, 75, 76, 79, 80, 81, 84, 85, 86, 89, 90, 91, 94, 95, 96, 103, 104, 105, 108, 109, 111, 119, 120, 122, 130, 131, 133, 141, 142, 144, 156, 157, 158, 161, 162, 164, 172, 173, 175, 183, 184, 186, 194, 195, 197, 209, 210, 212, 225, 226, 228, 240, 241, 242, 245, 246, 248, 256, 257, 259, 267, 268, 270, 282, 283, 285, 297, 298, 300, 308, 309, 311, 323, 360, 361, 362, 364, 367], "summary": {"covered_lines": 63, "num_statements": 96, "percent_covered": 65.625, "percent_covered_display": "66", "missing_lines": 33, "excluded_lines": 0}, "missing_lines": [63, 112, 123, 134, 145, 165, 176, 187, 198, 213, 229, 249, 260, 271, 286, 301, 312, 340, 348, 350, 379, 380, 381, 382, 383, 384, 385, 386, 388, 389, 390, 391, 396], "excluded_lines": [], "functions": {"ChocolateFactoryException.__init__": {"executed_lines": [56, 57, 58, 59], "summary": {"covered_lines": 4, "num_statements": 4, "percent_covered": 100.0, "percent_covered_display": "100", "missing_lines": 0, "excluded_lines": 0}, "missing_lines": [], "excluded_lines": []}, "ChocolateFactoryException.to_dict": {"executed_lines": [], "summary": {"covered_lines": 0, "num_statements": 1, "percent_covered": 0.0, "percent_covered_display": "0", "missing_lines": 1, "excluded_lines": 0}, "missing_lines": [63], "excluded_lines": []}, "ModelNotFoundError.__init__": {"executed_lines": [], "summary": {"covered_lines": 0, "num_statements": 1, "percent_covered": 0.0, "percent_covered_display": "0", "missing_lines": 1, "excluded_lines": 0}, "missing_lines": [112], "excluded_lines": []}, "ModelTrainingError.__init__": {"executed_lines": [], "summary": {"covered_lines": 0, "num_statements": 1, "percent_covered": 0.0, "percent_covered_display": "0", "missing_lines": 1, "excluded_lines": 0}, "missing_lines": [123], "excluded_lines": []}, "ModelPredictionError.__init__": {"executed_lines": [], "summary": {"covered_lines": 0, "num_statements": 1, "percent_covered": 0.0, "percent_covered_display": "0", "missing_lines": 1, "excluded_lines": 0}, "missing_lines": [134], "excluded_lines": []}, "InsufficientDataError.__init__": {"executed_lines": [], "summary": {"covered_lines": 0, "num_statements": 1, "percent_covered": 0.0, "percent_covered_display": "0", "missing_lines": 1, "excluded_lines": 0}, "missing_lines": [145], "excluded_lines": []}, "REEAPIError.__init__": {"executed_lines": [], "summary": {"covered_lines": 0, "num_statements": 1, "percent_covered": 0.0, "percent_covered_display": "0", "missing_lines": 1, "excluded_lines": 0}, "missing_lines": [165], "excluded_lines": []}, "AEMETAPIError.__init__": {"executed_lines": [], "summary": {"covered_lines": 0, "num_statements": 1, "percent_covered": 0.0, "percent_covered_display": "0", "missing_lines": 1, "excluded_lines": 0}, "missing_lines": [176], "excluded_lines": []}, "OpenWeatherMapError.__init__": {"executed_lines": [], "summary": {"covered_lines": 0, "num_statements": 1, "percent_covered": 0.0, "percent_covered_display": "0", "missing_lines": 1, "excluded_lines": 0}, "missing_lines": [187], "excluded_lines": []}, "APIRateLimitError.__init__": {"executed_lines": [], "summary": {"covered_lines": 0, "num_statements": 1, "percent_covered": 0.0, "percent_covered_display": "0", "missing_lines": 1, "excluded_lines": 0}, "missing_lines": [198], "excluded_lines": []}, "DataGapError.__init__": {"executed_lines": [], "summary": {"covered_lines": 0, "num_statements": 1, "percent_covered": 0.0, "percent_covered_display": "0", "missing_lines": 1, "excluded_lines": 0}, "missing_lines": [213], "excluded_lines": []}, "BackfillError.__init__": {"executed_lines": [], "summary": {"covered_lines": 0, "num_statements": 1, "percent_covered": 0.0, "percent_covered_display": "0", "missing_lines": 1, "excluded_lines": 0}, "missing_lines": [229], "excluded_lines": []}, "InfluxDBConnectionError.__init__": {"executed_lines": [], "summary": {"covered_lines": 0, "num_statements": 1, "percent_covered": 0.0, "percent_covered_display": "0", "missing_lines": 1, "excluded_lines": 0}, "missing_lines": [249], "excluded_lines": []}, "InfluxDBQueryError.__init__": {"executed_lines": [], "summary": {"covered_lines": 0, "num_statements": 1, "percent_covered": 0.0, "percent_covered_display": "0", "missing_lines": 1, "excluded_lines": 0}, "missing_lines": [260], "excluded_lines": []}, "InfluxDBWriteError.__init__": {"executed_lines": [], "summary": {"covered_lines": 0, "num_statements": 1, "percent_covered": 0.0, "percent_covered_display": "0", "missing_lines": 1, "excluded_lines": 0}, "missing_lines": [271], "excluded_lines": []}, "ValidationError.__init__": {"executed_lines": [], "summary": {"covered_lines": 0, "num_statements": 1, "percent_covered": 0.0, "percent_covered_display": "0", "missing_lines": 1, "excluded_lines": 0}, "missing_lines": [286], "excluded_lines": []}, "ProductionOptimizationError.__init__": {"executed_lines": [], "summary": {"covered_lines": 0, "num_statements": 1, "percent_covered": 0.0, "percent_covered_display": "0", "missing_lines": 1, "excluded_lines": 0}, "missing_lines": [301], "excluded_lines": []}, "SchedulerError.__init__": {"executed_lines": [], "summary": {"covered_lines": 0, "num_statements": 1, "percent_covered": 0.0, "percent_covered_display": "0", "missing_lines": 1, "excluded_lines": 0}, "missing_lines": [312], "excluded_lines": []}, "to_http_exception": {"executed_lines": [], "summary": {"covered_lines": 0, "num_statements": 3, "percent_covered": 0.0, "percent_covered_display": "0", "missing_lines": 3, "excluded_lines": 0}, "missing_lines": [340, 348, 350], "excluded_lines": []}, "handle_exceptions": {"executed_lines": [], "summary": {"covered_lines": 0, "num_statements": 3, "percent_covered": 0.0, "percent_covered_display": "0", "missing_lines": 3, "excluded_lines": 0}, "missing_lines": [379, 380, 396], "excluded_lines": []}, "handle_exceptions.wrapper": {"executed_lines": [], "summary": {"covered_lines": 0, "num_statements": 10, "percent_covered": 0.0, "percent_covered_display": "0", "missing_lines": 10, "excluded_lines": 0}, "missing_lines": [381, 382, 383, 384, 385, 386, 388, 389, 390, 391], "excluded_lines": []}, "": {"executed_lines": [1, 35, 36, 43, 44, 50, 61, 74, 75, 76, 79, 80, 81, 84, 85, 86, 89, 90, 91, 94, 95, 96, 103, 104, 105, 108, 109, 111, 119, 120, 122, 130, 131, 133, 141, 142, 144, 156, 157, 158, 161, 162, 164, 172, 173, 175, 183, 184, 186, 194, 195, 197, 209, 210, 212, 225, 226, 228, 240, 241, 242, 245, 246, 248, 256, 257, 259, 267, 268, 270, 282, 283, 285, 297, 298, 300, 308, 309, 311, 323, 360, 361, 362, 364, 367], "summary": {"covered_lines": 59, "num_statements": 59, "percent_covered": 100.0, "percent_covered_display": "100", "missing_lines": 0, "excluded_lines": 0}, "missing_lines": [], "excluded_lines": []}}, "classes": {"ChocolateFactoryException": {"executed_lines": [56, 57, 58, 59], "summary": {"covered_lines": 4, "num_statements": 5, "percent_covered": 80.0, "percent_covered_display": "80", "missing_lines": 1, "excluded_lines": 0}, "missing_lines": [63], "excluded_lines": []}, "DataIngestionError": {"executed_lines": [], "summary": {"covered_lines": 0, "num_statements": 0, "percent_covered": 100.0, "percent_covered_display": "100", "missing_lines": 0, "excluded_lines": 0}, "missing_lines": [], "excluded_lines": []}, "REEDataError": {"executed_lines": [], "summary": {"covered_lines": 0, "num_statements": 0, "percent_covered": 100.0, "percent_covered_display": "100", "missing_lines": 0, "excluded_lines": 0}, "missing_lines": [], "excluded_lines": []}, "AEMETDataError": {"executed_lines": [], "summary": {"covered_lines": 0, "num_statements": 0, "percent_covered": 100.0, "percent_covered_display": "100", "missing_lines": 0, "excluded_lines": 0}, "missing_lines": [], "excluded_lines": []}, "SIARDataError": {"executed_lines": [], "summary": {"covered_lines": 0, "num_statements": 0, "percent_covered": 100.0, "percent_covered_display": "100", "missing_lines": 0, "excluded_lines": 0}, "missing_lines": [], "excluded_lines": []}, "WeatherDataError": {"executed_lines": [], "summary": {"covered_lines": 0, "num_statements": 0, "percent_covered": 100.0, "percent_covered_display": "100", "missing_lines": 0, "excluded_lines": 0}, "missing_lines": [], "excluded_lines": []}, "MLModelError": {"executed_lines": [], "summary": {"covered_lines": 0, "num_statements": 0, "percent_covered": 100.0, "percent_covered_display": "100", "missing_lines": 0, "excluded_lines": 0}, "missing_lines": [], "excluded_lines": []}, "ModelNotFoundError": {"executed_lines": [], "summary": {"covered_lines": 0, "num_statements": 1, "percent_covered": 0.0, "percent_covered_display": "0", "missing_lines": 1, "excluded_lines": 0}, "missing_lines": [112], "excluded_lines": []}, "ModelTrainingError": {"executed_lines": [], "summary": {"covered_lines": 0, "num_statements": 1, "percent_covered": 0.0, "percent_covered_display": "0", "missing_lines": 1, "excluded_lines": 0}, "missing_lines": [123], "excluded_lines": []}, "ModelPredictionError": {"executed_lines": [], "summary": {"covered_lines": 0, "num_statements": 1, "percent_covered": 0.0, "percent_covered_display": "0", "missing_lines": 1, "excluded_lines": 0}, "missing_lines": [134], "excluded_lines": []}, "InsufficientDataError": {"executed_lines": [], "summary": {"covered_lines": 0, "num_statements": 1, "percent_covered": 0.0, "percent_covered_display": "0", "missing_lines": 1, "excluded_lines": 0}, "missing_lines": [145], "excluded_lines": []}, "ExternalAPIError": {"executed_lines": [], "summary": {"covered_lines": 0, "num_statements": 0, "percent_covered": 100.0, "percent_covered_display": "100", "missing_lines": 0, "excluded_lines": 0}, "missing_lines": [], "excluded_lines": []}, "REEAPIError": {"executed_lines": [], "summary": {"covered_lines": 0, "num_statements": 1, "percent_covered": 0.0, "percent_covered_display": "0", "missing_lines": 1, "excluded_lines": 0}, "missing_lines": [165], "excluded_lines": []}, "AEMETAPIError": {"executed_lines": [], "summary": {"covered_lines": 0, "num_statements": 1, "percent_covered": 0.0, "percent_covered_display": "0", "missing_lines": 1, "excluded_lines": 0}, "missing_lines": [176], "excluded_lines": []}, "OpenWeatherMapError": {"executed_lines": [], "summary": {"covered_lines": 0, "num_statements": 1, "percent_covered": 0.0, "percent_covered_display": "0", "missing_lines": 1, "excluded_lines": 0}, "missing_lines": [187], "excluded_lines": []}, "APIRateLimitError": {"executed_lines": [], "summary": {"covered_lines": 0, "num_statements": 1, "percent_covered": 0.0, "percent_covered_display": "0", "missing_lines": 1, "excluded_lines": 0}, "missing_lines": [198], "excluded_lines": []}, "DataGapError": {"executed_lines": [], "summary": {"covered_lines": 0, "num_statements": 1, "percent_covered": 0.0, "percent_covered_display": "0", "missing_lines": 1, "excluded_lines": 0}, "missing_lines": [213], "excluded_lines": []}, "BackfillError": {"executed_lines": [], "summary": {"covered_lines": 0, "num_statements": 1, "percent_covered": 0.0, "percent_covered_display": "0", "missing_lines": 1, "excluded_lines": 0}, "missing_lines": [229], "excluded_lines": []}, "InfluxDBError": {"executed_lines": [], "summary": {"covered_lines": 0, "num_statements": 0, "percent_covered": 100.0, "percent_covered_display": "100", "missing_lines": 0, "excluded_lines": 0}, "missing_lines": [], "excluded_lines": []}, "InfluxDBConnectionError": {"executed_lines": [], "summary": {"covered_lines": 0, "num_statements": 1, "percent_covered": 0.0, "percent_covered_display": "0", "missing_lines": 1, "excluded_lines": 0}, "missing_lines": [249], "excluded_lines": []}, "InfluxDBQueryError": {"executed_lines": [], "summary": {"covered_lines": 0, "num_statements": 1, "percent_covered": 0.0, "percent_covered_display": "0", "missing_lines": 1, "excluded_lines": 0}, "missing_lines": [260], "excluded_lines": []}, "InfluxDBWriteError": {"executed_lines": [], "summary": {"covered_lines": 0, "num_statements": 1, "percent_covered": 0.0, "percent_covered_display": "0", "missing_lines": 1, "excluded_lines": 0}, "missing_lines": [271], "excluded_lines": []}, "ValidationError": {"executed_lines": [], "summary": {"covered_lines": 0, "num_statements": 1, "percent_covered": 0.0, "percent_covered_display": "0", "missing_lines": 1, "excluded_lines": 0}, "missing_lines": [286], "excluded_lines": []}, "ProductionOptimizationError": {"executed_lines": [], "summary": {"covered_lines": 0, "num_statements": 1, "percent_covered": 0.0, "percent_covered_display": "0", "missing_lines": 1, "excluded_lines": 0}, "missing_lines": [301], "excluded_lines": []}, "SchedulerError": {"executed_lines": [], "summary": {"covered_lines": 0, "num_statements": 1, "percent_covered": 0.0, "percent_covered_display": "0", "missing_lines": 1, "excluded_lines": 0}, "missing_lines": [312], "excluded_lines": []}, "": {"executed_lines": [1, 35, 36, 43, 44, 50, 61, 74, 75, 76, 79, 80, 81, 84, 85, 86, 89, 90, 91, 94, 95, 96, 103, 104, 105, 108, 109, 111, 119, 120, 122, 130, 131, 133, 141, 142, 144, 156, 157, 158, 161, 162, 164, 172, 173, 175, 183, 184, 186, 194, 195, 197, 209, 210, 212, 225, 226, 228, 240, 241, 242, 245, 246, 248, 256, 257, 259, 267, 268, 270, 282, 283, 285, 297, 298, 300, 308, 309, 311, 323, 360, 361, 362, 364, 367], "summary": {"covered_lines": 59, "num_statements": 75, "percent_covered": 78.66666666666667, "percent_covered_display": "79", "missing_lines": 16, "excluded_lines": 0}, "missing_lines": [340, 348, 350, 379, 380, 381, 382, 383, 384, 385, 386, 388, 389, 390, 391, 396], "excluded_lines": []}}}, "core/logging_config.py": {"executed_lines": [1, 17, 18, 19, 20, 21, 22, 24, 31, 32, 46, 72, 73, 85, 92, 94, 96, 97, 98, 103, 106, 108, 115, 122, 124, 129, 134, 135, 138, 167, 187, 188, 191, 192, 195, 198, 199, 202, 211, 212, 213, 214, 217, 218, 219, 227, 230, 235, 236, 243, 248, 262, 263, 264, 271, 272, 282, 287, 292, 310, 353, 383], "summary": {"covered_lines": 57, "num_statements": 97, "percent_covered": 58.76288659793814, "percent_covered_display": "59", "missing_lines": 40, "excluded_lines": 0}, "missing_lines": [47, 58, 59, 62, 63, 66, 67, 69, 126, 149, 150, 151, 153, 154, 155, 157, 158, 160, 203, 204, 206, 207, 208, 220, 244, 245, 283, 284, 285, 288, 289, 290, 293, 295, 296, 301, 339, 349, 350, 376], "excluded_lines": [], "functions": {"StructuredFormatter.format": {"executed_lines": [], "summary": {"covered_lines": 0, "num_statements": 8, "percent_covered": 0.0, "percent_covered_display": "0", "missing_lines": 8, "excluded_lines": 0}, "missing_lines": [47, 58, 59, 62, 63, 66, 67, 69], "excluded_lines": []}, "ColoredFormatter.format": {"executed_lines": [96, 97, 98, 103, 106, 108], "summary": {"covered_lines": 6, "num_statements": 6, "percent_covered": 100.0, "percent_covered_display": "100", "missing_lines": 0, "excluded_lines": 0}, "missing_lines": [], "excluded_lines": []}, "get_console_handler": {"executed_lines": [122, 124, 129, 134, 135], "summary": {"covered_lines": 5, "num_statements": 6, "percent_covered": 83.33333333333333, "percent_covered_display": "83", "missing_lines": 1, "excluded_lines": 0}, "missing_lines": [126], "excluded_lines": []}, "get_file_handler": {"executed_lines": [], "summary": {"covered_lines": 0, "num_statements": 9, "percent_covered": 0.0, "percent_covered_display": "0", "missing_lines": 9, "excluded_lines": 0}, "missing_lines": [149, 150, 151, 153, 154, 155, 157, 158, 160], "excluded_lines": []}, "setup_logging": {"executed_lines": [187, 188, 191, 192, 195, 198, 199, 202, 211, 212, 213, 214, 217, 218, 219], "summary": {"covered_lines": 15, "num_statements": 21, "percent_covered": 71.42857142857143, "percent_covered_display": "71", "missing_lines": 6, "excluded_lines": 0}, "missing_lines": [203, 204, 206, 207, 208, 220], "excluded_lines": []}, "RequestIDFilter.filter": {"executed_lines": [], "summary": {"covered_lines": 0, "num_statements": 2, "percent_covered": 0.0, "percent_covered_display": "0", "missing_lines": 2, "excluded_lines": 0}, "missing_lines": [244, 245], "excluded_lines": []}, "get_logger": {"executed_lines": [262, 263, 264], "summary": {"covered_lines": 3, "num_statements": 3, "percent_covered": 100.0, "percent_covered_display": "100", "missing_lines": 0, "excluded_lines": 0}, "missing_lines": [], "excluded_lines": []}, "PerformanceLogger.__init__": {"executed_lines": [], "summary": {"covered_lines": 0, "num_statements": 3, "percent_covered": 0.0, "percent_covered_display": "0", "missing_lines": 3, "excluded_lines": 0}, "missing_lines": [283, 284, 285], "excluded_lines": []}, "PerformanceLogger.__enter__": {"executed_lines": [], "summary": {"covered_lines": 0, "num_statements": 3, "percent_covered": 0.0, "percent_covered_display": "0", "missing_lines": 3, "excluded_lines": 0}, "missing_lines": [288, 289, 290], "excluded_lines": []}, "PerformanceLogger.__exit__": {"executed_lines": [], "summary": {"covered_lines": 0, "num_statements": 4, "percent_covered": 0.0, "percent_covered_display": "0", "missing_lines": 4, "excluded_lines": 0}, "missing_lines": [293, 295, 296, 301], "excluded_lines": []}, "log_api_call": {"executed_lines": [], "summary": {"covered_lines": 0, "num_statements": 3, "percent_covered": 0.0, "percent_covered_display": "0", "missing_lines": 3, "excluded_lines": 0}, "missing_lines": [339, 349, 350], "excluded_lines": []}, "log_ml_metrics": {"executed_lines": [], "summary": {"covered_lines": 0, "num_statements": 1, "percent_covered": 0.0, "percent_covered_display": "0", "missing_lines": 1, "excluded_lines": 0}, "missing_lines": [376], "excluded_lines": []}, "": {"executed_lines": [1, 17, 18, 19, 20, 21, 22, 24, 31, 32, 46, 72, 73, 85, 92, 94, 115, 138, 167, 227, 230, 235, 236, 243, 248, 271, 272, 282, 287, 292, 310, 353, 383], "summary": {"covered_lines": 28, "num_statements": 28, "percent_covered": 100.0, "percent_covered_display": "100", "missing_lines": 0, "excluded_lines": 0}, "missing_lines": [], "excluded_lines": []}}, "classes": {"StructuredFormatter": {"executed_lines": [], "summary": {"covered_lines": 0, "num_statements": 8, "percent_covered": 0.0, "percent_covered_display": "0", "missing_lines": 8, "excluded_lines": 0}, "missing_lines": [47, 58, 59, 62, 63, 66, 67, 69], "excluded_lines": []}, "ColoredFormatter": {"executed_lines": [96, 97, 98, 103, 106, 108], "summary": {"covered_lines": 6, "num_statements": 6, "percent_covered": 100.0, "percent_covered_display": "100", "missing_lines": 0, "excluded_lines": 0}, "missing_lines": [], "excluded_lines": []}, "RequestIDFilter": {"executed_lines": [], "summary": {"covered_lines": 0, "num_statements": 2, "percent_covered": 0.0, "percent_covered_display": "0", "missing_lines": 2, "excluded_lines": 0}, "missing_lines": [244, 245], "excluded_lines": []}, "PerformanceLogger": {"executed_lines": [], "summary": {"covered_lines": 0, "num_statements": 10, "percent_covered": 0.0, "percent_covered_display": "0", "missing_lines": 10, "excluded_lines": 0}, "missing_lines": [283, 284, 285, 288, 289, 290, 293, 295, 296, 301], "excluded_lines": []}, "": {"executed_lines": [1, 17, 18, 19, 20, 21, 22, 24, 31, 32, 46, 72, 73, 85, 92, 94, 115, 122, 124, 129, 134, 135, 138, 167, 187, 188, 191, 192, 195, 198, 199, 202, 211, 212, 213, 214, 217, 218, 219, 227, 230, 235, 236, 243, 248, 262, 263, 264, 271, 272, 282, 287, 292, 310, 353, 383], "summary": {"covered_lines": 51, "num_statements": 71, "percent_covered": 71.83098591549296, "percent_covered_display": "72", "missing_lines": 20, "excluded_lines": 0}, "missing_lines": [126, 149, 150, 151, 153, 154, 155, 157, 158, 160, 203, 204, 206, 207, 208, 220, 339, 349, 350, 376], "excluded_lines": []}}}, "dependencies.py": {"executed_lines": [], "summary": {"covered_lines": 0, "num_statements": 96, "percent_covered": 0.0, "percent_covered_display": "0", "missing_lines": 96, "excluded_lines": 1}, "missing_lines": [17, 18, 19, 21, 22, 24, 26, 33, 34, 44, 45, 55, 56, 58, 59, 60, 61, 64, 71, 72, 75, 82, 83, 90, 91, 92, 95, 106, 108, 109, 110, 112, 115, 126, 128, 129, 130, 132, 135, 146, 148, 149, 150, 152, 159, 160, 163, 174, 175, 176, 177, 179, 182, 193, 194, 195, 196, 198, 205, 208, 217, 218, 219, 220, 222, 229, 232, 241, 242, 243, 245, 249, 255, 257, 260, 266, 268, 270, 271, 274, 275, 277, 280, 286, 288, 289, 290, 297, 304, 307, 308, 309, 310, 311, 312, 314], "excluded_lines": [1], "functions": {"get_influxdb_client": {"executed_lines": [], "summary": {"covered_lines": 0, "num_statements": 8, "percent_covered": 0.0, "percent_covered_display": "0", "missing_lines": 8, "excluded_lines": 0}, "missing_lines": [44, 45, 55, 56, 58, 59, 60, 61], "excluded_lines": []}, "get_influxdb_write_api": {"executed_lines": [], "summary": {"covered_lines": 0, "num_statements": 2, "percent_covered": 0.0, "percent_covered_display": "0", "missing_lines": 2, "excluded_lines": 0}, "missing_lines": [71, 72], "excluded_lines": []}, "get_influxdb_query_api": {"executed_lines": [], "summary": {"covered_lines": 0, "num_statements": 2, "percent_covered": 0.0, "percent_covered_display": "0", "missing_lines": 2, "excluded_lines": 0}, "missing_lines": [82, 83], "excluded_lines": []}, "get_ree_client": {"executed_lines": [], "summary": {"covered_lines": 0, "num_statements": 5, "percent_covered": 0.0, "percent_covered_display": "0", "missing_lines": 5, "excluded_lines": 0}, "missing_lines": [106, 108, 109, 110, 112], "excluded_lines": []}, "get_aemet_client": {"executed_lines": [], "summary": {"covered_lines": 0, "num_statements": 5, "percent_covered": 0.0, "percent_covered_display": "0", "missing_lines": 5, "excluded_lines": 0}, "missing_lines": [126, 128, 129, 130, 132], "excluded_lines": []}, "get_openweather_client": {"executed_lines": [], "summary": {"covered_lines": 0, "num_statements": 5, "percent_covered": 0.0, "percent_covered_display": "0", "missing_lines": 5, "excluded_lines": 0}, "missing_lines": [146, 148, 149, 150, 152], "excluded_lines": []}, "get_direct_ml_service": {"executed_lines": [], "summary": {"covered_lines": 0, "num_statements": 5, "percent_covered": 0.0, "percent_covered_display": "0", "missing_lines": 5, "excluded_lines": 0}, "missing_lines": [174, 175, 176, 177, 179], "excluded_lines": []}, "get_enhanced_ml_service": {"executed_lines": [], "summary": {"covered_lines": 0, "num_statements": 5, "percent_covered": 0.0, "percent_covered_display": "0", "missing_lines": 5, "excluded_lines": 0}, "missing_lines": [193, 194, 195, 196, 198], "excluded_lines": []}, "get_dashboard_service": {"executed_lines": [], "summary": {"covered_lines": 0, "num_statements": 5, "percent_covered": 0.0, "percent_covered_display": "0", "missing_lines": 5, "excluded_lines": 0}, "missing_lines": [217, 218, 219, 220, 222], "excluded_lines": []}, "get_scheduler": {"executed_lines": [], "summary": {"covered_lines": 0, "num_statements": 7, "percent_covered": 0.0, "percent_covered_display": "0", "missing_lines": 7, "excluded_lines": 0}, "missing_lines": [241, 242, 243, 245, 249, 255, 257], "excluded_lines": []}, "init_scheduler": {"executed_lines": [], "summary": {"covered_lines": 0, "num_statements": 7, "percent_covered": 0.0, "percent_covered_display": "0", "missing_lines": 7, "excluded_lines": 0}, "missing_lines": [266, 268, 270, 271, 274, 275, 277], "excluded_lines": []}, "shutdown_scheduler": {"executed_lines": [], "summary": {"covered_lines": 0, "num_statements": 4, "percent_covered": 0.0, "percent_covered_display": "0", "missing_lines": 4, "excluded_lines": 0}, "missing_lines": [286, 288, 289, 290], "excluded_lines": []}, "cleanup_dependencies": {"executed_lines": [], "summary": {"covered_lines": 0, "num_statements": 8, "percent_covered": 0.0, "percent_covered_display": "0", "missing_lines": 8, "excluded_lines": 0}, "missing_lines": [304, 307, 308, 309, 310, 311, 312, 314], "excluded_lines": []}, "": {"executed_lines": [], "summary": {"covered_lines": 0, "num_statements": 28, "percent_covered": 0.0, "percent_covered_display": "0", "missing_lines": 28, "excluded_lines": 1}, "missing_lines": [17, 18, 19, 21, 22, 24, 26, 33, 34, 64, 75, 90, 91, 92, 95, 115, 135, 159, 160, 163, 182, 205, 208, 229, 232, 260, 280, 297], "excluded_lines": [1]}}, "classes": {"": {"executed_lines": [], "summary": {"covered_lines": 0, "num_statements": 96, "percent_covered": 0.0, "percent_covered_display": "0", "missing_lines": 96, "excluded_lines": 1}, "missing_lines": [17, 18, 19, 21, 22, 24, 26, 33, 34, 44, 45, 55, 56, 58, 59, 60, 61, 64, 71, 72, 75, 82, 83, 90, 91, 92, 95, 106, 108, 109, 110, 112, 115, 126, 128, 129, 130, 132, 135, 146, 148, 149, 150, 152, 159, 160, 163, 174, 175, 176, 177, 179, 182, 193, 194, 195, 196, 198, 205, 208, 217, 218, 219, 220, 222, 229, 232, 241, 242, 243, 245, 249, 255, 257, 260, 266, 268, 270, 271, 274, 275, 277, 280, 286, 288, 289, 290, 297, 304, 307, 308, 309, 310, 311, 312, 314], "excluded_lines": [1]}}}, "domain/__init__.py": {"executed_lines": [0], "summary": {"covered_lines": 0, "num_statements": 0, "percent_covered": 100.0, "percent_covered_display": "100", "missing_lines": 0, "excluded_lines": 0}, "missing_lines": [], "excluded_lines": [], "functions": {"": {"executed_lines": [], "summary": {"covered_lines": 0, "num_statements": 0, "percent_covered": 100.0, "percent_covered_display": "100", "missing_lines": 0, "excluded_lines": 0}, "missing_lines": [], "excluded_lines": []}}, "classes": {"": {"executed_lines": [], "summary": {"covered_lines": 0, "num_statements": 0, "percent_covered": 100.0, "percent_covered_display": "100", "missing_lines": 0, "excluded_lines": 0}, "missing_lines": [], "excluded_lines": []}}}, "domain/analysis/__init__.py": {"executed_lines": [], "summary": {"covered_lines": 0, "num_statements": 2, "percent_covered": 0.0, "percent_covered_display": "0", "missing_lines": 2, "excluded_lines": 0}, "missing_lines": [8, 10], "excluded_lines": [], "functions": {"": {"executed_lines": [], "summary": {"covered_lines": 0, "num_statements": 2, "percent_covered": 0.0, "percent_covered_display": "0", "missing_lines": 2, "excluded_lines": 0}, "missing_lines": [8, 10], "excluded_lines": []}}, "classes": {"": {"executed_lines": [], "summary": {"covered_lines": 0, "num_statements": 2, "percent_covered": 0.0, "percent_covered_display": "0", "missing_lines": 2, "excluded_lines": 0}, "missing_lines": [8, 10], "excluded_lines": []}}}, "domain/analysis/siar_analysis_service.py": {"executed_lines": [], "summary": {"covered_lines": 0, "num_statements": 196, "percent_covered": 0.0, "percent_covered_display": "0", "missing_lines": 196, "excluded_lines": 0}, "missing_lines": [17, 18, 19, 20, 22, 23, 24, 25, 27, 29, 32, 33, 35, 36, 37, 38, 39, 40, 41, 44, 45, 47, 48, 49, 50, 51, 52, 53, 56, 57, 59, 60, 61, 62, 63, 64, 67, 77, 79, 80, 81, 84, 91, 93, 100, 102, 105, 116, 125, 126, 129, 130, 131, 132, 133, 134, 141, 142, 143, 144, 145, 146, 152, 153, 155, 160, 162, 163, 164, 166, 177, 180, 183, 192, 201, 206, 217, 222, 232, 237, 243, 244, 246, 248, 255, 258, 261, 262, 265, 266, 271, 272, 274, 275, 278, 279, 282, 285, 293, 295, 305, 307, 312, 315, 316, 318, 320, 327, 330, 332, 335, 336, 337, 340, 341, 342, 344, 372, 373, 374, 376, 377, 378, 380, 407, 409, 410, 413, 414, 416, 418, 431, 434, 437, 438, 440, 442, 443, 444, 447, 455, 456, 457, 465, 468, 469, 470, 471, 472, 473, 476, 497, 499, 501, 507, 520, 521, 522, 523, 525, 528, 529, 530, 531, 533, 536, 538, 540, 548, 549, 550, 552, 553, 556, 557, 559, 561, 567, 568, 569, 570, 571, 572, 573, 574, 576, 578, 585, 588, 589, 590, 593, 594, 596, 650, 656], "excluded_lines": [], "functions": {"SIARAnalysisService.__init__": {"executed_lines": [], "summary": {"covered_lines": 0, "num_statements": 5, "percent_covered": 0.0, "percent_covered_display": "0", "missing_lines": 5, "excluded_lines": 0}, "missing_lines": [79, 80, 81, 84, 91], "excluded_lines": []}, "SIARAnalysisService.extract_siar_complete_history": {"executed_lines": [], "summary": {"covered_lines": 0, "num_statements": 25, "percent_covered": 0.0, "percent_covered_display": "0", "missing_lines": 25, "excluded_lines": 0}, "missing_lines": [100, 102, 105, 116, 125, 126, 129, 130, 131, 132, 133, 134, 141, 142, 143, 144, 145, 146, 152, 153, 155, 160, 162, 163, 164], "excluded_lines": []}, "SIARAnalysisService.calculate_production_correlations": {"executed_lines": [], "summary": {"covered_lines": 0, "num_statements": 13, "percent_covered": 0.0, "percent_covered_display": "0", "missing_lines": 13, "excluded_lines": 0}, "missing_lines": [177, 180, 183, 192, 201, 206, 217, 222, 232, 237, 243, 244, 246], "excluded_lines": []}, "SIARAnalysisService.detect_seasonal_patterns": {"executed_lines": [], "summary": {"covered_lines": 0, "num_statements": 22, "percent_covered": 0.0, "percent_covered_display": "0", "missing_lines": 22, "excluded_lines": 0}, "missing_lines": [255, 258, 261, 262, 265, 266, 271, 272, 274, 275, 278, 279, 282, 285, 293, 295, 305, 307, 312, 315, 316, 318], "excluded_lines": []}, "SIARAnalysisService.identify_critical_thresholds": {"executed_lines": [], "summary": {"covered_lines": 0, "num_statements": 23, "percent_covered": 0.0, "percent_covered_display": "0", "missing_lines": 23, "excluded_lines": 0}, "missing_lines": [327, 330, 332, 335, 336, 337, 340, 341, 342, 344, 372, 373, 374, 376, 377, 378, 380, 407, 409, 410, 413, 414, 416], "excluded_lines": []}, "SIARAnalysisService.contextualize_aemet_forecast": {"executed_lines": [], "summary": {"covered_lines": 0, "num_statements": 23, "percent_covered": 0.0, "percent_covered_display": "0", "missing_lines": 23, "excluded_lines": 0}, "missing_lines": [431, 434, 437, 438, 440, 442, 443, 444, 447, 455, 456, 457, 465, 468, 469, 470, 471, 472, 473, 476, 497, 499, 501], "excluded_lines": []}, "SIARAnalysisService._calculate_production_efficiency_proxy": {"executed_lines": [], "summary": {"covered_lines": 0, "num_statements": 12, "percent_covered": 0.0, "percent_covered_display": "0", "missing_lines": 12, "excluded_lines": 0}, "missing_lines": [520, 521, 522, 523, 525, 528, 529, 530, 531, 533, 536, 538], "excluded_lines": []}, "SIARAnalysisService._calculate_confidence_interval": {"executed_lines": [], "summary": {"covered_lines": 0, "num_statements": 8, "percent_covered": 0.0, "percent_covered_display": "0", "missing_lines": 8, "excluded_lines": 0}, "missing_lines": [548, 549, 550, 552, 553, 556, 557, 559], "excluded_lines": []}, "SIARAnalysisService._generate_recommendation": {"executed_lines": [], "summary": {"covered_lines": 0, "num_statements": 9, "percent_covered": 0.0, "percent_covered_display": "0", "missing_lines": 9, "excluded_lines": 0}, "missing_lines": [567, 568, 569, 570, 571, 572, 573, 574, 576], "excluded_lines": []}, "SIARAnalysisService.get_analysis_summary": {"executed_lines": [], "summary": {"covered_lines": 0, "num_statements": 9, "percent_covered": 0.0, "percent_covered_display": "0", "missing_lines": 9, "excluded_lines": 0}, "missing_lines": [585, 588, 589, 590, 593, 594, 596, 650, 656], "excluded_lines": []}, "": {"executed_lines": [], "summary": {"covered_lines": 0, "num_statements": 47, "percent_covered": 0.0, "percent_covered_display": "0", "missing_lines": 47, "excluded_lines": 0}, "missing_lines": [17, 18, 19, 20, 22, 23, 24, 25, 27, 29, 32, 33, 35, 36, 37, 38, 39, 40, 41, 44, 45, 47, 48, 49, 50, 51, 52, 53, 56, 57, 59, 60, 61, 62, 63, 64, 67, 77, 93, 166, 248, 320, 418, 507, 540, 561, 578], "excluded_lines": []}}, "classes": {"CorrelationResult": {"executed_lines": [], "summary": {"covered_lines": 0, "num_statements": 0, "percent_covered": 100.0, "percent_covered_display": "100", "missing_lines": 0, "excluded_lines": 0}, "missing_lines": [], "excluded_lines": []}, "SeasonalPattern": {"executed_lines": [], "summary": {"covered_lines": 0, "num_statements": 0, "percent_covered": 100.0, "percent_covered_display": "100", "missing_lines": 0, "excluded_lines": 0}, "missing_lines": [], "excluded_lines": []}, "CriticalThreshold": {"executed_lines": [], "summary": {"covered_lines": 0, "num_statements": 0, "percent_covered": 100.0, "percent_covered_display": "100", "missing_lines": 0, "excluded_lines": 0}, "missing_lines": [], "excluded_lines": []}, "SIARAnalysisService": {"executed_lines": [], "summary": {"covered_lines": 0, "num_statements": 149, "percent_covered": 0.0, "percent_covered_display": "0", "missing_lines": 149, "excluded_lines": 0}, "missing_lines": [79, 80, 81, 84, 91, 100, 102, 105, 116, 125, 126, 129, 130, 131, 132, 133, 134, 141, 142, 143, 144, 145, 146, 152, 153, 155, 160, 162, 163, 164, 177, 180, 183, 192, 201, 206, 217, 222, 232, 237, 243, 244, 246, 255, 258, 261, 262, 265, 266, 271, 272, 274, 275, 278, 279, 282, 285, 293, 295, 305, 307, 312, 315, 316, 318, 327, 330, 332, 335, 336, 337, 340, 341, 342, 344, 372, 373, 374, 376, 377, 378, 380, 407, 409, 410, 413, 414, 416, 431, 434, 437, 438, 440, 442, 443, 444, 447, 455, 456, 457, 465, 468, 469, 470, 471, 472, 473, 476, 497, 499, 501, 520, 521, 522, 523, 525, 528, 529, 530, 531, 533, 536, 538, 548, 549, 550, 552, 553, 556, 557, 559, 567, 568, 569, 570, 571, 572, 573, 574, 576, 585, 588, 589, 590, 593, 594, 596, 650, 656], "excluded_lines": []}, "": {"executed_lines": [], "summary": {"covered_lines": 0, "num_statements": 47, "percent_covered": 0.0, "percent_covered_display": "0", "missing_lines": 47, "excluded_lines": 0}, "missing_lines": [17, 18, 19, 20, 22, 23, 24, 25, 27, 29, 32, 33, 35, 36, 37, 38, 39, 40, 41, 44, 45, 47, 48, 49, 50, 51, 52, 53, 56, 57, 59, 60, 61, 62, 63, 64, 67, 77, 93, 166, 248, 320, 418, 507, 540, 561, 578], "excluded_lines": []}}}, "domain/energy/__init__.py": {"executed_lines": [], "summary": {"covered_lines": 0, "num_statements": 2, "percent_covered": 0.0, "percent_covered_display": "0", "missing_lines": 2, "excluded_lines": 0}, "missing_lines": [3, 5], "excluded_lines": [], "functions": {"": {"executed_lines": [], "summary": {"covered_lines": 0, "num_statements": 2, "percent_covered": 0.0, "percent_covered_display": "0", "missing_lines": 2, "excluded_lines": 0}, "missing_lines": [3, 5], "excluded_lines": []}}, "classes": {"": {"executed_lines": [], "summary": {"covered_lines": 0, "num_statements": 2, "percent_covered": 0.0, "percent_covered_display": "0", "missing_lines": 2, "excluded_lines": 0}, "missing_lines": [3, 5], "excluded_lines": []}}}, "domain/energy/forecaster.py": {"executed_lines": [], "summary": {"covered_lines": 0, "num_statements": 18, "percent_covered": 0.0, "percent_covered_display": "0", "missing_lines": 18, "excluded_lines": 0}, "missing_lines": [15, 16, 19, 27, 46, 47, 50, 51, 54, 55, 57, 58, 59, 66, 68, 84, 87, 88], "excluded_lines": [], "functions": {"PriceForecaster.predict_next_hours": {"executed_lines": [], "summary": {"covered_lines": 0, "num_statements": 10, "percent_covered": 0.0, "percent_covered_display": "0", "missing_lines": 10, "excluded_lines": 0}, "missing_lines": [46, 47, 50, 51, 54, 55, 57, 58, 59, 66], "excluded_lines": []}, "PriceForecaster.calculate_optimal_hours"
[...]
_lines": 99, "excluded_lines": 0}, "missing_lines": [414, 423, 424, 425, 426, 428, 429, 432, 433, 434, 435, 436, 437, 438, 440, 441, 442, 443, 446, 449, 450, 453, 462, 463, 464, 465, 467, 468, 471, 472, 473, 474, 475, 476, 477, 479, 480, 481, 482, 485, 488, 491, 500, 501, 502, 503, 505, 506, 509, 510, 511, 512, 513, 514, 515, 517, 518, 519, 520, 523, 526, 529, 538, 539, 542, 545, 553, 554, 557, 566, 567, 570, 573, 581, 584, 593, 594, 595, 596, 598, 600, 601, 602, 605, 608, 609, 612, 620, 628, 629, 632, 640, 648, 649, 652, 660, 668, 669, 676], "excluded_lines": [], "functions": {"gap_detector": {"executed_lines": [34], "summary": {"covered_lines": 1, "num_statements": 1, "percent_covered": 100.0, "percent_covered_display": "100", "missing_lines": 0, "excluded_lines": 0}, "missing_lines": [], "excluded_lines": []}, "sample_expected_times": {"executed_lines": [40, 41], "summary": {"covered_lines": 2, "num_statements": 2, "percent_covered": 100.0, "percent_covered_display": "100", "missing_lines": 0, "excluded_lines": 0}, "missing_lines": [], "excluded_lines": []}, "sample_existing_times_with_gaps": {"executed_lines": [47, 48, 51, 54, 56], "summary": {"covered_lines": 5, "num_statements": 5, "percent_covered": 100.0, "percent_covered_display": "100", "missing_lines": 0, "excluded_lines": 0}, "missing_lines": [], "excluded_lines": []}, "sample_continuous_times": {"executed_lines": [62, 63], "summary": {"covered_lines": 2, "num_statements": 2, "percent_covered": 100.0, "percent_covered_display": "100", "missing_lines": 0, "excluded_lines": 0}, "missing_lines": [], "excluded_lines": []}, "TestGapDetectionService.test_detect_ree_gaps": {"executed_lines": [85, 86, 87, 88, 91, 94, 95, 98, 99, 100, 101, 102, 103, 104, 106, 107, 108, 109, 112, 115, 118, 119, 120, 121, 122], "summary": {"covered_lines": 25, "num_statements": 25, "percent_covered": 100.0, "percent_covered_display": "100", "missing_lines": 0, "excluded_lines": 0}, "missing_lines": [], "excluded_lines": []}, "TestGapDetectionService.test_detect_weather_gaps": {"executed_lines": [135, 136, 137, 138, 141, 143, 146, 147, 148, 149, 150, 151, 152, 154, 155, 156, 157, 160, 163], "summary": {"covered_lines": 19, "num_statements": 19, "percent_covered": 100.0, "percent_covered_display": "100", "missing_lines": 0, "excluded_lines": 0}, "missing_lines": [], "excluded_lines": []}, "TestGapDetectionService.test_gap_summary_calculation": {"executed_lines": [176, 198, 201, 202, 203, 204], "summary": {"covered_lines": 6, "num_statements": 6, "percent_covered": 100.0, "percent_covered_display": "100", "missing_lines": 0, "excluded_lines": 0}, "missing_lines": [], "excluded_lines": []}, "TestGapDetectionService.test_auto_backfill_threshold": {"executed_lines": [217, 227, 238, 241, 242], "summary": {"covered_lines": 5, "num_statements": 5, "percent_covered": 100.0, "percent_covered_display": "100", "missing_lines": 0, "excluded_lines": 0}, "missing_lines": [], "excluded_lines": []}, "TestGapDetectionService.test_gap_between_dates": {"executed_lines": [260, 268, 271, 272, 273], "summary": {"covered_lines": 5, "num_statements": 5, "percent_covered": 100.0, "percent_covered_display": "100", "missing_lines": 0, "excluded_lines": 0}, "missing_lines": [], "excluded_lines": []}, "TestGapDetectionService.test_empty_data_detection": {"executed_lines": [286, 289, 297, 299, 301, 302], "summary": {"covered_lines": 6, "num_statements": 6, "percent_covered": 100.0, "percent_covered_display": "100", "missing_lines": 0, "excluded_lines": 0}, "missing_lines": [], "excluded_lines": []}, "TestGapDetectionService.test_partial_day_gaps": {"executed_lines": [315, 316, 319, 322, 331], "summary": {"covered_lines": 5, "num_statements": 5, "percent_covered": 100.0, "percent_covered_display": "100", "missing_lines": 0, "excluded_lines": 0}, "missing_lines": [], "excluded_lines": []}, "TestGapDetectionService.test_continuous_data_no_gaps": {"executed_lines": [348, 356], "summary": {"covered_lines": 2, "num_statements": 2, "percent_covered": 100.0, "percent_covered_display": "100", "missing_lines": 0, "excluded_lines": 0}, "missing_lines": [], "excluded_lines": []}, "TestGapAnalysis.test_gap_analysis_creation": {"executed_lines": [375, 408, 409, 410, 411], "summary": {"covered_lines": 5, "num_statements": 5, "percent_covered": 100.0, "percent_covered_display": "100", "missing_lines": 0, "excluded_lines": 0}, "missing_lines": [], "excluded_lines": []}, "TestGapAnalysis.test_detect_ree_gaps_single_gap": {"executed_lines": [415], "summary": {"covered_lines": 0, "num_statements": 20, "percent_covered": 0.0, "percent_covered_display": "0", "missing_lines": 20, "excluded_lines": 0}, "missing_lines": [423, 424, 425, 426, 428, 429, 432, 433, 434, 435, 436, 437, 438, 440, 441, 442, 443, 446, 449, 450], "excluded_lines": []}, "TestGapAnalysis.test_detect_ree_gaps_multiple_gaps": {"executed_lines": [], "summary": {"covered_lines": 0, "num_statements": 19, "percent_covered": 0.0, "percent_covered_display": "0", "missing_lines": 19, "excluded_lines": 0}, "missing_lines": [462, 463, 464, 465, 467, 468, 471, 472, 473, 474, 475, 476, 477, 479, 480, 481, 482, 485, 488], "excluded_lines": []}, "TestGapAnalysis.test_detect_weather_gaps_tolerance": {"executed_lines": [], "summary": {"covered_lines": 0, "num_statements": 19, "percent_covered": 0.0, "percent_covered_display": "0", "missing_lines": 19, "excluded_lines": 0}, "missing_lines": [500, 501, 502, 503, 505, 506, 509, 510, 511, 512, 513, 514, 515, 517, 518, 519, 520, 523, 526], "excluded_lines": []}, "TestGapAnalysis.test_find_time_gaps_consecutive": {"executed_lines": [], "summary": {"covered_lines": 0, "num_statements": 6, "percent_covered": 0.0, "percent_covered_display": "0", "missing_lines": 6, "excluded_lines": 0}, "missing_lines": [538, 539, 542, 545, 553, 554], "excluded_lines": []}, "TestGapAnalysis.test_find_time_gaps_separated": {"executed_lines": [], "summary": {"covered_lines": 0, "num_statements": 5, "percent_covered": 0.0, "percent_covered_display": "0", "missing_lines": 5, "excluded_lines": 0}, "missing_lines": [566, 567, 570, 573, 581], "excluded_lines": []}, "TestGapAnalysis.test_get_latest_timestamps_empty_db": {"executed_lines": [], "summary": {"covered_lines": 0, "num_statements": 11, "percent_covered": 0.0, "percent_covered_display": "0", "missing_lines": 11, "excluded_lines": 0}, "missing_lines": [593, 594, 595, 596, 598, 600, 601, 602, 605, 608, 609], "excluded_lines": []}, "TestGapAnalysis.test_calculate_gap_severity_minor": {"executed_lines": [], "summary": {"covered_lines": 0, "num_statements": 3, "percent_covered": 0.0, "percent_covered_display": "0", "missing_lines": 3, "excluded_lines": 0}, "missing_lines": [620, 628, 629], "excluded_lines": []}, "TestGapAnalysis.test_calculate_gap_severity_moderate": {"executed_lines": [], "summary": {"covered_lines": 0, "num_statements": 3, "percent_covered": 0.0, "percent_covered_display": "0", "missing_lines": 3, "excluded_lines": 0}, "missing_lines": [640, 648, 649], "excluded_lines": []}, "TestGapAnalysis.test_calculate_gap_severity_critical": {"executed_lines": [], "summary": {"covered_lines": 0, "num_statements": 3, "percent_covered": 0.0, "percent_covered_display": "0", "missing_lines": 3, "excluded_lines": 0}, "missing_lines": [660, 668, 669], "excluded_lines": []}, "": {"executed_lines": [1, 18, 19, 20, 21, 24, 31, 32, 37, 38, 44, 45, 59, 60, 70, 71, 72, 73, 75, 125, 166, 207, 245, 276, 305, 334, 363, 364, 365, 367], "summary": {"covered_lines": 27, "num_statements": 37, "percent_covered": 72.97297297297297, "percent_covered_display": "73", "missing_lines": 10, "excluded_lines": 0}, "missing_lines": [414, 453, 491, 529, 557, 584, 612, 632, 652, 676], "excluded_lines": []}}, "classes": {"TestGapDetectionService": {"executed_lines": [85, 86, 87, 88, 91, 94, 95, 98, 99, 100, 101, 102, 103, 104, 106, 107, 108, 109, 112, 115, 118, 119, 120, 121, 122, 135, 136, 137, 138, 141, 143, 146, 147, 148, 149, 150, 151, 152, 154, 155, 156, 157, 160, 163, 176, 198, 201, 202, 203, 204, 217, 227, 238, 241, 242, 260, 268, 271, 272, 273, 286, 289, 297, 299, 301, 302, 315, 316, 319, 322, 331, 348, 356], "summary": {"covered_lines": 73, "num_statements": 73, "percent_covered": 100.0, "percent_covered_display": "100", "missing_lines": 0, "excluded_lines": 0}, "missing_lines": [], "excluded_lines": []}, "TestGapAnalysis": {"executed_lines": [375, 408, 409, 410, 411, 415], "summary": {"covered_lines": 5, "num_statements": 94, "percent_covered": 5.319148936170213, "percent_covered_display": "5", "missing_lines": 89, "excluded_lines": 0}, "missing_lines": [423, 424, 425, 426, 428, 429, 432, 433, 434, 435, 436, 437, 438, 440, 441, 442, 443, 446, 449, 450, 462, 463, 464, 465, 467, 468, 471, 472, 473, 474, 475, 476, 477, 479, 480, 481, 482, 485, 488, 500, 501, 502, 503, 505, 506, 509, 510, 511, 512, 513, 514, 515, 517, 518, 519, 520, 523, 526, 538, 539, 542, 545, 553, 554, 566, 567, 570, 573, 581, 593, 594, 595, 596, 598, 600, 601, 602, 605, 608, 609, 620, 628, 629, 640, 648, 649, 660, 668, 669], "excluded_lines": []}, "": {"executed_lines": [1, 18, 19, 20, 21, 24, 31, 32, 34, 37, 38, 40, 41, 44, 45, 47, 48, 51, 54, 56, 59, 60, 62, 63, 70, 71, 72, 73, 75, 125, 166, 207, 245, 276, 305, 334, 363, 364, 365, 367], "summary": {"covered_lines": 37, "num_statements": 47, "percent_covered": 78.72340425531915, "percent_covered_display": "79", "missing_lines": 10, "excluded_lines": 0}, "missing_lines": [414, 453, 491, 529, 557, 584, 612, 632, 652, 676], "excluded_lines": []}}}, "tests/unit/test_ree_service.py": {"executed_lines": [1, 15, 16, 17, 18, 21, 22, 29, 30, 32, 33, 34, 35, 38, 39, 41, 44, 45, 51, 77, 78, 79, 80, 82, 97, 98, 99, 100, 101, 106, 109, 115, 116, 117, 118, 121, 124, 137, 150, 153, 159, 160, 161, 164, 178, 179, 180, 181, 182, 187, 190, 191, 193, 196, 199, 213, 216, 217, 220, 221, 222, 223, 224, 225, 226, 227, 230, 244, 252, 255, 258, 259, 260, 261, 264, 265, 266, 273], "summary": {"covered_lines": 76, "num_statements": 76, "percent_covered": 100.0, "percent_covered_display": "100", "missing_lines": 0, "excluded_lines": 0}, "missing_lines": [], "excluded_lines": [], "functions": {"mock_influxdb_client": {"executed_lines": [32, 33, 34, 35], "summary": {"covered_lines": 4, "num_statements": 4, "percent_covered": 100.0, "percent_covered_display": "100", "missing_lines": 0, "excluded_lines": 0}, "missing_lines": [], "excluded_lines": []}, "ree_service": {"executed_lines": [41], "summary": {"covered_lines": 1, "num_statements": 1, "percent_covered": 100.0, "percent_covered_display": "100", "missing_lines": 0, "excluded_lines": 0}, "missing_lines": [], "excluded_lines": []}, "sample_ree_api_response": {"executed_lines": [51], "summary": {"covered_lines": 1, "num_statements": 1, "percent_covered": 100.0, "percent_covered_display": "100", "missing_lines": 0, "excluded_lines": 0}, "missing_lines": [], "excluded_lines": []}, "TestREEService.test_fetch_current_prices_success": {"executed_lines": [97, 98, 99, 100, 101, 106, 109, 115, 116, 117, 118, 121], "summary": {"covered_lines": 12, "num_statements": 12, "percent_covered": 100.0, "percent_covered_display": "100", "missing_lines": 0, "excluded_lines": 0}, "missing_lines": [], "excluded_lines": []}, "TestREEService.test_fetch_historical_prices": {"executed_lines": [137, 150, 153, 159, 160, 161], "summary": {"covered_lines": 6, "num_statements": 6, "percent_covered": 100.0, "percent_covered_display": "100", "missing_lines": 0, "excluded_lines": 0}, "missing_lines": [], "excluded_lines": []}, "TestREEService.test_handle_ree_api_errors": {"executed_lines": [178, 179, 180, 181, 182, 187, 190, 191, 193, 196], "summary": {"covered_lines": 10, "num_statements": 10, "percent_covered": 100.0, "percent_covered_display": "100", "missing_lines": 0, "excluded_lines": 0}, "missing_lines": [], "excluded_lines": []}, "TestREEService.test_transform_ree_data_to_influx": {"executed_lines": [213, 216, 217, 220, 221, 222, 223, 224, 225, 226, 227], "summary": {"covered_lines": 11, "num_statements": 11, "percent_covered": 100.0, "percent_covered_display": "100", "missing_lines": 0, "excluded_lines": 0}, "missing_lines": [], "excluded_lines": []}, "TestREEService.test_get_latest_price": {"executed_lines": [244, 252, 255, 258, 259, 260, 261, 264, 265, 266], "summary": {"covered_lines": 10, "num_statements": 10, "percent_covered": 100.0, "percent_covered_display": "100", "missing_lines": 0, "excluded_lines": 0}, "missing_lines": [], "excluded_lines": []}, "": {"executed_lines": [1, 15, 16, 17, 18, 21, 22, 29, 30, 38, 39, 44, 45, 77, 78, 79, 80, 82, 124, 164, 199, 230, 273], "summary": {"covered_lines": 21, "num_statements": 21, "percent_covered": 100.0, "percent_covered_display": "100", "missing_lines": 0, "excluded_lines": 0}, "missing_lines": [], "excluded_lines": []}}, "classes": {"TestREEService": {"executed_lines": [97, 98, 99, 100, 101, 106, 109, 115, 116, 117, 118, 121, 137, 150, 153, 159, 160, 161, 178, 179, 180, 181, 182, 187, 190, 191, 193, 196, 213, 216, 217, 220, 221, 222, 223, 224, 225, 226, 227, 244, 252, 255, 258, 259, 260, 261, 264, 265, 266], "summary": {"covered_lines": 49, "num_statements": 49, "percent_covered": 100.0, "percent_covered_display": "100", "missing_lines": 0, "excluded_lines": 0}, "missing_lines": [], "excluded_lines": []}, "": {"executed_lines": [1, 15, 16, 17, 18, 21, 22, 29, 30, 32, 33, 34, 35, 38, 39, 41, 44, 45, 51, 77, 78, 79, 80, 82, 124, 164, 199, 230, 273], "summary": {"covered_lines": 27, "num_statements": 27, "percent_covered": 100.0, "percent_covered_display": "100", "missing_lines": 0, "excluded_lines": 0}, "missing_lines": [], "excluded_lines": []}}}, "tests/unit/test_weather_service.py": {"executed_lines": [1, 15, 16, 17, 18, 21, 22, 23, 30, 31, 33, 34, 35, 36, 39, 40, 42, 43, 44, 47, 48, 50, 56, 57, 59, 62, 63, 65, 78, 79, 81, 96, 97, 98, 99, 101, 116, 117, 118, 119, 120, 125, 131, 132, 133, 136, 139, 152, 153, 154, 155, 156, 161, 162, 165, 172, 173, 174, 175, 177, 191, 192, 193, 194, 195, 200, 203, 204, 205, 206, 209, 224, 227, 228, 229, 230, 231, 236, 239, 240, 241, 244, 258, 260, 261, 262, 263, 264, 269, 272, 273, 274, 281, 282, 283, 285, 299, 302, 303, 305, 306, 307, 308, 309, 310, 311, 312, 319], "summary": {"covered_lines": 104, "num_statements": 104, "percent_covered": 100.0, "percent_covered_display": "100", "missing_lines": 0, "excluded_lines": 0}, "missing_lines": [], "excluded_lines": [], "functions": {"mock_influxdb_client": {"executed_lines": [33, 34, 35, 36], "summary": {"covered_lines": 4, "num_statements": 4, "percent_covered": 100.0, "percent_covered_display": "100", "missing_lines": 0, "excluded_lines": 0}, "missing_lines": [], "excluded_lines": []}, "mock_aemet_service": {"executed_lines": [42, 43, 44], "summary": {"covered_lines": 3, "num_statements": 3, "percent_covered": 100.0, "percent_covered_display": "100", "missing_lines": 0, "excluded_lines": 0}, "missing_lines": [], "excluded_lines": []}, "weather_service": {"executed_lines": [50], "summary": {"covered_lines": 1, "num_statements": 1, "percent_covered": 100.0, "percent_covered_display": "100", "missing_lines": 0, "excluded_lines": 0}, "missing_lines": [], "excluded_lines": []}, "aemet_service": {"executed_lines": [59], "summary": {"covered_lines": 1, "num_statements": 1, "percent_covered": 100.0, "percent_covered_display": "100", "missing_lines": 0, "excluded_lines": 0}, "missing_lines": [], "excluded_lines": []}, "sample_aemet_response": {"executed_lines": [65], "summary": {"covered_lines": 1, "num_statements": 1, "percent_covered": 100.0, "percent_covered_display": "100", "missing_lines": 0, "excluded_lines": 0}, "missing_lines": [], "excluded_lines": []}, "sample_openweather_response": {"executed_lines": [81], "summary": {"covered_lines": 1, "num_statements": 1, "percent_covered": 100.0, "percent_covered_display": "100", "missing_lines": 0, "excluded_lines": 0}, "missing_lines": [], "excluded_lines": []}, "TestAEMETService.test_fetch_aemet_data_success": {"executed_lines": [116, 117, 118, 119, 120, 125, 131, 132, 133, 136], "summary": {"covered_lines": 10, "num_statements": 10, "percent_covered": 100.0, "percent_covered_display": "100", "missing_lines": 0, "excluded_lines": 0}, "missing_lines": [], "excluded_lines": []}, "TestAEMETService.test_handle_aemet_api_errors": {"executed_lines": [152, 153, 154, 155, 156, 161, 162, 165], "summary": {"covered_lines": 8, "num_statements": 8, "percent_covered": 100.0, "percent_covered_display": "100", "missing_lines": 0, "excluded_lines": 0}, "missing_lines": [], "excluded_lines": []}, "TestWeatherAggregationService.test_fetch_openweather_data": {"executed_lines": [191, 192, 193, 194, 195, 200, 203, 204, 205, 206], "summary": {"covered_lines": 10, "num_statements": 10, "percent_covered": 100.0, "percent_covered_display": "100", "missing_lines": 0, "excluded_lines": 0}, "missing_lines": [], "excluded_lines": []}, "TestWeatherAggregationService.test_hybrid_weather_fallback_aemet_to_owm": {"executed_lines": [224, 227, 228, 229, 230, 231, 236, 239, 240, 241], "summary": {"covered_lines": 10, "num_statements": 10, "percent_covered": 100.0, "percent_covered_display": "100", "missing_lines": 0, "excluded_lines": 0}, "missing_lines": [], "excluded_lines": []}, "TestWeatherAggregationService.test_handle_weather_api_timeout": {"executed_lines": [258, 260, 261, 262, 263, 264, 269, 272, 273, 274], "summary": {"covered_lines": 10, "num_statements": 10, "percent_covered": 100.0, "percent_covered_display": "100", "missing_lines": 0, "excluded_lines": 0}, "missing_lines": [], "excluded_lines": []}, "TestWeatherDataTransformation.test_transform_aemet_to_influx": {"executed_lines": [299, 302, 303, 305, 306, 307, 308, 309, 310, 311, 312], "summary": {"covered_lines": 11, "num_statements": 11, "percent_covered": 100.0, "percent_covered_display": "100", "missing_lines": 0, "excluded_lines": 0}, "missing_lines": [], "excluded_lines": []}, "": {"executed_lines": [1, 15, 16, 17, 18, 21, 22, 23, 30, 31, 39, 40, 47, 48, 56, 57, 62, 63, 78, 79, 96, 97, 98, 99, 101, 139, 172, 173, 174, 175, 177, 209, 244, 281, 282, 283, 285, 319], "summary": {"covered_lines": 34, "num_statements": 34, "percent_covered": 100.0, "percent_covered_display": "100", "missing_lines": 0, "excluded_lines": 0}, "missing_lines": [], "excluded_lines": []}}, "classes": {"TestAEMETService": {"executed_lines": [116, 117, 118, 119, 120, 125, 131, 132, 133, 136, 152, 153, 154, 155, 156, 161, 162, 165], "summary": {"covered_lines": 18, "num_statements": 18, "percent_covered": 100.0, "percent_covered_display": "100", "missing_lines": 0, "excluded_lines": 0}, "missing_lines": [], "excluded_lines": []}, "TestWeatherAggregationService": {"executed_lines": [191, 192, 193, 194, 195, 200, 203, 204, 205, 206, 224, 227, 228, 229, 230, 231, 236, 239, 240, 241, 258, 260, 261, 262, 263, 264, 269, 272, 273, 274], "summary": {"covered_lines": 30, "num_statements": 30, "percent_covered": 100.0, "percent_covered_display": "100", "missing_lines": 0, "excluded_lines": 0}, "missing_lines": [], "excluded_lines": []}, "TestWeatherDataTransformation": {"executed_lines": [299, 302, 303, 305, 306, 307, 308, 309, 310, 311, 312], "summary": {"covered_lines": 11, "num_statements": 11, "percent_covered": 100.0, "percent_covered_display": "100", "missing_lines": 0, "excluded_lines": 0}, "missing_lines": [], "excluded_lines": []}, "": {"executed_lines": [1, 15, 16, 17, 18, 21, 22, 23, 30, 31, 33, 34, 35, 36, 39, 40, 42, 43, 44, 47, 48, 50, 56, 57, 59, 62, 63, 65, 78, 79, 81, 96, 97, 98, 99, 101, 139, 172, 173, 174, 175, 177, 209, 244, 281, 282, 283, 285, 319], "summary": {"covered_lines": 45, "num_statements": 45, "percent_covered": 100.0, "percent_covered_display": "100", "missing_lines": 0, "excluded_lines": 0}, "missing_lines": [], "excluded_lines": []}}}}, "totals": {"covered_lines": 3433, "num_statements": 10639, "percent_covered": 32.268070307359714, "percent_covered_display": "32", "missing_lines": 7206, "excluded_lines": 1}}